0:0:0:0:0:0:0:1 - - [11/Feb/2018:22:05:51 +0100] "GET / HTTP/1.1" 200 46566
0:0:0:0:0:0:0:1 - - [11/Feb/2018:22:05:51 +0100] "GET /css/discord.css HTTP/1.1" 200 219
0:0:0:0:0:0:0:1 - - [11/Feb/2018:22:05:51 +0100] "GET /js/main.js HTTP/1.1" 200 3573
0:0:0:0:0:0:0:1 - - [11/Feb/2018:22:05:51 +0100] "GET /css/modal.css HTTP/1.1" 200 3213
0:0:0:0:0:0:0:1 - - [11/Feb/2018:22:05:51 +0100] "GET /css/style.css HTTP/1.1" 200 4167
0:0:0:0:0:0:0:1 - - [11/Feb/2018:22:05:51 +0100] "GET /images/tabard.png HTTP/1.1" 200 65088
0:0:0:0:0:0:0:1 - - [11/Feb/2018:22:05:51 +0100] "GET /images/shivarra.png HTTP/1.1" 200 200687
0:0:0:0:0:0:0:1 - - [11/Feb/2018:22:05:51 +0100] "GET /images/varimathras.png HTTP/1.1" 200 153048
0:0:0:0:0:0:0:1 - - [11/Feb/2018:22:05:51 +0100] "GET /images/classes/DeathKnight-Frost.jpg HTTP/1.1" 200 1145
0:0:0:0:0:0:0:1 - - [11/Feb/2018:22:05:51 +0100] "GET /images/kingaroth.png HTTP/1.1" 200 205312
0:0:0:0:0:0:0:1 - - [11/Feb/2018:22:05:51 +0100] "GET /images/tabard_main.png HTTP/1.1" 200 67432
0:0:0:0:0:0:0:1 - - [11/Feb/2018:22:05:51 +0100] "GET /images/classes/DemonHunter-Havoc.jpg HTTP/1.1" 200 977
0:0:0:0:0:0:0:1 - - [11/Feb/2018:22:05:51 +0100] "GET /images/classes/DeathKnight-Unholy.jpg HTTP/1.1" 200 1105
0:0:0:0:0:0:0:1 - - [11/Feb/2018:22:05:51 +0100] "GET /images/classes/DemonHunter-Vengeance.jpg HTTP/1.1" 200 1133
0:0:0:0:0:0:0:1 - - [11/Feb/2018:22:05:51 +0100] "GET /images/classes/Druid-Balance.jpg HTTP/1.1" 200 973
0:0:0:0:0:0:0:1 - - [11/Feb/2018:22:05:51 +0100] "GET /images/classes/Druid-Restoration.jpg HTTP/1.1" 200 1030
0:0:0:0:0:0:0:1 - - [11/Feb/2018:22:05:51 +0100] "GET /images/classes/DeathKnight-Blood.jpg HTTP/1.1" 200 1071
0:0:0:0:0:0:0:1 - - [11/Feb/2018:22:05:51 +0100] "GET /images/classes/Druid-Guardian.jpg HTTP/1.1" 200 1040
0:0:0:0:0:0:0:1 - - [11/Feb/2018:22:05:51 +0100] "GET /images/classes/Mage-Arcane.jpg HTTP/1.1" 200 1240
0:0:0:0:0:0:0:1 - - [11/Feb/2018:22:05:51 +0100] "GET /images/classes/Druid-Feral.jpg HTTP/1.1" 200 1080
0:0:0:0:0:0:0:1 - - [11/Feb/2018:22:05:51 +0100] "GET /images/classes/Hunter-Marksmanship.jpg HTTP/1.1" 200 1185
0:0:0:0:0:0:0:1 - - [11/Feb/2018:22:05:51 +0100] "GET /images/classes/Hunter-Survival.jpg HTTP/1.1" 200 1120
0:0:0:0:0:0:0:1 - - [11/Feb/2018:22:05:51 +0100] "GET /images/classes/Mage-Fire.jpg HTTP/1.1" 200 1003
0:0:0:0:0:0:0:1 - - [11/Feb/2018:22:05:51 +0100] "GET /images/classes/Hunter-BeastMastery.jpg HTTP/1.1" 200 1186
0:0:0:0:0:0:0:1 - - [11/Feb/2018:22:05:51 +0100] "GET /images/classes/Mage-Frost.jpg HTTP/1.1" 200 853
0:0:0:0:0:0:0:1 - - [11/Feb/2018:22:05:51 +0100] "GET /images/classes/Paladin-Protection.jpg HTTP/1.1" 200 1242
0:0:0:0:0:0:0:1 - - [11/Feb/2018:22:05:51 +0100] "GET /images/classes/Monk-Windwalker.jpg HTTP/1.1" 200 1174
0:0:0:0:0:0:0:1 - - [11/Feb/2018:22:05:51 +0100] "GET /images/classes/Paladin-Holy.jpg HTTP/1.1" 200 1072
0:0:0:0:0:0:0:1 - - [11/Feb/2018:22:05:51 +0100] "GET /images/classes/Monk-Brewmaster.jpg HTTP/1.1" 200 1148
0:0:0:0:0:0:0:1 - - [11/Feb/2018:22:05:51 +0100] "GET /images/classes/Monk-Mistweaver.jpg HTTP/1.1" 200 1261
0:0:0:0:0:0:0:1 - - [11/Feb/2018:22:05:51 +0100] "GET /images/classes/Paladin-Retribution.jpg HTTP/1.1" 200 1255
0:0:0:0:0:0:0:1 - - [11/Feb/2018:22:05:51 +0100] "GET /images/classes/Rogue-Outlaw.jpg HTTP/1.1" 200 1563
0:0:0:0:0:0:0:1 - - [11/Feb/2018:22:05:51 +0100] "GET /images/classes/Rogue-Subtlety.jpg HTTP/1.1" 200 1054
0:0:0:0:0:0:0:1 - - [11/Feb/2018:22:05:51 +0100] "GET /images/classes/Rogue-Assassination.jpg HTTP/1.1" 200 1181
0:0:0:0:0:0:0:1 - - [11/Feb/2018:22:05:51 +0100] "GET /images/classes/Shaman-Enhancement.jpg HTTP/1.1" 200 1293
0:0:0:0:0:0:0:1 - - [11/Feb/2018:22:05:51 +0100] "GET /images/classes/Shaman-Elemental.jpg HTTP/1.1" 200 965
0:0:0:0:0:0:0:1 - - [11/Feb/2018:22:05:51 +0100] "GET /images/classes/Warlock-Destruction.jpg HTTP/1.1" 200 1136
0:0:0:0:0:0:0:1 - - [11/Feb/2018:22:05:51 +0100] "GET /images/classes/Warrior-Fury.jpg HTTP/1.1" 200 1144
0:0:0:0:0:0:0:1 - - [11/Feb/2018:22:05:51 +0100] "GET /images/classes/Shaman-Restoration.jpg HTTP/1.1" 200 1302
0:0:0:0:0:0:0:1 - - [11/Feb/2018:22:05:51 +0100] "GET /images/classes/Warlock-Affliction.jpg HTTP/1.1" 200 1239
0:0:0:0:0:0:0:1 - - [11/Feb/2018:22:05:51 +0100] "GET /images/classes/Warrior-Arms.jpg HTTP/1.1" 200 1048
0:0:0:0:0:0:0:1 - - [11/Feb/2018:22:05:51 +0100] "GET /images/classes/Warlock-Demonology.jpg HTTP/1.1" 200 1093
0:0:0:0:0:0:0:1 - - [11/Feb/2018:22:05:51 +0100] "GET /images/classes/Warrior-Protection.jpg HTTP/1.1" 200 1126
0:0:0:0:0:0:0:1 - - [11/Feb/2018:22:05:51 +0100] "GET /images/wowanalyzer.png HTTP/1.1" 200 140597
0:0:0:0:0:0:0:1 - - [11/Feb/2018:22:05:51 +0100] "GET /images/banner.png HTTP/1.1" 200 814089
0:0:0:0:0:0:0:1 - - [11/Feb/2018:22:05:52 +0100] "GET /images/varimathras-guild1.png HTTP/1.1" 200 2008677
0:0:0:0:0:0:0:1 - - [11/Feb/2018:22:05:53 +0100] "GET /images/favicon-32x32.png HTTP/1.1" 200 2719
0:0:0:0:0:0:0:1 - - [11/Feb/2018:22:14:58 +0100] "GET / HTTP/1.1" 200 55850
0:0:0:0:0:0:0:1 - - [11/Feb/2018:22:14:58 +0100] "GET /css/discord.css HTTP/1.1" 200 219
0:0:0:0:0:0:0:1 - - [11/Feb/2018:22:14:58 +0100] "GET /css/style.css HTTP/1.1" 200 4167
0:0:0:0:0:0:0:1 - - [11/Feb/2018:22:14:58 +0100] "GET /css/modal.css HTTP/1.1" 200 3213
0:0:0:0:0:0:0:1 - - [11/Feb/2018:22:14:58 +0100] "GET /js/main.js HTTP/1.1" 200 3573
0:0:0:0:0:0:0:1 - - [11/Feb/2018:22:14:58 +0100] "GET /images/tabard.png HTTP/1.1" 200 65088
0:0:0:0:0:0:0:1 - - [11/Feb/2018:22:14:58 +0100] "GET /images/shivarra.png HTTP/1.1" 200 200687
0:0:0:0:0:0:0:1 - - [11/Feb/2018:22:14:58 +0100] "GET /images/varimathras.png HTTP/1.1" 200 153048
0:0:0:0:0:0:0:1 - - [11/Feb/2018:22:14:59 +0100] "GET /images/kingaroth.png HTTP/1.1" 200 205312
0:0:0:0:0:0:0:1 - - [11/Feb/2018:22:14:59 +0100] "GET /images/classes/DeathKnight-Frost.jpg HTTP/1.1" 200 1145
0:0:0:0:0:0:0:1 - - [11/Feb/2018:22:14:59 +0100] "GET /images/classes/DemonHunter-Vengeance.jpg HTTP/1.1" 200 1133
0:0:0:0:0:0:0:1 - - [11/Feb/2018:22:14:59 +0100] "GET /images/classes/Druid-Balance.jpg HTTP/1.1" 200 973
0:0:0:0:0:0:0:1 - - [11/Feb/2018:22:14:59 +0100] "GET /images/tabard_main.png HTTP/1.1" 200 67432
0:0:0:0:0:0:0:1 - - [11/Feb/2018:22:14:59 +0100] "GET /images/classes/Druid-Feral.jpg HTTP/1.1" 200 1080
0:0:0:0:0:0:0:1 - - [11/Feb/2018:22:14:59 +0100] "GET /images/classes/DeathKnight-Unholy.jpg HTTP/1.1" 200 1105
0:0:0:0:0:0:0:1 - - [11/Feb/2018:22:14:59 +0100] "GET /images/classes/DemonHunter-Havoc.jpg HTTP/1.1" 200 977
0:0:0:0:0:0:0:1 - - [11/Feb/2018:22:14:59 +0100] "GET /images/classes/Hunter-BeastMastery.jpg HTTP/1.1" 200 1186
0:0:0:0:0:0:0:1 - - [11/Feb/2018:22:14:59 +0100] "GET /images/classes/Hunter-Marksmanship.jpg HTTP/1.1" 200 1185
0:0:0:0:0:0:0:1 - - [11/Feb/2018:22:14:59 +0100] "GET /images/classes/DeathKnight-Blood.jpg HTTP/1.1" 200 1071
0:0:0:0:0:0:0:1 - - [11/Feb/2018:22:14:59 +0100] "GET /images/classes/Hunter-Survival.jpg HTTP/1.1" 200 1120
0:0:0:0:0:0:0:1 - - [11/Feb/2018:22:14:59 +0100] "GET /images/classes/Druid-Guardian.jpg HTTP/1.1" 200 1040
0:0:0:0:0:0:0:1 - - [11/Feb/2018:22:14:59 +0100] "GET /images/classes/Druid-Restoration.jpg HTTP/1.1" 200 1030
0:0:0:0:0:0:0:1 - - [11/Feb/2018:22:14:59 +0100] "GET /images/classes/Monk-Brewmaster.jpg HTTP/1.1" 200 1148
0:0:0:0:0:0:0:1 - - [11/Feb/2018:22:14:59 +0100] "GET /images/classes/Mage-Arcane.jpg HTTP/1.1" 200 1240
0:0:0:0:0:0:0:1 - - [11/Feb/2018:22:14:59 +0100] "GET /images/classes/Mage-Fire.jpg HTTP/1.1" 200 1003
0:0:0:0:0:0:0:1 - - [11/Feb/2018:22:14:59 +0100] "GET /images/classes/Mage-Frost.jpg HTTP/1.1" 200 853
0:0:0:0:0:0:0:1 - - [11/Feb/2018:22:14:59 +0100] "GET /images/classes/Monk-Windwalker.jpg HTTP/1.1" 200 1174
0:0:0:0:0:0:0:1 - - [11/Feb/2018:22:14:59 +0100] "GET /images/classes/Monk-Mistweaver.jpg HTTP/1.1" 200 1261
0:0:0:0:0:0:0:1 - - [11/Feb/2018:22:14:59 +0100] "GET /images/classes/Paladin-Holy.jpg HTTP/1.1" 200 1072
0:0:0:0:0:0:0:1 - - [11/Feb/2018:22:14:59 +0100] "GET /images/classes/Paladin-Protection.jpg HTTP/1.1" 200 1242
0:0:0:0:0:0:0:1 - - [11/Feb/2018:22:14:59 +0100] "GET /images/classes/Rogue-Subtlety.jpg HTTP/1.1" 200 1054
0:0:0:0:0:0:0:1 - - [11/Feb/2018:22:14:59 +0100] "GET /images/classes/Rogue-Assassination.jpg HTTP/1.1" 200 1181
0:0:0:0:0:0:0:1 - - [11/Feb/2018:22:14:59 +0100] "GET /images/classes/Shaman-Enhancement.jpg HTTP/1.1" 200 1293
0:0:0:0:0:0:0:1 - - [11/Feb/2018:22:14:59 +0100] "GET /images/classes/Shaman-Elemental.jpg HTTP/1.1" 200 965
0:0:0:0:0:0:0:1 - - [11/Feb/2018:22:14:59 +0100] "GET /images/classes/Paladin-Retribution.jpg HTTP/1.1" 200 1255
0:0:0:0:0:0:0:1 - - [11/Feb/2018:22:14:59 +0100] "GET /images/classes/Rogue-Outlaw.jpg HTTP/1.1" 200 1563
0:0:0:0:0:0:0:1 - - [11/Feb/2018:22:14:59 +0100] "GET /images/classes/Warrior-Arms.jpg HTTP/1.1" 200 1048
0:0:0:0:0:0:0:1 - - [11/Feb/2018:22:14:59 +0100] "GET /images/classes/Warlock-Affliction.jpg HTTP/1.1" 200 1239
0:0:0:0:0:0:0:1 - - [11/Feb/2018:22:14:59 +0100] "GET /images/classes/Warlock-Destruction.jpg HTTP/1.1" 200 1136
0:0:0:0:0:0:0:1 - - [11/Feb/2018:22:14:59 +0100] "GET /images/classes/Warlock-Demonology.jpg HTTP/1.1" 200 1093
0:0:0:0:0:0:0:1 - - [11/Feb/2018:22:14:59 +0100] "GET /images/classes/Shaman-Restoration.jpg HTTP/1.1" 200 1302
0:0:0:0:0:0:0:1 - - [11/Feb/2018:22:14:59 +0100] "GET /images/classes/Warrior-Fury.jpg HTTP/1.1" 200 1144
0:0:0:0:0:0:0:1 - - [11/Feb/2018:22:14:59 +0100] "GET /images/classes/Warrior-Protection.jpg HTTP/1.1" 200 1126
0:0:0:0:0:0:0:1 - - [11/Feb/2018:22:14:59 +0100] "GET /images/banner.png HTTP/1.1" 200 814089
0:0:0:0:0:0:0:1 - - [11/Feb/2018:22:14:59 +0100] "GET /images/shivarra-guild1.png HTTP/1.1" 404 141
0:0:0:0:0:0:0:1 - - [11/Feb/2018:22:14:59 +0100] "GET /images/wowanalyzer.png HTTP/1.1" 200 140597
0:0:0:0:0:0:0:1 - - [11/Feb/2018:22:14:59 +0100] "GET /images/varimathras-guild1.png HTTP/1.1" 200 2008677
0:0:0:0:0:0:0:1 - - [11/Feb/2018:22:15:01 +0100] "GET /images/favicon-32x32.png HTTP/1.1" 200 2719
0:0:0:0:0:0:0:1 - - [11/Feb/2018:22:26:22 +0100] "GET / HTTP/1.1" 200 56059
0:0:0:0:0:0:0:1 - - [11/Feb/2018:22:26:22 +0100] "GET /css/discord.css HTTP/1.1" 200 219
0:0:0:0:0:0:0:1 - - [11/Feb/2018:22:26:22 +0100] "GET /css/modal.css HTTP/1.1" 200 3213
0:0:0:0:0:0:0:1 - - [11/Feb/2018:22:26:22 +0100] "GET /css/style.css HTTP/1.1" 200 4167
0:0:0:0:0:0:0:1 - - [11/Feb/2018:22:26:22 +0100] "GET /js/main.js HTTP/1.1" 200 3573
0:0:0:0:0:0:0:1 - - [11/Feb/2018:22:26:22 +0100] "GET /images/tabard.png HTTP/1.1" 200 65088
0:0:0:0:0:0:0:1 - - [11/Feb/2018:22:26:23 +0100] "GET /images/shivarra.png HTTP/1.1" 200 200687
0:0:0:0:0:0:0:1 - - [11/Feb/2018:22:26:23 +0100] "GET /images/varimathras.png HTTP/1.1" 200 153048
0:0:0:0:0:0:0:1 - - [11/Feb/2018:22:26:23 +0100] "GET /images/kingaroth.png HTTP/1.1" 200 205312
0:0:0:0:0:0:0:1 - - [11/Feb/2018:22:26:23 +0100] "GET /images/tabard_main.png HTTP/1.1" 200 67432
0:0:0:0:0:0:0:1 - - [11/Feb/2018:22:26:23 +0100] "GET /images/classes/DeathKnight-Blood.jpg HTTP/1.1" 200 1071
0:0:0:0:0:0:0:1 - - [11/Feb/2018:22:26:23 +0100] "GET /images/classes/DeathKnight-Frost.jpg HTTP/1.1" 200 1145
0:0:0:0:0:0:0:1 - - [11/Feb/2018:22:26:23 +0100] "GET /images/classes/DeathKnight-Unholy.jpg HTTP/1.1" 200 1105
0:0:0:0:0:0:0:1 - - [11/Feb/2018:22:26:23 +0100] "GET /images/classes/DemonHunter-Havoc.jpg HTTP/1.1" 200 977
0:0:0:0:0:0:0:1 - - [11/Feb/2018:22:26:23 +0100] "GET /images/classes/DemonHunter-Vengeance.jpg HTTP/1.1" 200 1133
0:0:0:0:0:0:0:1 - - [11/Feb/2018:22:26:23 +0100] "GET /images/classes/Druid-Balance.jpg HTTP/1.1" 200 973
0:0:0:0:0:0:0:1 - - [11/Feb/2018:22:26:23 +0100] "GET /images/classes/Druid-Feral.jpg HTTP/1.1" 200 1080
0:0:0:0:0:0:0:1 - - [11/Feb/2018:22:26:23 +0100] "GET /images/classes/Druid-Guardian.jpg HTTP/1.1" 200 1040
0:0:0:0:0:0:0:1 - - [11/Feb/2018:22:26:23 +0100] "GET /images/classes/Druid-Restoration.jpg HTTP/1.1" 200 1030
0:0:0:0:0:0:0:1 - - [11/Feb/2018:22:26:23 +0100] "GET /images/classes/Hunter-BeastMastery.jpg HTTP/1.1" 200 1186
0:0:0:0:0:0:0:1 - - [11/Feb/2018:22:26:23 +0100] "GET /images/classes/Hunter-Marksmanship.jpg HTTP/1.1" 200 1185
0:0:0:0:0:0:0:1 - - [11/Feb/2018:22:26:23 +0100] "GET /images/classes/Hunter-Survival.jpg HTTP/1.1" 200 1120
0:0:0:0:0:0:0:1 - - [11/Feb/2018:22:26:23 +0100] "GET /images/classes/Mage-Arcane.jpg HTTP/1.1" 200 1240
0:0:0:0:0:0:0:1 - - [11/Feb/2018:22:26:23 +0100] "GET /images/classes/Mage-Fire.jpg HTTP/1.1" 200 1003
0:0:0:0:0:0:0:1 - - [11/Feb/2018:22:26:23 +0100] "GET /images/classes/Mage-Frost.jpg HTTP/1.1" 200 853
0:0:0:0:0:0:0:1 - - [11/Feb/2018:22:26:23 +0100] "GET /images/classes/Monk-Brewmaster.jpg HTTP/1.1" 200 1148
0:0:0:0:0:0:0:1 - - [11/Feb/2018:22:26:23 +0100] "GET /images/classes/Monk-Mistweaver.jpg HTTP/1.1" 200 1261
0:0:0:0:0:0:0:1 - - [11/Feb/2018:22:26:23 +0100] "GET /images/classes/Monk-Windwalker.jpg HTTP/1.1" 200 1174
0:0:0:0:0:0:0:1 - - [11/Feb/2018:22:26:23 +0100] "GET /images/classes/Paladin-Holy.jpg HTTP/1.1" 200 1072
0:0:0:0:0:0:0:1 - - [11/Feb/2018:22:26:23 +0100] "GET /images/classes/Paladin-Protection.jpg HTTP/1.1" 200 1242
0:0:0:0:0:0:0:1 - - [11/Feb/2018:22:26:23 +0100] "GET /images/classes/Paladin-Retribution.jpg HTTP/1.1" 200 1255
0:0:0:0:0:0:0:1 - - [11/Feb/2018:22:26:23 +0100] "GET /images/classes/Rogue-Assassination.jpg HTTP/1.1" 200 1181
0:0:0:0:0:0:0:1 - - [11/Feb/2018:22:26:23 +0100] "GET /images/classes/Rogue-Outlaw.jpg HTTP/1.1" 200 1563
0:0:0:0:0:0:0:1 - - [11/Feb/2018:22:26:23 +0100] "GET /images/classes/Rogue-Subtlety.jpg HTTP/1.1" 200 1054
0:0:0:0:0:0:0:1 - - [11/Feb/2018:22:26:23 +0100] "GET /images/classes/Shaman-Elemental.jpg HTTP/1.1" 200 965
0:0:0:0:0:0:0:1 - - [11/Feb/2018:22:26:23 +0100] "GET /images/classes/Shaman-Enhancement.jpg HTTP/1.1" 200 1293
0:0:0:0:0:0:0:1 - - [11/Feb/2018:22:26:23 +0100] "GET /images/classes/Shaman-Restoration.jpg HTTP/1.1" 200 1302
0:0:0:0:0:0:0:1 - - [11/Feb/2018:22:26:23 +0100] "GET /images/classes/Warlock-Affliction.jpg HTTP/1.1" 200 1239
0:0:0:0:0:0:0:1 - - [11/Feb/2018:22:26:23 +0100] "GET /images/classes/Warlock-Demonology.jpg HTTP/1.1" 200 1093
0:0:0:0:0:0:0:1 - - [11/Feb/2018:22:26:23 +0100] "GET /images/classes/Warlock-Destruction.jpg HTTP/1.1" 200 1136
0:0:0:0:0:0:0:1 - - [11/Feb/2018:22:26:23 +0100] "GET /images/classes/Warrior-Arms.jpg HTTP/1.1" 200 1048
0:0:0:0:0:0:0:1 - - [11/Feb/2018:22:26:23 +0100] "GET /images/classes/Warrior-Fury.jpg HTTP/1.1" 200 1144
0:0:0:0:0:0:0:1 - - [11/Feb/2018:22:26:23 +0100] "GET /images/classes/Warrior-Protection.jpg HTTP/1.1" 200 1126
0:0:0:0:0:0:0:1 - - [11/Feb/2018:22:26:23 +0100] "GET /images/wowanalyzer.png HTTP/1.1" 200 140597
0:0:0:0:0:0:0:1 - - [11/Feb/2018:22:26:23 +0100] "GET /images/banner.png HTTP/1.1" 200 814089
0:0:0:0:0:0:0:1 - - [11/Feb/2018:22:26:23 +0100] "GET /images/varimathras-guild1.png HTTP/1.1" 200 2008677
0:0:0:0:0:0:0:1 - - [11/Feb/2018:22:26:23 +0100] "GET /images/shivarra-guild1.png HTTP/1.1" 200 3109711
0:0:0:0:0:0:0:1 - - [11/Feb/2018:22:26:25 +0100] "GET /images/favicon-32x32.png HTTP/1.1" 200 2719
0:0:0:0:0:0:0:1 - - [11/Feb/2018:22:37:25 +0100] "GET / HTTP/1.1" 200 56116
0:0:0:0:0:0:0:1 - - [11/Feb/2018:22:37:25 +0100] "GET /js/main.js HTTP/1.1" 200 3573
0:0:0:0:0:0:0:1 - - [11/Feb/2018:22:37:25 +0100] "GET /css/modal.css HTTP/1.1" 200 3213
0:0:0:0:0:0:0:1 - - [11/Feb/2018:22:37:25 +0100] "GET /css/style.css HTTP/1.1" 200 4167
0:0:0:0:0:0:0:1 - - [11/Feb/2018:22:37:25 +0100] "GET /css/discord.css HTTP/1.1" 200 219
0:0:0:0:0:0:0:1 - - [11/Feb/2018:22:37:26 +0100] "GET /images/tabard.png HTTP/1.1" 200 65088
0:0:0:0:0:0:0:1 - - [11/Feb/2018:22:37:26 +0100] "GET /images/shivarra.png HTTP/1.1" 200 200687
0:0:0:0:0:0:0:1 - - [11/Feb/2018:22:37:26 +0100] "GET /images/varimathras.png HTTP/1.1" 200 153048
0:0:0:0:0:0:0:1 - - [11/Feb/2018:22:37:26 +0100] "GET /images/kingaroth.png HTTP/1.1" 200 205312
0:0:0:0:0:0:0:1 - - [11/Feb/2018:22:37:26 +0100] "GET /images/tabard_main.png HTTP/1.1" 200 67432
0:0:0:0:0:0:0:1 - - [11/Feb/2018:22:37:26 +0100] "GET /images/classes/DeathKnight-Blood.jpg HTTP/1.1" 200 1071
0:0:0:0:0:0:0:1 - - [11/Feb/2018:22:37:26 +0100] "GET /images/classes/DeathKnight-Frost.jpg HTTP/1.1" 200 1145
0:0:0:0:0:0:0:1 - - [11/Feb/2018:22:37:26 +0100] "GET /images/classes/DeathKnight-Unholy.jpg HTTP/1.1" 200 1105
0:0:0:0:0:0:0:1 - - [11/Feb/2018:22:37:26 +0100] "GET /images/classes/DemonHunter-Havoc.jpg HTTP/1.1" 200 977
0:0:0:0:0:0:0:1 - - [11/Feb/2018:22:37:26 +0100] "GET /images/classes/DemonHunter-Vengeance.jpg HTTP/1.1" 200 1133
0:0:0:0:0:0:0:1 - - [11/Feb/2018:22:37:26 +0100] "GET /images/classes/Druid-Balance.jpg HTTP/1.1" 200 973
0:0:0:0:0:0:0:1 - - [11/Feb/2018:22:37:26 +0100] "GET /images/classes/Druid-Guardian.jpg HTTP/1.1" 200 1040
0:0:0:0:0:0:0:1 - - [11/Feb/2018:22:37:26 +0100] "GET /images/classes/Hunter-BeastMastery.jpg HTTP/1.1" 200 1186
0:0:0:0:0:0:0:1 - - [11/Feb/2018:22:37:26 +0100] "GET /images/classes/Hunter-Marksmanship.jpg HTTP/1.1" 200 1185
0:0:0:0:0:0:0:1 - - [11/Feb/2018:22:37:26 +0100] "GET /images/classes/Druid-Feral.jpg HTTP/1.1" 200 1080
0:0:0:0:0:0:0:1 - - [11/Feb/2018:22:37:26 +0100] "GET /images/classes/Druid-Restoration.jpg HTTP/1.1" 200 1030
0:0:0:0:0:0:0:1 - - [11/Feb/2018:22:37:26 +0100] "GET /images/classes/Hunter-Survival.jpg HTTP/1.1" 200 1120
0:0:0:0:0:0:0:1 - - [11/Feb/2018:22:37:26 +0100] "GET /images/classes/Monk-Windwalker.jpg HTTP/1.1" 200 1174
0:0:0:0:0:0:0:1 - - [11/Feb/2018:22:37:26 +0100] "GET /images/classes/Mage-Fire.jpg HTTP/1.1" 200 1003
0:0:0:0:0:0:0:1 - - [11/Feb/2018:22:37:26 +0100] "GET /images/classes/Monk-Mistweaver.jpg HTTP/1.1" 200 1261
0:0:0:0:0:0:0:1 - - [11/Feb/2018:22:37:26 +0100] "GET /images/classes/Mage-Arcane.jpg HTTP/1.1" 200 1240
0:0:0:0:0:0:0:1 - - [11/Feb/2018:22:37:26 +0100] "GET /images/classes/Monk-Brewmaster.jpg HTTP/1.1" 200 1148
0:0:0:0:0:0:0:1 - - [11/Feb/2018:22:37:26 +0100] "GET /images/classes/Mage-Frost.jpg HTTP/1.1" 200 853
0:0:0:0:0:0:0:1 - - [11/Feb/2018:22:37:26 +0100] "GET /images/classes/Rogue-Outlaw.jpg HTTP/1.1" 200 1563
0:0:0:0:0:0:0:1 - - [11/Feb/2018:22:37:26 +0100] "GET /images/classes/Paladin-Holy.jpg HTTP/1.1" 200 1072
0:0:0:0:0:0:0:1 - - [11/Feb/2018:22:37:26 +0100] "GET /images/classes/Rogue-Assassination.jpg HTTP/1.1" 200 1181
0:0:0:0:0:0:0:1 - - [11/Feb/2018:22:37:26 +0100] "GET /images/classes/Paladin-Retribution.jpg HTTP/1.1" 200 1255
0:0:0:0:0:0:0:1 - - [11/Feb/2018:22:37:26 +0100] "GET /images/classes/Paladin-Protection.jpg HTTP/1.1" 200 1242
0:0:0:0:0:0:0:1 - - [11/Feb/2018:22:37:26 +0100] "GET /images/classes/Rogue-Subtlety.jpg HTTP/1.1" 200 1054
0:0:0:0:0:0:0:1 - - [11/Feb/2018:22:37:26 +0100] "GET /images/classes/Shaman-Elemental.jpg HTTP/1.1" 200 965
0:0:0:0:0:0:0:1 - - [11/Feb/2018:22:37:26 +0100] "GET /images/classes/Shaman-Enhancement.jpg HTTP/1.1" 200 1293
0:0:0:0:0:0:0:1 - - [11/Feb/2018:22:37:26 +0100] "GET /images/classes/Warlock-Affliction.jpg HTTP/1.1" 200 1239
0:0:0:0:0:0:0:1 - - [11/Feb/2018:22:37:26 +0100] "GET /images/classes/Shaman-Restoration.jpg HTTP/1.1" 200 1302
0:0:0:0:0:0:0:1 - - [11/Feb/2018:22:37:26 +0100] "GET /images/classes/Warlock-Demonology.jpg HTTP/1.1" 200 1093
0:0:0:0:0:0:0:1 - - [11/Feb/2018:22:37:26 +0100] "GET /images/classes/Warlock-Destruction.jpg HTTP/1.1" 200 1136
0:0:0:0:0:0:0:1 - - [11/Feb/2018:22:37:26 +0100] "GET /images/classes/Warrior-Fury.jpg HTTP/1.1" 200 1144
0:0:0:0:0:0:0:1 - - [11/Feb/2018:22:37:26 +0100] "GET /images/classes/Warrior-Protection.jpg HTTP/1.1" 200 1126
0:0:0:0:0:0:0:1 - - [11/Feb/2018:22:37:26 +0100] "GET /images/classes/Warrior-Arms.jpg HTTP/1.1" 200 1048
0:0:0:0:0:0:0:1 - - [11/Feb/2018:22:37:26 +0100] "GET /images/wowanalyzer.png HTTP/1.1" 200 140597
0:0:0:0:0:0:0:1 - - [11/Feb/2018:22:37:26 +0100] "GET /images/banner.png HTTP/1.1" 200 814089
0:0:0:0:0:0:0:1 - - [11/Feb/2018:22:37:26 +0100] "GET /images/varimathras-guild1.png HTTP/1.1" 200 2008677
0:0:0:0:0:0:0:1 - - [11/Feb/2018:22:37:27 +0100] "GET /images/shivarra-guild1.png HTTP/1.1" 200 3109711
0:0:0:0:0:0:0:1 - - [11/Feb/2018:22:37:28 +0100] "GET /images/favicon-32x32.png HTTP/1.1" 200 2719
0:0:0:0:0:0:0:1 - - [11/Feb/2018:22:37:46 +0100] "GET / HTTP/1.1" 200 56116
0:0:0:0:0:0:0:1 - - [11/Feb/2018:22:37:46 +0100] "GET /js/main.js HTTP/1.1" 200 3573
0:0:0:0:0:0:0:1 - - [11/Feb/2018:22:37:46 +0100] "GET /css/modal.css HTTP/1.1" 200 3213
0:0:0:0:0:0:0:1 - - [11/Feb/2018:22:37:46 +0100] "GET /css/discord.css HTTP/1.1" 200 219
0:0:0:0:0:0:0:1 - - [11/Feb/2018:22:37:46 +0100] "GET /css/style.css HTTP/1.1" 200 4167
0:0:0:0:0:0:0:1 - - [11/Feb/2018:22:37:46 +0100] "GET /images/tabard.png HTTP/1.1" 200 65088
0:0:0:0:0:0:0:1 - - [11/Feb/2018:22:37:46 +0100] "GET /images/shivarra.png HTTP/1.1" 200 200687
0:0:0:0:0:0:0:1 - - [11/Feb/2018:22:37:46 +0100] "GET /images/varimathras.png HTTP/1.1" 200 153048
0:0:0:0:0:0:0:1 - - [11/Feb/2018:22:37:46 +0100] "GET /images/kingaroth.png HTTP/1.1" 200 205312
0:0:0:0:0:0:0:1 - - [11/Feb/2018:22:37:46 +0100] "GET /images/tabard_main.png HTTP/1.1" 200 67432
0:0:0:0:0:0:0:1 - - [11/Feb/2018:22:37:46 +0100] "GET /images/classes/DeathKnight-Blood.jpg HTTP/1.1" 200 1071
0:0:0:0:0:0:0:1 - - [11/Feb/2018:22:37:46 +0100] "GET /images/classes/DeathKnight-Frost.jpg HTTP/1.1" 200 1145
0:0:0:0:0:0:0:1 - - [11/Feb/2018:22:37:46 +0100] "GET /images/classes/DeathKnight-Unholy.jpg HTTP/1.1" 200 1105
0:0:0:0:0:0:0:1 - - [11/Feb/2018:22:37:46 +0100] "GET /images/classes/DemonHunter-Havoc.jpg HTTP/1.1" 200 977
0:0:0:0:0:0:0:1 - - [11/Feb/2018:22:37:46 +0100] "GET /images/classes/DemonHunter-Vengeance.jpg HTTP/1.1" 200 1133
0:0:0:0:0:0:0:1 - - [11/Feb/2018:22:37:46 +0100] "GET /images/classes/Druid-Balance.jpg HTTP/1.1" 200 973
0:0:0:0:0:0:0:1 - - [11/Feb/2018:22:37:46 +0100] "GET /images/classes/Druid-Feral.jpg HTTP/1.1" 200 1080
0:0:0:0:0:0:0:1 - - [11/Feb/2018:22:37:46 +0100] "GET /images/classes/Druid-Guardian.jpg HTTP/1.1" 200 1040
0:0:0:0:0:0:0:1 - - [11/Feb/2018:22:37:46 +0100] "GET /images/classes/Druid-Restoration.jpg HTTP/1.1" 200 1030
0:0:0:0:0:0:0:1 - - [11/Feb/2018:22:37:46 +0100] "GET /images/classes/Hunter-BeastMastery.jpg HTTP/1.1" 200 1186
0:0:0:0:0:0:0:1 - - [11/Feb/2018:22:37:46 +0100] "GET /images/classes/Hunter-Marksmanship.jpg HTTP/1.1" 200 1185
0:0:0:0:0:0:0:1 - - [11/Feb/2018:22:37:46 +0100] "GET /images/classes/Hunter-Survival.jpg HTTP/1.1" 200 1120
0:0:0:0:0:0:0:1 - - [11/Feb/2018:22:37:46 +0100] "GET /images/classes/Mage-Arcane.jpg HTTP/1.1" 200 1240
0:0:0:0:0:0:0:1 - - [11/Feb/2018:22:37:46 +0100] "GET /images/classes/Mage-Fire.jpg HTTP/1.1" 200 1003
0:0:0:0:0:0:0:1 - - [11/Feb/2018:22:37:46 +0100] "GET /images/classes/Monk-Brewmaster.jpg HTTP/1.1" 200 1148
0:0:0:0:0:0:0:1 - - [11/Feb/2018:22:37:46 +0100] "GET /images/classes/Paladin-Holy.jpg HTTP/1.1" 200 1072
0:0:0:0:0:0:0:1 - - [11/Feb/2018:22:37:46 +0100] "GET /images/classes/Monk-Windwalker.jpg HTTP/1.1" 200 1174
0:0:0:0:0:0:0:1 - - [11/Feb/2018:22:37:46 +0100] "GET /images/classes/Paladin-Protection.jpg HTTP/1.1" 200 1242
0:0:0:0:0:0:0:1 - - [11/Feb/2018:22:37:46 +0100] "GET /images/classes/Mage-Frost.jpg HTTP/1.1" 200 853
0:0:0:0:0:0:0:1 - - [11/Feb/2018:22:37:46 +0100] "GET /images/classes/Monk-Mistweaver.jpg HTTP/1.1" 200 1261
0:0:0:0:0:0:0:1 - - [11/Feb/2018:22:37:46 +0100] "GET /images/classes/Rogue-Assassination.jpg HTTP/1.1" 200 1181
0:0:0:0:0:0:0:1 - - [11/Feb/2018:22:37:46 +0100] "GET /images/classes/Rogue-Outlaw.jpg HTTP/1.1" 200 1563
0:0:0:0:0:0:0:1 - - [11/Feb/2018:22:37:46 +0100] "GET /images/classes/Paladin-Retribution.jpg HTTP/1.1" 200 1255
0:0:0:0:0:0:0:1 - - [11/Feb/2018:22:37:46 +0100] "GET /images/classes/Shaman-Enhancement.jpg HTTP/1.1" 200 1293
0:0:0:0:0:0:0:1 - - [11/Feb/2018:22:37:46 +0100] "GET /images/classes/Shaman-Elemental.jpg HTTP/1.1" 200 965
0:0:0:0:0:0:0:1 - - [11/Feb/2018:22:37:46 +0100] "GET /images/classes/Rogue-Subtlety.jpg HTTP/1.1" 200 1054
0:0:0:0:0:0:0:1 - - [11/Feb/2018:22:37:46 +0100] "GET /images/classes/Warlock-Affliction.jpg HTTP/1.1" 200 1239
0:0:0:0:0:0:0:1 - - [11/Feb/2018:22:37:46 +0100] "GET /images/classes/Shaman-Restoration.jpg HTTP/1.1" 200 1302
0:0:0:0:0:0:0:1 - - [11/Feb/2018:22:37:46 +0100] "GET /images/classes/Warlock-Demonology.jpg HTTP/1.1" 200 1093
0:0:0:0:0:0:0:1 - - [11/Feb/2018:22:37:46 +0100] "GET /images/classes/Warrior-Arms.jpg HTTP/1.1" 200 1048
0:0:0:0:0:0:0:1 - - [11/Feb/2018:22:37:46 +0100] "GET /images/classes/Warlock-Destruction.jpg HTTP/1.1" 200 1136
0:0:0:0:0:0:0:1 - - [11/Feb/2018:22:37:46 +0100] "GET /images/classes/Warrior-Protection.jpg HTTP/1.1" 200 1126
0:0:0:0:0:0:0:1 - - [11/Feb/2018:22:37:46 +0100] "GET /images/classes/Warrior-Fury.jpg HTTP/1.1" 200 1144
0:0:0:0:0:0:0:1 - - [11/Feb/2018:22:37:46 +0100] "GET /images/wowanalyzer.png HTTP/1.1" 200 140597
0:0:0:0:0:0:0:1 - - [11/Feb/2018:22:37:46 +0100] "GET /images/banner.png HTTP/1.1" 200 814089
0:0:0:0:0:0:0:1 - - [11/Feb/2018:22:37:47 +0100] "GET /images/varimathras-guild1.png HTTP/1.1" 200 2008677
0:0:0:0:0:0:0:1 - - [11/Feb/2018:22:37:47 +0100] "GET /images/shivarra-guild1.png HTTP/1.1" 200 3109711
0:0:0:0:0:0:0:1 - - [11/Feb/2018:22:37:49 +0100] "GET /images/favicon-32x32.png HTTP/1.1" 200 2719
0:0:0:0:0:0:0:1 - - [11/Feb/2018:22:37:51 +0100] "GET / HTTP/1.1" 200 56116
0:0:0:0:0:0:0:1 - - [11/Feb/2018:22:37:51 +0100] "GET /js/main.js HTTP/1.1" 200 3573
0:0:0:0:0:0:0:1 - - [11/Feb/2018:22:37:51 +0100] "GET /css/modal.css HTTP/1.1" 200 3213
0:0:0:0:0:0:0:1 - - [11/Feb/2018:22:37:51 +0100] "GET /css/discord.css HTTP/1.1" 200 219
0:0:0:0:0:0:0:1 - - [11/Feb/2018:22:37:51 +0100] "GET /css/style.css HTTP/1.1" 200 4167
0:0:0:0:0:0:0:1 - - [11/Feb/2018:22:37:51 +0100] "GET /images/tabard.png HTTP/1.1" 200 65088
0:0:0:0:0:0:0:1 - - [11/Feb/2018:22:37:51 +0100] "GET /images/shivarra.png HTTP/1.1" 200 200687
0:0:0:0:0:0:0:1 - - [11/Feb/2018:22:37:51 +0100] "GET /images/varimathras.png HTTP/1.1" 200 153048
0:0:0:0:0:0:0:1 - - [11/Feb/2018:22:37:51 +0100] "GET /images/kingaroth.png HTTP/1.1" 200 205312
0:0:0:0:0:0:0:1 - - [11/Feb/2018:22:37:51 +0100] "GET /images/tabard_main.png HTTP/1.1" 200 67432
0:0:0:0:0:0:0:1 - - [11/Feb/2018:22:37:51 +0100] "GET /images/classes/DeathKnight-Blood.jpg HTTP/1.1" 200 1071
0:0:0:0:0:0:0:1 - - [11/Feb/2018:22:37:51 +0100] "GET /images/classes/DeathKnight-Frost.jpg HTTP/1.1" 200 1145
0:0:0:0:0:0:0:1 - - [11/Feb/2018:22:37:51 +0100] "GET /images/classes/DeathKnight-Unholy.jpg HTTP/1.1" 200 1105
0:0:0:0:0:0:0:1 - - [11/Feb/2018:22:37:51 +0100] "GET /images/classes/DemonHunter-Havoc.jpg HTTP/1.1" 200 977
0:0:0:0:0:0:0:1 - - [11/Feb/2018:22:37:51 +0100] "GET /images/classes/DemonHunter-Vengeance.jpg HTTP/1.1" 200 1133
0:0:0:0:0:0:0:1 - - [11/Feb/2018:22:37:51 +0100] "GET /images/classes/Druid-Balance.jpg HTTP/1.1" 200 973
0:0:0:0:0:0:0:1 - - [11/Feb/2018:22:37:51 +0100] "GET /images/classes/Druid-Feral.jpg HTTP/1.1" 200 1080
0:0:0:0:0:0:0:1 - - [11/Feb/2018:22:37:51 +0100] "GET /images/classes/Hunter-BeastMastery.jpg HTTP/1.1" 200 1186
0:0:0:0:0:0:0:1 - - [11/Feb/2018:22:37:51 +0100] "GET /images/classes/Druid-Guardian.jpg HTTP/1.1" 200 1040
0:0:0:0:0:0:0:1 - - [11/Feb/2018:22:37:51 +0100] "GET /images/classes/Hunter-Marksmanship.jpg HTTP/1.1" 200 1185
0:0:0:0:0:0:0:1 - - [11/Feb/2018:22:37:51 +0100] "GET /images/classes/Druid-Restoration.jpg HTTP/1.1" 200 1030
0:0:0:0:0:0:0:1 - - [11/Feb/2018:22:37:51 +0100] "GET /images/classes/Hunter-Survival.jpg HTTP/1.1" 200 1120
0:0:0:0:0:0:0:1 - - [11/Feb/2018:22:37:51 +0100] "GET /images/classes/Mage-Arcane.jpg HTTP/1.1" 200 1240
0:0:0:0:0:0:0:1 - - [11/Feb/2018:22:37:51 +0100] "GET /images/classes/Monk-Brewmaster.jpg HTTP/1.1" 200 1148
0:0:0:0:0:0:0:1 - - [11/Feb/2018:22:37:51 +0100] "GET /images/classes/Mage-Fire.jpg HTTP/1.1" 200 1003
0:0:0:0:0:0:0:1 - - [11/Feb/2018:22:37:51 +0100] "GET /images/classes/Mage-Frost.jpg HTTP/1.1" 200 853
0:0:0:0:0:0:0:1 - - [11/Feb/2018:22:37:51 +0100] "GET /images/classes/Paladin-Holy.jpg HTTP/1.1" 200 1072
0:0:0:0:0:0:0:1 - - [11/Feb/2018:22:37:51 +0100] "GET /images/classes/Monk-Mistweaver.jpg HTTP/1.1" 200 1261
0:0:0:0:0:0:0:1 - - [11/Feb/2018:22:37:51 +0100] "GET /images/classes/Monk-Windwalker.jpg HTTP/1.1" 200 1174
0:0:0:0:0:0:0:1 - - [11/Feb/2018:22:37:51 +0100] "GET /images/classes/Paladin-Protection.jpg HTTP/1.1" 200 1242
0:0:0:0:0:0:0:1 - - [11/Feb/2018:22:37:51 +0100] "GET /images/classes/Rogue-Subtlety.jpg HTTP/1.1" 200 1054
0:0:0:0:0:0:0:1 - - [11/Feb/2018:22:37:51 +0100] "GET /images/classes/Shaman-Elemental.jpg HTTP/1.1" 200 965
0:0:0:0:0:0:0:1 - - [11/Feb/2018:22:37:51 +0100] "GET /images/classes/Rogue-Assassination.jpg HTTP/1.1" 200 1181
0:0:0:0:0:0:0:1 - - [11/Feb/2018:22:37:51 +0100] "GET /images/classes/Rogue-Outlaw.jpg HTTP/1.1" 200 1563
0:0:0:0:0:0:0:1 - - [11/Feb/2018:22:37:51 +0100] "GET /images/classes/Shaman-Enhancement.jpg HTTP/1.1" 200 1293
0:0:0:0:0:0:0:1 - - [11/Feb/2018:22:37:51 +0100] "GET /images/classes/Paladin-Retribution.jpg HTTP/1.1" 200 1255
0:0:0:0:0:0:0:1 - - [11/Feb/2018:22:37:51 +0100] "GET /images/classes/Shaman-Restoration.jpg HTTP/1.1" 200 1302
0:0:0:0:0:0:0:1 - - [11/Feb/2018:22:37:52 +0100] "GET /images/classes/Warlock-Affliction.jpg HTTP/1.1" 200 1239
0:0:0:0:0:0:0:1 - - [11/Feb/2018:22:37:52 +0100] "GET /images/classes/Warlock-Demonology.jpg HTTP/1.1" 200 1093
0:0:0:0:0:0:0:1 - - [11/Feb/2018:22:37:52 +0100] "GET /images/classes/Warrior-Protection.jpg HTTP/1.1" 200 1126
0:0:0:0:0:0:0:1 - - [11/Feb/2018:22:37:52 +0100] "GET /images/classes/Warlock-Destruction.jpg HTTP/1.1" 200 1136
0:0:0:0:0:0:0:1 - - [11/Feb/2018:22:37:52 +0100] "GET /images/classes/Warrior-Arms.jpg HTTP/1.1" 200 1048
0:0:0:0:0:0:0:1 - - [11/Feb/2018:22:37:52 +0100] "GET /images/classes/Warrior-Fury.jpg HTTP/1.1" 200 1144
0:0:0:0:0:0:0:1 - - [11/Feb/2018:22:37:52 +0100] "GET /images/wowanalyzer.png HTTP/1.1" 200 140597
0:0:0:0:0:0:0:1 - - [11/Feb/2018:22:37:52 +0100] "GET /images/banner.png HTTP/1.1" 200 814089
0:0:0:0:0:0:0:1 - - [11/Feb/2018:22:37:52 +0100] "GET /images/shivarra-guild1.png HTTP/1.1" 200 3109711
0:0:0:0:0:0:0:1 - - [11/Feb/2018:22:37:52 +0100] "GET /images/varimathras-guild1.png HTTP/1.1" 200 2008677
0:0:0:0:0:0:0:1 - - [11/Feb/2018:22:37:53 +0100] "GET / HTTP/1.1" 200 56116
0:0:0:0:0:0:0:1 - - [11/Feb/2018:22:37:54 +0100] "GET /js/main.js HTTP/1.1" 200 3573
0:0:0:0:0:0:0:1 - - [11/Feb/2018:22:37:54 +0100] "GET /css/style.css HTTP/1.1" 200 4167
0:0:0:0:0:0:0:1 - - [11/Feb/2018:22:37:54 +0100] "GET /css/discord.css HTTP/1.1" 200 219
0:0:0:0:0:0:0:1 - - [11/Feb/2018:22:37:54 +0100] "GET /css/modal.css HTTP/1.1" 200 3213
0:0:0:0:0:0:0:1 - - [11/Feb/2018:22:37:54 +0100] "GET /images/tabard.png HTTP/1.1" 200 65088
0:0:0:0:0:0:0:1 - - [11/Feb/2018:22:37:54 +0100] "GET /images/shivarra.png HTTP/1.1" 200 200687
0:0:0:0:0:0:0:1 - - [11/Feb/2018:22:37:54 +0100] "GET /images/varimathras.png HTTP/1.1" 200 153048
0:0:0:0:0:0:0:1 - - [11/Feb/2018:22:37:54 +0100] "GET /images/kingaroth.png HTTP/1.1" 200 205312
0:0:0:0:0:0:0:1 - - [11/Feb/2018:22:37:54 +0100] "GET /images/tabard_main.png HTTP/1.1" 200 67432
0:0:0:0:0:0:0:1 - - [11/Feb/2018:22:37:54 +0100] "GET /images/classes/DeathKnight-Blood.jpg HTTP/1.1" 200 1071
0:0:0:0:0:0:0:1 - - [11/Feb/2018:22:37:54 +0100] "GET /images/classes/DeathKnight-Frost.jpg HTTP/1.1" 200 1145
0:0:0:0:0:0:0:1 - - [11/Feb/2018:22:37:54 +0100] "GET /images/classes/DeathKnight-Unholy.jpg HTTP/1.1" 200 1105
0:0:0:0:0:0:0:1 - - [11/Feb/2018:22:37:54 +0100] "GET /images/classes/DemonHunter-Havoc.jpg HTTP/1.1" 200 977
0:0:0:0:0:0:0:1 - - [11/Feb/2018:22:37:54 +0100] "GET /images/classes/DemonHunter-Vengeance.jpg HTTP/1.1" 200 1133
0:0:0:0:0:0:0:1 - - [11/Feb/2018:22:37:54 +0100] "GET /images/classes/Druid-Balance.jpg HTTP/1.1" 200 973
0:0:0:0:0:0:0:1 - - [11/Feb/2018:22:37:54 +0100] "GET /images/classes/Druid-Feral.jpg HTTP/1.1" 200 1080
0:0:0:0:0:0:0:1 - - [11/Feb/2018:22:37:54 +0100] "GET /images/classes/Druid-Guardian.jpg HTTP/1.1" 200 1040
0:0:0:0:0:0:0:1 - - [11/Feb/2018:22:37:54 +0100] "GET /images/classes/Druid-Restoration.jpg HTTP/1.1" 200 1030
0:0:0:0:0:0:0:1 - - [11/Feb/2018:22:37:54 +0100] "GET /images/classes/Hunter-BeastMastery.jpg HTTP/1.1" 200 1186
0:0:0:0:0:0:0:1 - - [11/Feb/2018:22:37:54 +0100] "GET /images/classes/Hunter-Marksmanship.jpg HTTP/1.1" 200 1185
0:0:0:0:0:0:0:1 - - [11/Feb/2018:22:37:54 +0100] "GET /images/classes/Hunter-Survival.jpg HTTP/1.1" 200 1120
0:0:0:0:0:0:0:1 - - [11/Feb/2018:22:37:54 +0100] "GET /images/classes/Mage-Arcane.jpg HTTP/1.1" 200 1240
0:0:0:0:0:0:0:1 - - [11/Feb/2018:22:37:54 +0100] "GET /images/classes/Mage-Fire.jpg HTTP/1.1" 200 1003
0:0:0:0:0:0:0:1 - - [11/Feb/2018:22:37:54 +0100] "GET /images/classes/Mage-Frost.jpg HTTP/1.1" 200 853
0:0:0:0:0:0:0:1 - - [11/Feb/2018:22:37:54 +0100] "GET /images/classes/Monk-Brewmaster.jpg HTTP/1.1" 200 1148
0:0:0:0:0:0:0:1 - - [11/Feb/2018:22:37:54 +0100] "GET /images/classes/Monk-Mistweaver.jpg HTTP/1.1" 200 1261
0:0:0:0:0:0:0:1 - - [11/Feb/2018:22:37:54 +0100] "GET /images/classes/Monk-Windwalker.jpg HTTP/1.1" 200 1174
0:0:0:0:0:0:0:1 - - [11/Feb/2018:22:37:54 +0100] "GET /images/classes/Paladin-Holy.jpg HTTP/1.1" 200 1072
0:0:0:0:0:0:0:1 - - [11/Feb/2018:22:37:54 +0100] "GET /images/classes/Paladin-Protection.jpg HTTP/1.1" 200 1242
0:0:0:0:0:0:0:1 - - [11/Feb/2018:22:37:54 +0100] "GET /images/classes/Paladin-Retribution.jpg HTTP/1.1" 200 1255
0:0:0:0:0:0:0:1 - - [11/Feb/2018:22:37:54 +0100] "GET /images/classes/Rogue-Assassination.jpg HTTP/1.1" 200 1181
0:0:0:0:0:0:0:1 - - [11/Feb/2018:22:37:54 +0100] "GET /images/classes/Rogue-Outlaw.jpg HTTP/1.1" 200 1563
0:0:0:0:0:0:0:1 - - [11/Feb/2018:22:37:54 +0100] "GET /images/classes/Rogue-Subtlety.jpg HTTP/1.1" 200 1054
0:0:0:0:0:0:0:1 - - [11/Feb/2018:22:37:54 +0100] "GET /images/classes/Shaman-Elemental.jpg HTTP/1.1" 200 965
0:0:0:0:0:0:0:1 - - [11/Feb/2018:22:37:54 +0100] "GET /images/classes/Shaman-Enhancement.jpg HTTP/1.1" 200 1293
0:0:0:0:0:0:0:1 - - [11/Feb/2018:22:37:54 +0100] "GET /images/classes/Shaman-Restoration.jpg HTTP/1.1" 200 1302
0:0:0:0:0:0:0:1 - - [11/Feb/2018:22:37:54 +0100] "GET /images/classes/Warlock-Affliction.jpg HTTP/1.1" 200 1239
0:0:0:0:0:0:0:1 - - [11/Feb/2018:22:37:54 +0100] "GET /images/classes/Warlock-Demonology.jpg HTTP/1.1" 200 1093
0:0:0:0:0:0:0:1 - - [11/Feb/2018:22:37:54 +0100] "GET /images/classes/Warrior-Arms.jpg HTTP/1.1" 200 1048
0:0:0:0:0:0:0:1 - - [11/Feb/2018:22:37:54 +0100] "GET /images/classes/Warlock-Destruction.jpg HTTP/1.1" 200 1136
0:0:0:0:0:0:0:1 - - [11/Feb/2018:22:37:54 +0100] "GET /images/classes/Warrior-Fury.jpg HTTP/1.1" 200 1144
0:0:0:0:0:0:0:1 - - [11/Feb/2018:22:37:54 +0100] "GET /images/classes/Warrior-Protection.jpg HTTP/1.1" 200 1126
0:0:0:0:0:0:0:1 - - [11/Feb/2018:22:37:54 +0100] "GET /images/wowanalyzer.png HTTP/1.1" 200 140597
0:0:0:0:0:0:0:1 - - [11/Feb/2018:22:37:54 +0100] "GET /images/banner.png HTTP/1.1" 200 814089
0:0:0:0:0:0:0:1 - - [11/Feb/2018:22:37:54 +0100] "GET /images/varimathras-guild1.png HTTP/1.1" 200 2008677
0:0:0:0:0:0:0:1 - - [11/Feb/2018:22:37:54 +0100] "GET /images/shivarra-guild1.png HTTP/1.1" 200 3109711
0:0:0:0:0:0:0:1 - - [11/Feb/2018:22:37:56 +0100] "GET /images/favicon-32x32.png HTTP/1.1" 200 2719
0:0:0:0:0:0:0:1 - - [11/Feb/2018:22:39:18 +0100] "GET / HTTP/1.1" 500 374
0:0:0:0:0:0:0:1 - - [11/Feb/2018:22:39:18 +0100] "GET /favicon.ico HTTP/1.1" 200 1150
0:0:0:0:0:0:0:1 - - [11/Feb/2018:22:40:18 +0100] "GET / HTTP/1.1" 200 56116
0:0:0:0:0:0:0:1 - - [11/Feb/2018:22:40:18 +0100] "GET /js/main.js HTTP/1.1" 200 3573
0:0:0:0:0:0:0:1 - - [11/Feb/2018:22:40:18 +0100] "GET /css/modal.css HTTP/1.1" 200 3213
0:0:0:0:0:0:0:1 - - [11/Feb/2018:22:40:18 +0100] "GET /css/style.css HTTP/1.1" 200 4167
0:0:0:0:0:0:0:1 - - [11/Feb/2018:22:40:18 +0100] "GET /css/discord.css HTTP/1.1" 200 219
0:0:0:0:0:0:0:1 - - [11/Feb/2018:22:40:18 +0100] "GET /images/tabard.png HTTP/1.1" 200 65088
0:0:0:0:0:0:0:1 - - [11/Feb/2018:22:40:18 +0100] "GET /images/shivarra.png HTTP/1.1" 200 200687
0:0:0:0:0:0:0:1 - - [11/Feb/2018:22:40:18 +0100] "GET /images/varimathras.png HTTP/1.1" 200 153048
0:0:0:0:0:0:0:1 - - [11/Feb/2018:22:40:18 +0100] "GET /images/kingaroth.png HTTP/1.1" 200 205312
0:0:0:0:0:0:0:1 - - [11/Feb/2018:22:40:18 +0100] "GET /images/tabard_main.png HTTP/1.1" 200 67432
0:0:0:0:0:0:0:1 - - [11/Feb/2018:22:40:18 +0100] "GET /images/classes/DeathKnight-Blood.jpg HTTP/1.1" 200 1071
0:0:0:0:0:0:0:1 - - [11/Feb/2018:22:40:18 +0100] "GET /images/classes/DeathKnight-Frost.jpg HTTP/1.1" 200 1145
0:0:0:0:0:0:0:1 - - [11/Feb/2018:22:40:18 +0100] "GET /images/classes/DeathKnight-Unholy.jpg HTTP/1.1" 200 1105
0:0:0:0:0:0:0:1 - - [11/Feb/2018:22:40:18 +0100] "GET /images/classes/DemonHunter-Havoc.jpg HTTP/1.1" 200 977
0:0:0:0:0:0:0:1 - - [11/Feb/2018:22:40:18 +0100] "GET /images/classes/DemonHunter-Vengeance.jpg HTTP/1.1" 200 1133
0:0:0:0:0:0:0:1 - - [11/Feb/2018:22:40:18 +0100] "GET /images/classes/Druid-Balance.jpg HTTP/1.1" 200 973
0:0:0:0:0:0:0:1 - - [11/Feb/2018:22:40:18 +0100] "GET /images/classes/Druid-Feral.jpg HTTP/1.1" 200 1080
0:0:0:0:0:0:0:1 - - [11/Feb/2018:22:40:18 +0100] "GET /images/classes/Druid-Guardian.jpg HTTP/1.1" 200 1040
0:0:0:0:0:0:0:1 - - [11/Feb/2018:22:40:18 +0100] "GET /images/classes/Druid-Restoration.jpg HTTP/1.1" 200 1030
0:0:0:0:0:0:0:1 - - [11/Feb/2018:22:40:18 +0100] "GET /images/classes/Hunter-BeastMastery.jpg HTTP/1.1" 200 1186
0:0:0:0:0:0:0:1 - - [11/Feb/2018:22:40:18 +0100] "GET /images/classes/Hunter-Marksmanship.jpg HTTP/1.1" 200 1185
0:0:0:0:0:0:0:1 - - [11/Feb/2018:22:40:18 +0100] "GET /images/classes/Hunter-Survival.jpg HTTP/1.1" 200 1120
0:0:0:0:0:0:0:1 - - [11/Feb/2018:22:40:18 +0100] "GET /images/classes/Mage-Arcane.jpg HTTP/1.1" 200 1240
0:0:0:0:0:0:0:1 - - [11/Feb/2018:22:40:18 +0100] "GET /images/classes/Mage-Fire.jpg HTTP/1.1" 200 1003
0:0:0:0:0:0:0:1 - - [11/Feb/2018:22:40:18 +0100] "GET /images/classes/Mage-Frost.jpg HTTP/1.1" 200 853
0:0:0:0:0:0:0:1 - - [11/Feb/2018:22:40:18 +0100] "GET /images/classes/Monk-Brewmaster.jpg HTTP/1.1" 200 1148
0:0:0:0:0:0:0:1 - - [11/Feb/2018:22:40:18 +0100] "GET /images/classes/Monk-Mistweaver.jpg HTTP/1.1" 200 1261
0:0:0:0:0:0:0:1 - - [11/Feb/2018:22:40:18 +0100] "GET /images/classes/Monk-Windwalker.jpg HTTP/1.1" 200 1174
0:0:0:0:0:0:0:1 - - [11/Feb/2018:22:40:18 +0100] "GET /images/classes/Paladin-Holy.jpg HTTP/1.1" 200 1072
0:0:0:0:0:0:0:1 - - [11/Feb/2018:22:40:18 +0100] "GET /images/classes/Paladin-Protection.jpg HTTP/1.1" 200 1242
0:0:0:0:0:0:0:1 - - [11/Feb/2018:22:40:18 +0100] "GET /images/classes/Paladin-Retribution.jpg HTTP/1.1" 200 1255
0:0:0:0:0:0:0:1 - - [11/Feb/2018:22:40:18 +0100] "GET /images/classes/Rogue-Assassination.jpg HTTP/1.1" 200 1181
0:0:0:0:0:0:0:1 - - [11/Feb/2018:22:40:19 +0100] "GET /images/classes/Shaman-Enhancement.jpg HTTP/1.1" 200 1293
0:0:0:0:0:0:0:1 - - [11/Feb/2018:22:40:19 +0100] "GET /images/classes/Rogue-Outlaw.jpg HTTP/1.1" 200 1563
0:0:0:0:0:0:0:1 - - [11/Feb/2018:22:40:19 +0100] "GET /images/classes/Rogue-Subtlety.jpg HTTP/1.1" 200 1054
0:0:0:0:0:0:0:1 - - [11/Feb/2018:22:40:19 +0100] "GET /images/classes/Shaman-Restoration.jpg HTTP/1.1" 200 1302
0:0:0:0:0:0:0:1 - - [11/Feb/2018:22:40:19 +0100] "GET /images/classes/Shaman-Elemental.jpg HTTP/1.1" 200 965
0:0:0:0:0:0:0:1 - - [11/Feb/2018:22:40:19 +0100] "GET /images/classes/Warlock-Affliction.jpg HTTP/1.1" 200 1239
0:0:0:0:0:0:0:1 - - [11/Feb/2018:22:40:19 +0100] "GET /images/classes/Warrior-Protection.jpg HTTP/1.1" 200 1126
0:0:0:0:0:0:0:1 - - [11/Feb/2018:22:40:19 +0100] "GET /images/classes/Warrior-Arms.jpg HTTP/1.1" 200 1048
0:0:0:0:0:0:0:1 - - [11/Feb/2018:22:40:19 +0100] "GET /images/classes/Warrior-Fury.jpg HTTP/1.1" 200 1144
0:0:0:0:0:0:0:1 - - [11/Feb/2018:22:40:19 +0100] "GET /images/classes/Warlock-Demonology.jpg HTTP/1.1" 200 1093
0:0:0:0:0:0:0:1 - - [11/Feb/2018:22:40:19 +0100] "GET /images/classes/Warlock-Destruction.jpg HTTP/1.1" 200 1136
0:0:0:0:0:0:0:1 - - [11/Feb/2018:22:40:19 +0100] "GET /images/wowanalyzer.png HTTP/1.1" 200 140597
0:0:0:0:0:0:0:1 - - [11/Feb/2018:22:40:19 +0100] "GET /images/banner.png HTTP/1.1" 200 814089
0:0:0:0:0:0:0:1 - - [11/Feb/2018:22:40:19 +0100] "GET /images/varimathras-guild1.png HTTP/1.1" 200 2008677
0:0:0:0:0:0:0:1 - - [11/Feb/2018:22:40:19 +0100] "GET /images/shivarra-guild1.png HTTP/1.1" 200 3109711
0:0:0:0:0:0:0:1 - - [11/Feb/2018:22:40:23 +0100] "GET /images/favicon-32x32.png HTTP/1.1" 200 2719
0:0:0:0:0:0:0:1 - - [11/Feb/2018:22:44:41 +0100] "GET / HTTP/1.1" 200 56116
0:0:0:0:0:0:0:1 - - [11/Feb/2018:22:44:41 +0100] "GET /css/discord.css HTTP/1.1" 200 219
0:0:0:0:0:0:0:1 - - [11/Feb/2018:22:44:41 +0100] "GET /css/modal.css HTTP/1.1" 200 3213
0:0:0:0:0:0:0:1 - - [11/Feb/2018:22:44:41 +0100] "GET /js/main.js HTTP/1.1" 200 3573
0:0:0:0:0:0:0:1 - - [11/Feb/2018:22:44:41 +0100] "GET /css/style.css HTTP/1.1" 200 4167
0:0:0:0:0:0:0:1 - - [11/Feb/2018:22:44:41 +0100] "GET /images/tabard.png HTTP/1.1" 200 65088
0:0:0:0:0:0:0:1 - - [11/Feb/2018:22:44:41 +0100] "GET /images/shivarra.png HTTP/1.1" 200 200687
0:0:0:0:0:0:0:1 - - [11/Feb/2018:22:44:41 +0100] "GET /images/varimathras.png HTTP/1.1" 200 153048
0:0:0:0:0:0:0:1 - - [11/Feb/2018:22:44:41 +0100] "GET /images/kingaroth.png HTTP/1.1" 200 205312
0:0:0:0:0:0:0:1 - - [11/Feb/2018:22:44:41 +0100] "GET /images/tabard_main.png HTTP/1.1" 200 67432
0:0:0:0:0:0:0:1 - - [11/Feb/2018:22:44:41 +0100] "GET /images/classes/DeathKnight-Blood.jpg HTTP/1.1" 200 1071
0:0:0:0:0:0:0:1 - - [11/Feb/2018:22:44:41 +0100] "GET /images/classes/DeathKnight-Frost.jpg HTTP/1.1" 200 1145
0:0:0:0:0:0:0:1 - - [11/Feb/2018:22:44:41 +0100] "GET /images/classes/DeathKnight-Unholy.jpg HTTP/1.1" 200 1105
0:0:0:0:0:0:0:1 - - [11/Feb/2018:22:44:41 +0100] "GET /images/classes/DemonHunter-Havoc.jpg HTTP/1.1" 200 977
0:0:0:0:0:0:0:1 - - [11/Feb/2018:22:44:41 +0100] "GET /images/classes/DemonHunter-Vengeance.jpg HTTP/1.1" 200 1133
0:0:0:0:0:0:0:1 - - [11/Feb/2018:22:44:41 +0100] "GET /images/classes/Druid-Balance.jpg HTTP/1.1" 200 973
0:0:0:0:0:0:0:1 - - [11/Feb/2018:22:44:41 +0100] "GET /images/classes/Druid-Feral.jpg HTTP/1.1" 200 1080
0:0:0:0:0:0:0:1 - - [11/Feb/2018:22:44:41 +0100] "GET /images/classes/Druid-Guardian.jpg HTTP/1.1" 200 1040
0:0:0:0:0:0:0:1 - - [11/Feb/2018:22:44:41 +0100] "GET /images/classes/Druid-Restoration.jpg HTTP/1.1" 200 1030
0:0:0:0:0:0:0:1 - - [11/Feb/2018:22:44:41 +0100] "GET /images/classes/Hunter-BeastMastery.jpg HTTP/1.1" 200 1186
0:0:0:0:0:0:0:1 - - [11/Feb/2018:22:44:41 +0100] "GET /images/classes/Hunter-Marksmanship.jpg HTTP/1.1" 200 1185
0:0:0:0:0:0:0:1 - - [11/Feb/2018:22:44:41 +0100] "GET /images/classes/Hunter-Survival.jpg HTTP/1.1" 200 1120
0:0:0:0:0:0:0:1 - - [11/Feb/2018:22:44:41 +0100] "GET /images/classes/Mage-Arcane.jpg HTTP/1.1" 200 1240
0:0:0:0:0:0:0:1 - - [11/Feb/2018:22:44:41 +0100] "GET /images/classes/Mage-Fire.jpg HTTP/1.1" 200 1003
0:0:0:0:0:0:0:1 - - [11/Feb/2018:22:44:41 +0100] "GET /images/classes/Mage-Frost.jpg HTTP/1.1" 200 853
0:0:0:0:0:0:0:1 - - [11/Feb/2018:22:44:41 +0100] "GET /images/classes/Monk-Brewmaster.jpg HTTP/1.1" 200 1148
0:0:0:0:0:0:0:1 - - [11/Feb/2018:22:44:41 +0100] "GET /images/classes/Monk-Mistweaver.jpg HTTP/1.1" 200 1261
0:0:0:0:0:0:0:1 - - [11/Feb/2018:22:44:41 +0100] "GET /images/classes/Monk-Windwalker.jpg HTTP/1.1" 200 1174
0:0:0:0:0:0:0:1 - - [11/Feb/2018:22:44:41 +0100] "GET /images/classes/Paladin-Holy.jpg HTTP/1.1" 200 1072
0:0:0:0:0:0:0:1 - - [11/Feb/2018:22:44:41 +0100] "GET /images/classes/Paladin-Protection.jpg HTTP/1.1" 200 1242
0:0:0:0:0:0:0:1 - - [11/Feb/2018:22:44:41 +0100] "GET /images/classes/Paladin-Retribution.jpg HTTP/1.1" 200 1255
0:0:0:0:0:0:0:1 - - [11/Feb/2018:22:44:41 +0100] "GET /images/classes/Rogue-Assassination.jpg HTTP/1.1" 200 1181
0:0:0:0:0:0:0:1 - - [11/Feb/2018:22:44:41 +0100] "GET /images/classes/Rogue-Outlaw.jpg HTTP/1.1" 200 1563
0:0:0:0:0:0:0:1 - - [11/Feb/2018:22:44:41 +0100] "GET /images/classes/Rogue-Subtlety.jpg HTTP/1.1" 200 1054
0:0:0:0:0:0:0:1 - - [11/Feb/2018:22:44:41 +0100] "GET /images/classes/Shaman-Elemental.jpg HTTP/1.1" 200 965
0:0:0:0:0:0:0:1 - - [11/Feb/2018:22:44:41 +0100] "GET /images/classes/Shaman-Enhancement.jpg HTTP/1.1" 200 1293
0:0:0:0:0:0:0:1 - - [11/Feb/2018:22:44:41 +0100] "GET /images/classes/Shaman-Restoration.jpg HTTP/1.1" 200 1302
0:0:0:0:0:0:0:1 - - [11/Feb/2018:22:44:41 +0100] "GET /images/classes/Warlock-Affliction.jpg HTTP/1.1" 200 1239
0:0:0:0:0:0:0:1 - - [11/Feb/2018:22:44:41 +0100] "GET /images/classes/Warlock-Demonology.jpg HTTP/1.1" 200 1093
0:0:0:0:0:0:0:1 - - [11/Feb/2018:22:44:41 +0100] "GET /images/classes/Warlock-Destruction.jpg HTTP/1.1" 200 1136
0:0:0:0:0:0:0:1 - - [11/Feb/2018:22:44:41 +0100] "GET /images/classes/Warrior-Arms.jpg HTTP/1.1" 200 1048
0:0:0:0:0:0:0:1 - - [11/Feb/2018:22:44:41 +0100] "GET /images/classes/Warrior-Fury.jpg HTTP/1.1" 200 1144
0:0:0:0:0:0:0:1 - - [11/Feb/2018:22:44:41 +0100] "GET /images/classes/Warrior-Protection.jpg HTTP/1.1" 200 1126
0:0:0:0:0:0:0:1 - - [11/Feb/2018:22:44:41 +0100] "GET /images/shivarra-guild1.png HTTP/1.1" 200 3109711
0:0:0:0:0:0:0:1 - - [11/Feb/2018:22:44:41 +0100] "GET /images/wowanalyzer.png HTTP/1.1" 200 140597
0:0:0:0:0:0:0:1 - - [11/Feb/2018:22:44:41 +0100] "GET /images/banner.png HTTP/1.1" 200 814089
0:0:0:0:0:0:0:1 - - [11/Feb/2018:22:44:41 +0100] "GET /images/varimathras-guild1.png HTTP/1.1" 200 2008677
0:0:0:0:0:0:0:1 - - [11/Feb/2018:22:44:44 +0100] "GET /images/favicon-32x32.png HTTP/1.1" 200 2719
0:0:0:0:0:0:0:1 - - [11/Feb/2018:22:46:48 +0100] "GET / HTTP/1.1" 200 56424
0:0:0:0:0:0:0:1 - - [11/Feb/2018:22:46:48 +0100] "GET /css/discord.css HTTP/1.1" 200 219
0:0:0:0:0:0:0:1 - - [11/Feb/2018:22:46:48 +0100] "GET /js/main.js HTTP/1.1" 200 3573
0:0:0:0:0:0:0:1 - - [11/Feb/2018:22:46:48 +0100] "GET /css/modal.css HTTP/1.1" 200 3213
0:0:0:0:0:0:0:1 - - [11/Feb/2018:22:46:48 +0100] "GET /css/style.css HTTP/1.1" 200 4167
0:0:0:0:0:0:0:1 - - [11/Feb/2018:22:46:48 +0100] "GET /images/tabard.png HTTP/1.1" 200 65088
0:0:0:0:0:0:0:1 - - [11/Feb/2018:22:46:48 +0100] "GET /images/shivarra.png HTTP/1.1" 200 200687
0:0:0:0:0:0:0:1 - - [11/Feb/2018:22:46:48 +0100] "GET /images/varimathras.png HTTP/1.1" 200 153048
0:0:0:0:0:0:0:1 - - [11/Feb/2018:22:46:48 +0100] "GET /images/kingaroth.png HTTP/1.1" 200 205312
0:0:0:0:0:0:0:1 - - [11/Feb/2018:22:46:48 +0100] "GET /images/tabard_main.png HTTP/1.1" 200 67432
0:0:0:0:0:0:0:1 - - [11/Feb/2018:22:46:48 +0100] "GET /images/classes/DeathKnight-Blood.jpg HTTP/1.1" 200 1071
0:0:0:0:0:0:0:1 - - [11/Feb/2018:22:46:48 +0100] "GET /images/classes/DeathKnight-Frost.jpg HTTP/1.1" 200 1145
0:0:0:0:0:0:0:1 - - [11/Feb/2018:22:46:48 +0100] "GET /images/classes/DeathKnight-Unholy.jpg HTTP/1.1" 200 1105
0:0:0:0:0:0:0:1 - - [11/Feb/2018:22:46:48 +0100] "GET /images/classes/DemonHunter-Havoc.jpg HTTP/1.1" 200 977
0:0:0:0:0:0:0:1 - - [11/Feb/2018:22:46:48 +0100] "GET /images/classes/DemonHunter-Vengeance.jpg HTTP/1.1" 200 1133
0:0:0:0:0:0:0:1 - - [11/Feb/2018:22:46:48 +0100] "GET /images/classes/Druid-Balance.jpg HTTP/1.1" 200 973
0:0:0:0:0:0:0:1 - - [11/Feb/2018:22:46:48 +0100] "GET /images/classes/Druid-Feral.jpg HTTP/1.1" 200 1080
0:0:0:0:0:0:0:1 - - [11/Feb/2018:22:46:48 +0100] "GET /images/classes/Druid-Guardian.jpg HTTP/1.1" 200 1040
0:0:0:0:0:0:0:1 - - [11/Feb/2018:22:46:48 +0100] "GET /images/classes/Druid-Restoration.jpg HTTP/1.1" 200 1030
0:0:0:0:0:0:0:1 - - [11/Feb/2018:22:46:48 +0100] "GET /images/classes/Hunter-BeastMastery.jpg HTTP/1.1" 200 1186
0:0:0:0:0:0:0:1 - - [11/Feb/2018:22:46:48 +0100] "GET /images/classes/Hunter-Marksmanship.jpg HTTP/1.1" 200 1185
0:0:0:0:0:0:0:1 - - [11/Feb/2018:22:46:48 +0100] "GET /images/classes/Hunter-Survival.jpg HTTP/1.1" 200 1120
0:0:0:0:0:0:0:1 - - [11/Feb/2018:22:46:48 +0100] "GET /images/classes/Mage-Arcane.jpg HTTP/1.1" 200 1240
0:0:0:0:0:0:0:1 - - [11/Feb/2018:22:46:48 +0100] "GET /images/classes/Mage-Fire.jpg HTTP/1.1" 200 1003
0:0:0:0:0:0:0:1 - - [11/Feb/2018:22:46:48 +0100] "GET /images/classes/Mage-Frost.jpg HTTP/1.1" 200 853
0:0:0:0:0:0:0:1 - - [11/Feb/2018:22:46:48 +0100] "GET /images/classes/Monk-Brewmaster.jpg HTTP/1.1" 200 1148
0:0:0:0:0:0:0:1 - - [11/Feb/2018:22:46:48 +0100] "GET /images/classes/Monk-Mistweaver.jpg HTTP/1.1" 200 1261
0:0:0:0:0:0:0:1 - - [11/Feb/2018:22:46:48 +0100] "GET /images/classes/Monk-Windwalker.jpg HTTP/1.1" 200 1174
0:0:0:0:0:0:0:1 - - [11/Feb/2018:22:46:48 +0100] "GET /images/classes/Paladin-Holy.jpg HTTP/1.1" 200 1072
0:0:0:0:0:0:0:1 - - [11/Feb/2018:22:46:48 +0100] "GET /images/classes/Paladin-Protection.jpg HTTP/1.1" 200 1242
0:0:0:0:0:0:0:1 - - [11/Feb/2018:22:46:48 +0100] "GET /images/classes/Paladin-Retribution.jpg HTTP/1.1" 200 1255
0:0:0:0:0:0:0:1 - - [11/Feb/2018:22:46:48 +0100] "GET /images/classes/Rogue-Assassination.jpg HTTP/1.1" 200 1181
0:0:0:0:0:0:0:1 - - [11/Feb/2018:22:46:48 +0100] "GET /images/classes/Rogue-Outlaw.jpg HTTP/1.1" 200 1563
0:0:0:0:0:0:0:1 - - [11/Feb/2018:22:46:48 +0100] "GET /images/classes/Rogue-Subtlety.jpg HTTP/1.1" 200 1054
0:0:0:0:0:0:0:1 - - [11/Feb/2018:22:46:48 +0100] "GET /images/classes/Shaman-Elemental.jpg HTTP/1.1" 200 965
0:0:0:0:0:0:0:1 - - [11/Feb/2018:22:46:48 +0100] "GET /images/classes/Shaman-Enhancement.jpg HTTP/1.1" 200 1293
0:0:0:0:0:0:0:1 - - [11/Feb/2018:22:46:48 +0100] "GET /images/classes/Shaman-Restoration.jpg HTTP/1.1" 200 1302
0:0:0:0:0:0:0:1 - - [11/Feb/2018:22:46:48 +0100] "GET /images/classes/Warlock-Affliction.jpg HTTP/1.1" 200 1239
0:0:0:0:0:0:0:1 - - [11/Feb/2018:22:46:48 +0100] "GET /images/classes/Warlock-Demonology.jpg HTTP/1.1" 200 1093
0:0:0:0:0:0:0:1 - - [11/Feb/2018:22:46:48 +0100] "GET /images/classes/Warlock-Destruction.jpg HTTP/1.1" 200 1136
0:0:0:0:0:0:0:1 - - [11/Feb/2018:22:46:48 +0100] "GET /images/classes/Warrior-Arms.jpg HTTP/1.1" 200 1048
0:0:0:0:0:0:0:1 - - [11/Feb/2018:22:46:48 +0100] "GET /images/classes/Warrior-Fury.jpg HTTP/1.1" 200 1144
0:0:0:0:0:0:0:1 - - [11/Feb/2018:22:46:48 +0100] "GET /images/classes/Warrior-Protection.jpg HTTP/1.1" 200 1126
0:0:0:0:0:0:0:1 - - [11/Feb/2018:22:46:48 +0100] "GET /images/wowanalyzer.png HTTP/1.1" 200 140597
0:0:0:0:0:0:0:1 - - [11/Feb/2018:22:46:48 +0100] "GET /images/banner.png HTTP/1.1" 200 814089
0:0:0:0:0:0:0:1 - - [11/Feb/2018:22:46:49 +0100] "GET /images/varimathras-guild1.png HTTP/1.1" 200 2008677
0:0:0:0:0:0:0:1 - - [11/Feb/2018:22:46:50 +0100] "GET /images/shivarra-guild1.png HTTP/1.1" 200 3109711
0:0:0:0:0:0:0:1 - - [11/Feb/2018:22:46:51 +0100] "GET /images/favicon-32x32.png HTTP/1.1" 200 2719
0:0:0:0:0:0:0:1 - - [11/Feb/2018:22:46:54 +0100] "GET /css/modal.css HTTP/1.1" 200 3213
0:0:0:0:0:0:0:1 - - [11/Feb/2018:22:46:54 +0100] "GET /css/discord.css HTTP/1.1" 200 219
0:0:0:0:0:0:0:1 - - [11/Feb/2018:22:46:54 +0100] "GET /css/style.css HTTP/1.1" 200 4167
0:0:0:0:0:0:0:1 - - [11/Feb/2018:22:47:55 +0100] "GET / HTTP/1.1" 200 56406
0:0:0:0:0:0:0:1 - - [11/Feb/2018:22:47:55 +0100] "GET /js/main.js HTTP/1.1" 200 3573
0:0:0:0:0:0:0:1 - - [11/Feb/2018:22:47:55 +0100] "GET /css/modal.css HTTP/1.1" 200 3213
0:0:0:0:0:0:0:1 - - [11/Feb/2018:22:47:55 +0100] "GET /css/style.css HTTP/1.1" 200 4167
0:0:0:0:0:0:0:1 - - [11/Feb/2018:22:47:55 +0100] "GET /css/discord.css HTTP/1.1" 200 219
0:0:0:0:0:0:0:1 - - [11/Feb/2018:22:47:55 +0100] "GET /images/tabard.png HTTP/1.1" 200 65088
0:0:0:0:0:0:0:1 - - [11/Feb/2018:22:47:55 +0100] "GET /images/shivarra.png HTTP/1.1" 200 200687
0:0:0:0:0:0:0:1 - - [11/Feb/2018:22:47:55 +0100] "GET /images/varimathras.png HTTP/1.1" 200 153048
0:0:0:0:0:0:0:1 - - [11/Feb/2018:22:47:55 +0100] "GET /images/kingaroth.png HTTP/1.1" 200 205312
0:0:0:0:0:0:0:1 - - [11/Feb/2018:22:47:55 +0100] "GET /images/tabard_main.png HTTP/1.1" 200 67432
0:0:0:0:0:0:0:1 - - [11/Feb/2018:22:47:55 +0100] "GET /images/classes/DeathKnight-Blood.jpg HTTP/1.1" 200 1071
0:0:0:0:0:0:0:1 - - [11/Feb/2018:22:47:55 +0100] "GET /images/classes/DeathKnight-Frost.jpg HTTP/1.1" 200 1145
0:0:0:0:0:0:0:1 - - [11/Feb/2018:22:47:55 +0100] "GET /images/classes/DeathKnight-Unholy.jpg HTTP/1.1" 200 1105
0:0:0:0:0:0:0:1 - - [11/Feb/2018:22:47:55 +0100] "GET /images/classes/DemonHunter-Havoc.jpg HTTP/1.1" 200 977
0:0:0:0:0:0:0:1 - - [11/Feb/2018:22:47:55 +0100] "GET /images/classes/DemonHunter-Vengeance.jpg HTTP/1.1" 200 1133
0:0:0:0:0:0:0:1 - - [11/Feb/2018:22:47:55 +0100] "GET /images/classes/Druid-Balance.jpg HTTP/1.1" 200 973
0:0:0:0:0:0:0:1 - - [11/Feb/2018:22:47:55 +0100] "GET /images/classes/Druid-Feral.jpg HTTP/1.1" 200 1080
0:0:0:0:0:0:0:1 - - [11/Feb/2018:22:47:55 +0100] "GET /images/classes/Druid-Guardian.jpg HTTP/1.1" 200 1040
0:0:0:0:0:0:0:1 - - [11/Feb/2018:22:47:55 +0100] "GET /images/classes/Druid-Restoration.jpg HTTP/1.1" 200 1030
0:0:0:0:0:0:0:1 - - [11/Feb/2018:22:47:55 +0100] "GET /images/classes/Hunter-BeastMastery.jpg HTTP/1.1" 200 1186
0:0:0:0:0:0:0:1 - - [11/Feb/2018:22:47:55 +0100] "GET /images/classes/Hunter-Marksmanship.jpg HTTP/1.1" 200 1185
0:0:0:0:0:0:0:1 - - [11/Feb/2018:22:47:55 +0100] "GET /images/classes/Hunter-Survival.jpg HTTP/1.1" 200 1120
0:0:0:0:0:0:0:1 - - [11/Feb/2018:22:47:55 +0100] "GET /images/classes/Mage-Arcane.jpg HTTP/1.1" 200 1240
0:0:0:0:0:0:0:1 - - [11/Feb/2018:22:47:55 +0100] "GET /images/classes/Mage-Fire.jpg HTTP/1.1" 200 1003
0:0:0:0:0:0:0:1 - - [11/Feb/2018:22:47:55 +0100] "GET /images/classes/Mage-Frost.jpg HTTP/1.1" 200 853
0:0:0:0:0:0:0:1 - - [11/Feb/2018:22:47:55 +0100] "GET /images/classes/Monk-Brewmaster.jpg HTTP/1.1" 200 1148
0:0:0:0:0:0:0:1 - - [11/Feb/2018:22:47:55 +0100] "GET /images/classes/Monk-Mistweaver.jpg HTTP/1.1" 200 1261
0:0:0:0:0:0:0:1 - - [11/Feb/2018:22:47:55 +0100] "GET /images/classes/Monk-Windwalker.jpg HTTP/1.1" 200 1174
0:0:0:0:0:0:0:1 - - [11/Feb/2018:22:47:55 +0100] "GET /images/classes/Paladin-Holy.jpg HTTP/1.1" 200 1072
0:0:0:0:0:0:0:1 - - [11/Feb/2018:22:47:55 +0100] "GET /images/classes/Paladin-Retribution.jpg HTTP/1.1" 200 1255
0:0:0:0:0:0:0:1 - - [11/Feb/2018:22:47:55 +0100] "GET /images/classes/Rogue-Assassination.jpg HTTP/1.1" 200 1181
0:0:0:0:0:0:0:1 - - [11/Feb/2018:22:47:55 +0100] "GET /images/classes/Paladin-Protection.jpg HTTP/1.1" 200 1242
0:0:0:0:0:0:0:1 - - [11/Feb/2018:22:47:55 +0100] "GET /images/classes/Rogue-Outlaw.jpg HTTP/1.1" 200 1563
0:0:0:0:0:0:0:1 - - [11/Feb/2018:22:47:55 +0100] "GET /images/classes/Rogue-Subtlety.jpg HTTP/1.1" 200 1054
0:0:0:0:0:0:0:1 - - [11/Feb/2018:22:47:55 +0100] "GET /images/classes/Shaman-Elemental.jpg HTTP/1.1" 200 965
0:0:0:0:0:0:0:1 - - [11/Feb/2018:22:47:55 +0100] "GET /images/classes/Shaman-Enhancement.jpg HTTP/1.1" 200 1293
0:0:0:0:0:0:0:1 - - [11/Feb/2018:22:47:55 +0100] "GET /images/classes/Warlock-Affliction.jpg HTTP/1.1" 200 1239
0:0:0:0:0:0:0:1 - - [11/Feb/2018:22:47:55 +0100] "GET /images/classes/Shaman-Restoration.jpg HTTP/1.1" 200 1302
0:0:0:0:0:0:0:1 - - [11/Feb/2018:22:47:55 +0100] "GET /images/classes/Warlock-Demonology.jpg HTTP/1.1" 200 1093
0:0:0:0:0:0:0:1 - - [11/Feb/2018:22:47:55 +0100] "GET /images/classes/Warlock-Destruction.jpg HTTP/1.1" 200 1136
0:0:0:0:0:0:0:1 - - [11/Feb/2018:22:47:55 +0100] "GET /images/classes/Warrior-Arms.jpg HTTP/1.1" 200 1048
0:0:0:0:0:0:0:1 - - [11/Feb/2018:22:47:55 +0100] "GET /images/classes/Warrior-Fury.jpg HTTP/1.1" 200 1144
0:0:0:0:0:0:0:1 - - [11/Feb/2018:22:47:55 +0100] "GET /images/wowanalyzer.png HTTP/1.1" 200 140597
0:0:0:0:0:0:0:1 - - [11/Feb/2018:22:47:55 +0100] "GET /images/classes/Warrior-Protection.jpg HTTP/1.1" 200 1126
0:0:0:0:0:0:0:1 - - [11/Feb/2018:22:47:55 +0100] "GET /images/banner.png HTTP/1.1" 200 814089
0:0:0:0:0:0:0:1 - - [11/Feb/2018:22:47:56 +0100] "GET /images/varimathras-guild1.png HTTP/1.1" 200 2008677
0:0:0:0:0:0:0:1 - - [11/Feb/2018:22:47:57 +0100] "GET /images/shivarra-guild1.png HTTP/1.1" 200 3109711
0:0:0:0:0:0:0:1 - - [11/Feb/2018:22:51:55 +0100] "GET / HTTP/1.1" 200 56417
0:0:0:0:0:0:0:1 - - [11/Feb/2018:22:51:55 +0100] "GET /css/style.css HTTP/1.1" 200 4167
0:0:0:0:0:0:0:1 - - [11/Feb/2018:22:51:55 +0100] "GET /css/discord.css HTTP/1.1" 200 219
0:0:0:0:0:0:0:1 - - [11/Feb/2018:22:51:55 +0100] "GET /css/modal.css HTTP/1.1" 200 3213
0:0:0:0:0:0:0:1 - - [11/Feb/2018:22:51:55 +0100] "GET /js/main.js HTTP/1.1" 200 3573
0:0:0:0:0:0:0:1 - - [11/Feb/2018:22:51:55 +0100] "GET /images/tabard.png HTTP/1.1" 200 65088
0:0:0:0:0:0:0:1 - - [11/Feb/2018:22:51:55 +0100] "GET /images/shivarra.png HTTP/1.1" 200 200687
0:0:0:0:0:0:0:1 - - [11/Feb/2018:22:51:55 +0100] "GET /images/varimathras.png HTTP/1.1" 200 153048
0:0:0:0:0:0:0:1 - - [11/Feb/2018:22:51:55 +0100] "GET /images/kingaroth.png HTTP/1.1" 200 205312
0:0:0:0:0:0:0:1 - - [11/Feb/2018:22:51:55 +0100] "GET /images/tabard_main.png HTTP/1.1" 200 67432
0:0:0:0:0:0:0:1 - - [11/Feb/2018:22:51:55 +0100] "GET /images/classes/DeathKnight-Blood.jpg HTTP/1.1" 200 1071
0:0:0:0:0:0:0:1 - - [11/Feb/2018:22:51:55 +0100] "GET /images/classes/DeathKnight-Frost.jpg HTTP/1.1" 200 1145
0:0:0:0:0:0:0:1 - - [11/Feb/2018:22:51:55 +0100] "GET /images/classes/DeathKnight-Unholy.jpg HTTP/1.1" 200 1105
0:0:0:0:0:0:0:1 - - [11/Feb/2018:22:51:55 +0100] "GET /images/classes/DemonHunter-Havoc.jpg HTTP/1.1" 200 977
0:0:0:0:0:0:0:1 - - [11/Feb/2018:22:51:55 +0100] "GET /images/classes/DemonHunter-Vengeance.jpg HTTP/1.1" 200 1133
0:0:0:0:0:0:0:1 - - [11/Feb/2018:22:51:55 +0100] "GET /images/classes/Druid-Balance.jpg HTTP/1.1" 200 973
0:0:0:0:0:0:0:1 - - [11/Feb/2018:22:51:55 +0100] "GET /images/classes/Druid-Feral.jpg HTTP/1.1" 200 1080
0:0:0:0:0:0:0:1 - - [11/Feb/2018:22:51:55 +0100] "GET /images/classes/Druid-Guardian.jpg HTTP/1.1" 200 1040
0:0:0:0:0:0:0:1 - - [11/Feb/2018:22:51:55 +0100] "GET /images/classes/Druid-Restoration.jpg HTTP/1.1" 200 1030
0:0:0:0:0:0:0:1 - - [11/Feb/2018:22:51:55 +0100] "GET /images/classes/Hunter-BeastMastery.jpg HTTP/1.1" 200 1186
0:0:0:0:0:0:0:1 - - [11/Feb/2018:22:51:55 +0100] "GET /images/classes/Hunter-Marksmanship.jpg HTTP/1.1" 200 1185
0:0:0:0:0:0:0:1 - - [11/Feb/2018:22:51:55 +0100] "GET /images/classes/Hunter-Survival.jpg HTTP/1.1" 200 1120
0:0:0:0:0:0:0:1 - - [11/Feb/2018:22:51:55 +0100] "GET /images/classes/Mage-Arcane.jpg HTTP/1.1" 200 1240
0:0:0:0:0:0:0:1 - - [11/Feb/2018:22:51:55 +0100] "GET /images/classes/Mage-Fire.jpg HTTP/1.1" 200 1003
0:0:0:0:0:0:0:1 - - [11/Feb/2018:22:51:55 +0100] "GET /images/classes/Mage-Frost.jpg HTTP/1.1" 200 853
0:0:0:0:0:0:0:1 - - [11/Feb/2018:22:51:55 +0100] "GET /images/classes/Monk-Brewmaster.jpg HTTP/1.1" 200 1148
0:0:0:0:0:0:0:1 - - [11/Feb/2018:22:51:55 +0100] "GET /images/classes/Monk-Mistweaver.jpg HTTP/1.1" 200 1261
0:0:0:0:0:0:0:1 - - [11/Feb/2018:22:51:55 +0100] "GET /images/classes/Monk-Windwalker.jpg HTTP/1.1" 200 1174
0:0:0:0:0:0:0:1 - - [11/Feb/2018:22:51:55 +0100] "GET /images/classes/Paladin-Holy.jpg HTTP/1.1" 200 1072
0:0:0:0:0:0:0:1 - - [11/Feb/2018:22:51:55 +0100] "GET /images/classes/Paladin-Protection.jpg HTTP/1.1" 200 1242
0:0:0:0:0:0:0:1 - - [11/Feb/2018:22:51:55 +0100] "GET /images/classes/Paladin-Retribution.jpg HTTP/1.1" 200 1255
0:0:0:0:0:0:0:1 - - [11/Feb/2018:22:51:55 +0100] "GET /images/classes/Rogue-Assassination.jpg HTTP/1.1" 200 1181
0:0:0:0:0:0:0:1 - - [11/Feb/2018:22:51:55 +0100] "GET /images/classes/Rogue-Outlaw.jpg HTTP/1.1" 200 1563
0:0:0:0:0:0:0:1 - - [11/Feb/2018:22:51:55 +0100] "GET /images/classes/Rogue-Subtlety.jpg HTTP/1.1" 200 1054
0:0:0:0:0:0:0:1 - - [11/Feb/2018:22:51:55 +0100] "GET /images/classes/Shaman-Elemental.jpg HTTP/1.1" 200 965
0:0:0:0:0:0:0:1 - - [11/Feb/2018:22:51:55 +0100] "GET /images/classes/Shaman-Enhancement.jpg HTTP/1.1" 200 1293
0:0:0:0:0:0:0:1 - - [11/Feb/2018:22:51:55 +0100] "GET /images/classes/Shaman-Restoration.jpg HTTP/1.1" 200 1302
0:0:0:0:0:0:0:1 - - [11/Feb/2018:22:51:55 +0100] "GET /images/classes/Warlock-Affliction.jpg HTTP/1.1" 200 1239
0:0:0:0:0:0:0:1 - - [11/Feb/2018:22:51:55 +0100] "GET /images/classes/Warlock-Demonology.jpg HTTP/1.1" 200 1093
0:0:0:0:0:0:0:1 - - [11/Feb/2018:22:51:55 +0100] "GET /images/classes/Warlock-Destruction.jpg HTTP/1.1" 200 1136
0:0:0:0:0:0:0:1 - - [11/Feb/2018:22:51:55 +0100] "GET /images/classes/Warrior-Arms.jpg HTTP/1.1" 200 1048
0:0:0:0:0:0:0:1 - - [11/Feb/2018:22:51:55 +0100] "GET /images/classes/Warrior-Fury.jpg HTTP/1.1" 200 1144
0:0:0:0:0:0:0:1 - - [11/Feb/2018:22:51:55 +0100] "GET /images/classes/Warrior-Protection.jpg HTTP/1.1" 200 1126
0:0:0:0:0:0:0:1 - - [11/Feb/2018:22:51:55 +0100] "GET /images/wowanalyzer.png HTTP/1.1" 200 140597
0:0:0:0:0:0:0:1 - - [11/Feb/2018:22:51:55 +0100] "GET /images/banner.png HTTP/1.1" 200 814089
0:0:0:0:0:0:0:1 - - [11/Feb/2018:22:51:56 +0100] "GET /images/varimathras-guild1.png HTTP/1.1" 200 2008677
0:0:0:0:0:0:0:1 - - [11/Feb/2018:22:51:57 +0100] "GET /images/shivarra-guild1.png HTTP/1.1" 200 3109711
0:0:0:0:0:0:0:1 - - [11/Feb/2018:22:52:42 +0100] "GET / HTTP/1.1" 200 56436
0:0:0:0:0:0:0:1 - - [11/Feb/2018:22:52:42 +0100] "GET /css/style.css HTTP/1.1" 200 4167
0:0:0:0:0:0:0:1 - - [11/Feb/2018:22:52:42 +0100] "GET /css/discord.css HTTP/1.1" 200 219
0:0:0:0:0:0:0:1 - - [11/Feb/2018:22:52:42 +0100] "GET /js/main.js HTTP/1.1" 200 3573
0:0:0:0:0:0:0:1 - - [11/Feb/2018:22:52:42 +0100] "GET /css/modal.css HTTP/1.1" 200 3213
0:0:0:0:0:0:0:1 - - [11/Feb/2018:22:52:42 +0100] "GET /images/tabard.png HTTP/1.1" 200 65088
0:0:0:0:0:0:0:1 - - [11/Feb/2018:22:52:42 +0100] "GET /images/shivarra.png HTTP/1.1" 200 200687
0:0:0:0:0:0:0:1 - - [11/Feb/2018:22:52:42 +0100] "GET /images/varimathras.png HTTP/1.1" 200 153048
0:0:0:0:0:0:0:1 - - [11/Feb/2018:22:52:42 +0100] "GET /images/kingaroth.png HTTP/1.1" 200 205312
0:0:0:0:0:0:0:1 - - [11/Feb/2018:22:52:42 +0100] "GET /images/tabard_main.png HTTP/1.1" 200 67432
0:0:0:0:0:0:0:1 - - [11/Feb/2018:22:52:42 +0100] "GET /images/classes/DeathKnight-Blood.jpg HTTP/1.1" 200 1071
0:0:0:0:0:0:0:1 - - [11/Feb/2018:22:52:42 +0100] "GET /images/classes/DeathKnight-Frost.jpg HTTP/1.1" 200 1145
0:0:0:0:0:0:0:1 - - [11/Feb/2018:22:52:42 +0100] "GET /images/classes/DeathKnight-Unholy.jpg HTTP/1.1" 200 1105
0:0:0:0:0:0:0:1 - - [11/Feb/2018:22:52:42 +0100] "GET /images/classes/DemonHunter-Havoc.jpg HTTP/1.1" 200 977
0:0:0:0:0:0:0:1 - - [11/Feb/2018:22:52:42 +0100] "GET /images/classes/DemonHunter-Vengeance.jpg HTTP/1.1" 200 1133
0:0:0:0:0:0:0:1 - - [11/Feb/2018:22:52:42 +0100] "GET /images/classes/Druid-Balance.jpg HTTP/1.1" 200 973
0:0:0:0:0:0:0:1 - - [11/Feb/2018:22:52:42 +0100] "GET /images/classes/Druid-Feral.jpg HTTP/1.1" 200 1080
0:0:0:0:0:0:0:1 - - [11/Feb/2018:22:52:42 +0100] "GET /images/classes/Druid-Guardian.jpg HTTP/1.1" 200 1040
0:0:0:0:0:0:0:1 - - [11/Feb/2018:22:52:42 +0100] "GET /images/classes/Druid-Restoration.jpg HTTP/1.1" 200 1030
0:0:0:0:0:0:0:1 - - [11/Feb/2018:22:52:42 +0100] "GET /images/classes/Hunter-BeastMastery.jpg HTTP/1.1" 200 1186
0:0:0:0:0:0:0:1 - - [11/Feb/2018:22:52:42 +0100] "GET /images/classes/Hunter-Marksmanship.jpg HTTP/1.1" 200 1185
0:0:0:0:0:0:0:1 - - [11/Feb/2018:22:52:42 +0100] "GET /images/classes/Hunter-Survival.jpg HTTP/1.1" 200 1120
0:0:0:0:0:0:0:1 - - [11/Feb/2018:22:52:42 +0100] "GET /images/classes/Mage-Arcane.jpg HTTP/1.1" 200 1240
0:0:0:0:0:0:0:1 - - [11/Feb/2018:22:52:42 +0100] "GET /images/classes/Mage-Fire.jpg HTTP/1.1" 200 1003
0:0:0:0:0:0:0:1 - - [11/Feb/2018:22:52:42 +0100] "GET /images/classes/Mage-Frost.jpg HTTP/1.1" 200 853
0:0:0:0:0:0:0:1 - - [11/Feb/2018:22:52:42 +0100] "GET /images/classes/Monk-Brewmaster.jpg HTTP/1.1" 200 1148
0:0:0:0:0:0:0:1 - - [11/Feb/2018:22:52:42 +0100] "GET /images/classes/Monk-Mistweaver.jpg HTTP/1.1" 200 1261
0:0:0:0:0:0:0:1 - - [11/Feb/2018:22:52:42 +0100] "GET /images/classes/Monk-Windwalker.jpg HTTP/1.1" 200 1174
0:0:0:0:0:0:0:1 - - [11/Feb/2018:22:52:42 +0100] "GET /images/classes/Paladin-Holy.jpg HTTP/1.1" 200 1072
0:0:0:0:0:0:0:1 - - [11/Feb/2018:22:52:42 +0100] "GET /images/classes/Paladin-Protection.jpg HTTP/1.1" 200 1242
0:0:0:0:0:0:0:1 - - [11/Feb/2018:22:52:42 +0100] "GET /images/classes/Paladin-Retribution.jpg HTTP/1.1" 200 1255
0:0:0:0:0:0:0:1 - - [11/Feb/2018:22:52:42 +0100] "GET /images/classes/Rogue-Assassination.jpg HTTP/1.1" 200 1181
0:0:0:0:0:0:0:1 - - [11/Feb/2018:22:52:42 +0100] "GET /images/classes/Rogue-Outlaw.jpg HTTP/1.1" 200 1563
0:0:0:0:0:0:0:1 - - [11/Feb/2018:22:52:42 +0100] "GET /images/classes/Rogue-Subtlety.jpg HTTP/1.1" 200 1054
0:0:0:0:0:0:0:1 - - [11/Feb/2018:22:52:42 +0100] "GET /images/classes/Shaman-Enhancement.jpg HTTP/1.1" 200 1293
0:0:0:0:0:0:0:1 - - [11/Feb/2018:22:52:42 +0100] "GET /images/classes/Shaman-Elemental.jpg HTTP/1.1" 200 965
0:0:0:0:0:0:0:1 - - [11/Feb/2018:22:52:42 +0100] "GET /images/classes/Shaman-Restoration.jpg HTTP/1.1" 200 1302
0:0:0:0:0:0:0:1 - - [11/Feb/2018:22:52:42 +0100] "GET /images/classes/Warlock-Affliction.jpg HTTP/1.1" 200 1239
0:0:0:0:0:0:0:1 - - [11/Feb/2018:22:52:42 +0100] "GET /images/classes/Warlock-Demonology.jpg HTTP/1.1" 200 1093
0:0:0:0:0:0:0:1 - - [11/Feb/2018:22:52:42 +0100] "GET /images/classes/Warlock-Destruction.jpg HTTP/1.1" 200 1136
0:0:0:0:0:0:0:1 - - [11/Feb/2018:22:52:42 +0100] "GET /images/classes/Warrior-Arms.jpg HTTP/1.1" 200 1048
0:0:0:0:0:0:0:1 - - [11/Feb/2018:22:52:42 +0100] "GET /images/classes/Warrior-Fury.jpg HTTP/1.1" 200 1144
0:0:0:0:0:0:0:1 - - [11/Feb/2018:22:52:42 +0100] "GET /images/classes/Warrior-Protection.jpg HTTP/1.1" 200 1126
0:0:0:0:0:0:0:1 - - [11/Feb/2018:22:52:42 +0100] "GET /images/wowanalyzer.png HTTP/1.1" 200 140597
0:0:0:0:0:0:0:1 - - [11/Feb/2018:22:52:42 +0100] "GET /images/banner.png HTTP/1.1" 200 814089
0:0:0:0:0:0:0:1 - - [11/Feb/2018:22:52:43 +0100] "GET /images/varimathras-guild1.png HTTP/1.1" 200 2008677
0:0:0:0:0:0:0:1 - - [11/Feb/2018:22:52:44 +0100] "GET /images/shivarra-guild1.png HTTP/1.1" 200 3109711
0:0:0:0:0:0:0:1 - - [11/Feb/2018:22:54:04 +0100] "GET / HTTP/1.1" 200 56465
0:0:0:0:0:0:0:1 - - [11/Feb/2018:22:54:05 +0100] "GET /js/main.js HTTP/1.1" 200 3573
0:0:0:0:0:0:0:1 - - [11/Feb/2018:22:54:05 +0100] "GET /css/discord.css HTTP/1.1" 200 219
0:0:0:0:0:0:0:1 - - [11/Feb/2018:22:54:05 +0100] "GET /css/style.css HTTP/1.1" 200 4167
0:0:0:0:0:0:0:1 - - [11/Feb/2018:22:54:05 +0100] "GET /css/modal.css HTTP/1.1" 200 3213
0:0:0:0:0:0:0:1 - - [11/Feb/2018:22:54:05 +0100] "GET /images/tabard.png HTTP/1.1" 200 65088
0:0:0:0:0:0:0:1 - - [11/Feb/2018:22:54:05 +0100] "GET /images/shivarra.png HTTP/1.1" 200 200687
0:0:0:0:0:0:0:1 - - [11/Feb/2018:22:54:05 +0100] "GET /images/varimathras.png HTTP/1.1" 200 153048
0:0:0:0:0:0:0:1 - - [11/Feb/2018:22:54:05 +0100] "GET /images/kingaroth.png HTTP/1.1" 200 205312
0:0:0:0:0:0:0:1 - - [11/Feb/2018:22:54:05 +0100] "GET /images/tabard_main.png HTTP/1.1" 200 67432
0:0:0:0:0:0:0:1 - - [11/Feb/2018:22:54:05 +0100] "GET /images/classes/DeathKnight-Blood.jpg HTTP/1.1" 200 1071
0:0:0:0:0:0:0:1 - - [11/Feb/2018:22:54:05 +0100] "GET /images/classes/DeathKnight-Frost.jpg HTTP/1.1" 200 1145
0:0:0:0:0:0:0:1 - - [11/Feb/2018:22:54:05 +0100] "GET /images/classes/DeathKnight-Unholy.jpg HTTP/1.1" 200 1105
0:0:0:0:0:0:0:1 - - [11/Feb/2018:22:54:05 +0100] "GET /images/classes/DemonHunter-Havoc.jpg HTTP/1.1" 200 977
0:0:0:0:0:0:0:1 - - [11/Feb/2018:22:54:05 +0100] "GET /images/classes/DemonHunter-Vengeance.jpg HTTP/1.1" 200 1133
0:0:0:0:0:0:0:1 - - [11/Feb/2018:22:54:05 +0100] "GET /images/classes/Druid-Balance.jpg HTTP/1.1" 200 973
0:0:0:0:0:0:0:1 - - [11/Feb/2018:22:54:05 +0100] "GET /images/classes/Druid-Feral.jpg HTTP/1.1" 200 1080
0:0:0:0:0:0:0:1 - - [11/Feb/2018:22:54:05 +0100] "GET /images/classes/Druid-Guardian.jpg HTTP/1.1" 200 1040
0:0:0:0:0:0:0:1 - - [11/Feb/2018:22:54:05 +0100] "GET /images/classes/Druid-Restoration.jpg HTTP/1.1" 200 1030
0:0:0:0:0:0:0:1 - - [11/Feb/2018:22:54:05 +0100] "GET /images/classes/Hunter-BeastMastery.jpg HTTP/1.1" 200 1186
0:0:0:0:0:0:0:1 - - [11/Feb/2018:22:54:05 +0100] "GET /images/classes/Hunter-Marksmanship.jpg HTTP/1.1" 200 1185
0:0:0:0:0:0:0:1 - - [11/Feb/2018:22:54:05 +0100] "GET /images/classes/Hunter-Survival.jpg HTTP/1.1" 200 1120
0:0:0:0:0:0:0:1 - - [11/Feb/2018:22:54:05 +0100] "GET /images/classes/Mage-Arcane.jpg HTTP/1.1" 200 1240
0:0:0:0:0:0:0:1 - - [11/Feb/2018:22:54:05 +0100] "GET /images/classes/Mage-Fire.jpg HTTP/1.1" 200 1003
0:0:0:0:0:0:0:1 - - [11/Feb/2018:22:54:05 +0100] "GET /images/classes/Mage-Frost.jpg HTTP/1.1" 200 853
0:0:0:0:0:0:0:1 - - [11/Feb/2018:22:54:05 +0100] "GET /images/classes/Monk-Brewmaster.jpg HTTP/1.1" 200 1148
0:0:0:0:0:0:0:1 - - [11/Feb/2018:22:54:05 +0100] "GET /images/classes/Monk-Mistweaver.jpg HTTP/1.1" 200 1261
0:0:0:0:0:0:0:1 - - [11/Feb/2018:22:54:05 +0100] "GET /images/classes/Monk-Windwalker.jpg HTTP/1.1" 200 1174
0:0:0:0:0:0:0:1 - - [11/Feb/2018:22:54:05 +0100] "GET /images/classes/Paladin-Holy.jpg HTTP/1.1" 200 1072
0:0:0:0:0:0:0:1 - - [11/Feb/2018:22:54:05 +0100] "GET /images/classes/Paladin-Protection.jpg HTTP/1.1" 200 1242
0:0:0:0:0:0:0:1 - - [11/Feb/2018:22:54:05 +0100] "GET /images/classes/Paladin-Retribution.jpg HTTP/1.1" 200 1255
0:0:0:0:0:0:0:1 - - [11/Feb/2018:22:54:05 +0100] "GET /images/classes/Rogue-Assassination.jpg HTTP/1.1" 200 1181
0:0:0:0:0:0:0:1 - - [11/Feb/2018:22:54:05 +0100] "GET /images/classes/Rogue-Outlaw.jpg HTTP/1.1" 200 1563
0:0:0:0:0:0:0:1 - - [11/Feb/2018:22:54:05 +0100] "GET /images/classes/Rogue-Subtlety.jpg HTTP/1.1" 200 1054
0:0:0:0:0:0:0:1 - - [11/Feb/2018:22:54:05 +0100] "GET /images/classes/Shaman-Restoration.jpg HTTP/1.1" 200 1302
0:0:0:0:0:0:0:1 - - [11/Feb/2018:22:54:05 +0100] "GET /images/classes/Shaman-Enhancement.jpg HTTP/1.1" 200 1293
0:0:0:0:0:0:0:1 - - [11/Feb/2018:22:54:05 +0100] "GET /images/classes/Shaman-Elemental.jpg HTTP/1.1" 200 965
0:0:0:0:0:0:0:1 - - [11/Feb/2018:22:54:05 +0100] "GET /images/classes/Warrior-Arms.jpg HTTP/1.1" 200 1048
0:0:0:0:0:0:0:1 - - [11/Feb/2018:22:54:05 +0100] "GET /images/classes/Warlock-Demonology.jpg HTTP/1.1" 200 1093
0:0:0:0:0:0:0:1 - - [11/Feb/2018:22:54:05 +0100] "GET /images/classes/Warlock-Destruction.jpg HTTP/1.1" 200 1136
0:0:0:0:0:0:0:1 - - [11/Feb/2018:22:54:05 +0100] "GET /images/classes/Warlock-Affliction.jpg HTTP/1.1" 200 1239
0:0:0:0:0:0:0:1 - - [11/Feb/2018:22:54:05 +0100] "GET /images/classes/Warrior-Fury.jpg HTTP/1.1" 200 1144
0:0:0:0:0:0:0:1 - - [11/Feb/2018:22:54:05 +0100] "GET /images/classes/Warrior-Protection.jpg HTTP/1.1" 200 1126
0:0:0:0:0:0:0:1 - - [11/Feb/2018:22:54:05 +0100] "GET /images/wowanalyzer.png HTTP/1.1" 200 140597
0:0:0:0:0:0:0:1 - - [11/Feb/2018:22:54:05 +0100] "GET /images/banner.png HTTP/1.1" 200 814089
0:0:0:0:0:0:0:1 - - [11/Feb/2018:22:54:06 +0100] "GET /images/varimathras-guild1.png HTTP/1.1" 200 2008677
0:0:0:0:0:0:0:1 - - [11/Feb/2018:22:54:07 +0100] "GET /images/shivarra-guild1.png HTTP/1.1" 200 3109711
