0:0:0:0:0:0:0:1 - - [08/Mar/2018:23:05:56 +0100] "GET / HTTP/1.1" 200 56951
0:0:0:0:0:0:0:1 - - [08/Mar/2018:23:05:56 +0100] "GET /css/discord.css HTTP/1.1" 200 219
0:0:0:0:0:0:0:1 - - [08/Mar/2018:23:05:56 +0100] "GET /css/modal.css HTTP/1.1" 200 3213
0:0:0:0:0:0:0:1 - - [08/Mar/2018:23:05:56 +0100] "GET /css/style.css HTTP/1.1" 200 4167
0:0:0:0:0:0:0:1 - - [08/Mar/2018:23:05:56 +0100] "GET /js/main.js HTTP/1.1" 200 3573
0:0:0:0:0:0:0:1 - - [08/Mar/2018:23:05:56 +0100] "GET /images/tabard.png HTTP/1.1" 200 65088
0:0:0:0:0:0:0:1 - - [08/Mar/2018:23:05:56 +0100] "GET /images/shivarra.png HTTP/1.1" 200 200687
0:0:0:0:0:0:0:1 - - [08/Mar/2018:23:05:56 +0100] "GET /images/varimathras.png HTTP/1.1" 200 153048
0:0:0:0:0:0:0:1 - - [08/Mar/2018:23:05:56 +0100] "GET /images/classes/DeathKnight-Frost.jpg HTTP/1.1" 200 1145
0:0:0:0:0:0:0:1 - - [08/Mar/2018:23:05:56 +0100] "GET /images/classes/DemonHunter-Havoc.jpg HTTP/1.1" 200 977
0:0:0:0:0:0:0:1 - - [08/Mar/2018:23:05:56 +0100] "GET /images/kingaroth.png HTTP/1.1" 200 205312
0:0:0:0:0:0:0:1 - - [08/Mar/2018:23:05:56 +0100] "GET /images/classes/DemonHunter-Vengeance.jpg HTTP/1.1" 200 1133
0:0:0:0:0:0:0:1 - - [08/Mar/2018:23:05:56 +0100] "GET /images/classes/Druid-Balance.jpg HTTP/1.1" 200 973
0:0:0:0:0:0:0:1 - - [08/Mar/2018:23:05:56 +0100] "GET /images/classes/Druid-Guardian.jpg HTTP/1.1" 200 1040
0:0:0:0:0:0:0:1 - - [08/Mar/2018:23:05:56 +0100] "GET /images/classes/DeathKnight-Unholy.jpg HTTP/1.1" 200 1105
0:0:0:0:0:0:0:1 - - [08/Mar/2018:23:05:56 +0100] "GET /images/classes/Druid-Feral.jpg HTTP/1.1" 200 1080
0:0:0:0:0:0:0:1 - - [08/Mar/2018:23:05:56 +0100] "GET /images/tabard_main.png HTTP/1.1" 200 67432
0:0:0:0:0:0:0:1 - - [08/Mar/2018:23:05:56 +0100] "GET /images/classes/Druid-Restoration.jpg HTTP/1.1" 200 1030
0:0:0:0:0:0:0:1 - - [08/Mar/2018:23:05:56 +0100] "GET /images/classes/DeathKnight-Blood.jpg HTTP/1.1" 200 1071
0:0:0:0:0:0:0:1 - - [08/Mar/2018:23:05:57 +0100] "GET /images/classes/Hunter-BeastMastery.jpg HTTP/1.1" 200 1186
0:0:0:0:0:0:0:1 - - [08/Mar/2018:23:05:57 +0100] "GET /images/classes/Mage-Frost.jpg HTTP/1.1" 200 853
0:0:0:0:0:0:0:1 - - [08/Mar/2018:23:05:57 +0100] "GET /images/classes/Hunter-Marksmanship.jpg HTTP/1.1" 200 1185
0:0:0:0:0:0:0:1 - - [08/Mar/2018:23:05:57 +0100] "GET /images/classes/Monk-Mistweaver.jpg HTTP/1.1" 200 1261
0:0:0:0:0:0:0:1 - - [08/Mar/2018:23:05:57 +0100] "GET /images/classes/Mage-Arcane.jpg HTTP/1.1" 200 1240
0:0:0:0:0:0:0:1 - - [08/Mar/2018:23:05:57 +0100] "GET /images/classes/Hunter-Survival.jpg HTTP/1.1" 200 1120
0:0:0:0:0:0:0:1 - - [08/Mar/2018:23:05:57 +0100] "GET /images/classes/Monk-Windwalker.jpg HTTP/1.1" 200 1174
0:0:0:0:0:0:0:1 - - [08/Mar/2018:23:05:57 +0100] "GET /images/classes/Mage-Fire.jpg HTTP/1.1" 200 1003
0:0:0:0:0:0:0:1 - - [08/Mar/2018:23:05:57 +0100] "GET /images/classes/Paladin-Holy.jpg HTTP/1.1" 200 1072
0:0:0:0:0:0:0:1 - - [08/Mar/2018:23:05:57 +0100] "GET /images/classes/Monk-Brewmaster.jpg HTTP/1.1" 200 1148
0:0:0:0:0:0:0:1 - - [08/Mar/2018:23:05:57 +0100] "GET /images/classes/Paladin-Protection.jpg HTTP/1.1" 200 1242
0:0:0:0:0:0:0:1 - - [08/Mar/2018:23:05:57 +0100] "GET /images/classes/Paladin-Retribution.jpg HTTP/1.1" 200 1255
0:0:0:0:0:0:0:1 - - [08/Mar/2018:23:05:57 +0100] "GET /images/classes/Priest-Shadow.jpg HTTP/1.1" 200 1310
0:0:0:0:0:0:0:1 - - [08/Mar/2018:23:05:57 +0100] "GET /images/classes/Priest-Holy.jpg HTTP/1.1" 200 1200
0:0:0:0:0:0:0:1 - - [08/Mar/2018:23:05:57 +0100] "GET /images/classes/Rogue-Assassination.jpg HTTP/1.1" 200 1181
0:0:0:0:0:0:0:1 - - [08/Mar/2018:23:05:57 +0100] "GET /images/classes/Priest-Discipline.jpg HTTP/1.1" 200 1235
0:0:0:0:0:0:0:1 - - [08/Mar/2018:23:05:57 +0100] "GET /images/classes/Rogue-Subtlety.jpg HTTP/1.1" 200 1054
0:0:0:0:0:0:0:1 - - [08/Mar/2018:23:05:57 +0100] "GET /images/classes/Rogue-Outlaw.jpg HTTP/1.1" 200 1563
0:0:0:0:0:0:0:1 - - [08/Mar/2018:23:05:57 +0100] "GET /images/classes/Shaman-Enhancement.jpg HTTP/1.1" 200 1293
0:0:0:0:0:0:0:1 - - [08/Mar/2018:23:05:57 +0100] "GET /images/classes/Shaman-Restoration.jpg HTTP/1.1" 200 1302
0:0:0:0:0:0:0:1 - - [08/Mar/2018:23:05:57 +0100] "GET /images/classes/Shaman-Elemental.jpg HTTP/1.1" 200 965
0:0:0:0:0:0:0:1 - - [08/Mar/2018:23:05:57 +0100] "GET /images/classes/Warlock-Affliction.jpg HTTP/1.1" 200 1239
0:0:0:0:0:0:0:1 - - [08/Mar/2018:23:05:57 +0100] "GET /images/classes/Warlock-Destruction.jpg HTTP/1.1" 200 1136
0:0:0:0:0:0:0:1 - - [08/Mar/2018:23:05:57 +0100] "GET /images/classes/Warrior-Protection.jpg HTTP/1.1" 200 1126
0:0:0:0:0:0:0:1 - - [08/Mar/2018:23:05:57 +0100] "GET /images/classes/Warrior-Fury.jpg HTTP/1.1" 200 1144
0:0:0:0:0:0:0:1 - - [08/Mar/2018:23:05:57 +0100] "GET /images/classes/Warlock-Demonology.jpg HTTP/1.1" 200 1093
0:0:0:0:0:0:0:1 - - [08/Mar/2018:23:05:57 +0100] "GET /images/classes/Warrior-Arms.jpg HTTP/1.1" 200 1048
0:0:0:0:0:0:0:1 - - [08/Mar/2018:23:05:57 +0100] "GET /images/wowanalyzer.png HTTP/1.1" 200 140597
0:0:0:0:0:0:0:1 - - [08/Mar/2018:23:05:57 +0100] "GET /images/banner.png HTTP/1.1" 200 814089
0:0:0:0:0:0:0:1 - - [08/Mar/2018:23:05:57 +0100] "GET /images/varimathras-guild1.png HTTP/1.1" 200 2008677
0:0:0:0:0:0:0:1 - - [08/Mar/2018:23:05:58 +0100] "GET /images/shivarra-guild1.png HTTP/1.1" 200 3109711
0:0:0:0:0:0:0:1 - - [08/Mar/2018:23:05:59 +0100] "GET /images/favicon-32x32.png HTTP/1.1" 200 2719
0:0:0:0:0:0:0:1 - - [08/Mar/2018:23:07:09 +0100] "GET / HTTP/1.1" 200 56945
0:0:0:0:0:0:0:1 - - [08/Mar/2018:23:07:09 +0100] "GET /css/style.css HTTP/1.1" 200 4167
0:0:0:0:0:0:0:1 - - [08/Mar/2018:23:07:09 +0100] "GET /css/modal.css HTTP/1.1" 200 3213
0:0:0:0:0:0:0:1 - - [08/Mar/2018:23:07:09 +0100] "GET /js/main.js HTTP/1.1" 200 3573
0:0:0:0:0:0:0:1 - - [08/Mar/2018:23:07:09 +0100] "GET /css/discord.css HTTP/1.1" 200 219
0:0:0:0:0:0:0:1 - - [08/Mar/2018:23:07:09 +0100] "GET /images/tabard.png HTTP/1.1" 200 65088
0:0:0:0:0:0:0:1 - - [08/Mar/2018:23:07:10 +0100] "GET /images/shivarra.png HTTP/1.1" 200 200687
0:0:0:0:0:0:0:1 - - [08/Mar/2018:23:07:10 +0100] "GET /images/varimathras.png HTTP/1.1" 200 153048
0:0:0:0:0:0:0:1 - - [08/Mar/2018:23:07:10 +0100] "GET /images/kingaroth.png HTTP/1.1" 200 205312
0:0:0:0:0:0:0:1 - - [08/Mar/2018:23:07:10 +0100] "GET /images/tabard_main.png HTTP/1.1" 200 67432
0:0:0:0:0:0:0:1 - - [08/Mar/2018:23:07:10 +0100] "GET /images/classes/DeathKnight-Blood.jpg HTTP/1.1" 200 1071
0:0:0:0:0:0:0:1 - - [08/Mar/2018:23:07:10 +0100] "GET /images/classes/DeathKnight-Frost.jpg HTTP/1.1" 200 1145
0:0:0:0:0:0:0:1 - - [08/Mar/2018:23:07:10 +0100] "GET /images/classes/DeathKnight-Unholy.jpg HTTP/1.1" 200 1105
0:0:0:0:0:0:0:1 - - [08/Mar/2018:23:07:10 +0100] "GET /images/classes/DemonHunter-Havoc.jpg HTTP/1.1" 200 977
0:0:0:0:0:0:0:1 - - [08/Mar/2018:23:07:10 +0100] "GET /images/classes/DemonHunter-Vengeance.jpg HTTP/1.1" 200 1133
0:0:0:0:0:0:0:1 - - [08/Mar/2018:23:07:10 +0100] "GET /images/classes/Druid-Balance.jpg HTTP/1.1" 200 973
0:0:0:0:0:0:0:1 - - [08/Mar/2018:23:07:10 +0100] "GET /images/classes/Druid-Feral.jpg HTTP/1.1" 200 1080
0:0:0:0:0:0:0:1 - - [08/Mar/2018:23:07:10 +0100] "GET /images/classes/Druid-Guardian.jpg HTTP/1.1" 200 1040
0:0:0:0:0:0:0:1 - - [08/Mar/2018:23:07:10 +0100] "GET /images/classes/Mage-Arcane.jpg HTTP/1.1" 200 1240
0:0:0:0:0:0:0:1 - - [08/Mar/2018:23:07:10 +0100] "GET /images/classes/Druid-Restoration.jpg HTTP/1.1" 200 1030
0:0:0:0:0:0:0:1 - - [08/Mar/2018:23:07:10 +0100] "GET /images/classes/Hunter-Survival.jpg HTTP/1.1" 200 1120
0:0:0:0:0:0:0:1 - - [08/Mar/2018:23:07:10 +0100] "GET /images/classes/Hunter-BeastMastery.jpg HTTP/1.1" 200 1186
0:0:0:0:0:0:0:1 - - [08/Mar/2018:23:07:10 +0100] "GET /images/classes/Hunter-Marksmanship.jpg HTTP/1.1" 200 1185
0:0:0:0:0:0:0:1 - - [08/Mar/2018:23:07:10 +0100] "GET /images/classes/Mage-Fire.jpg HTTP/1.1" 200 1003
0:0:0:0:0:0:0:1 - - [08/Mar/2018:23:07:10 +0100] "GET /images/classes/Monk-Windwalker.jpg HTTP/1.1" 200 1174
0:0:0:0:0:0:0:1 - - [08/Mar/2018:23:07:10 +0100] "GET /images/classes/Monk-Brewmaster.jpg HTTP/1.1" 200 1148
0:0:0:0:0:0:0:1 - - [08/Mar/2018:23:07:10 +0100] "GET /images/classes/Mage-Frost.jpg HTTP/1.1" 200 853
0:0:0:0:0:0:0:1 - - [08/Mar/2018:23:07:10 +0100] "GET /images/classes/Paladin-Holy.jpg HTTP/1.1" 200 1072
0:0:0:0:0:0:0:1 - - [08/Mar/2018:23:07:10 +0100] "GET /images/classes/Monk-Mistweaver.jpg HTTP/1.1" 200 1261
0:0:0:0:0:0:0:1 - - [08/Mar/2018:23:07:10 +0100] "GET /images/classes/Paladin-Retribution.jpg HTTP/1.1" 200 1255
0:0:0:0:0:0:0:1 - - [08/Mar/2018:23:07:10 +0100] "GET /images/classes/Paladin-Protection.jpg HTTP/1.1" 200 1242
0:0:0:0:0:0:0:1 - - [08/Mar/2018:23:07:10 +0100] "GET /images/classes/Priest-Discipline.jpg HTTP/1.1" 200 1235
0:0:0:0:0:0:0:1 - - [08/Mar/2018:23:07:10 +0100] "GET /images/classes/Rogue-Subtlety.jpg HTTP/1.1" 200 1054
0:0:0:0:0:0:0:1 - - [08/Mar/2018:23:07:10 +0100] "GET /images/classes/Rogue-Assassination.jpg HTTP/1.1" 200 1181
0:0:0:0:0:0:0:1 - - [08/Mar/2018:23:07:10 +0100] "GET /images/classes/Rogue-Outlaw.jpg HTTP/1.1" 200 1563
0:0:0:0:0:0:0:1 - - [08/Mar/2018:23:07:10 +0100] "GET /images/classes/Priest-Holy.jpg HTTP/1.1" 200 1200
0:0:0:0:0:0:0:1 - - [08/Mar/2018:23:07:10 +0100] "GET /images/classes/Priest-Shadow.jpg HTTP/1.1" 200 1310
0:0:0:0:0:0:0:1 - - [08/Mar/2018:23:07:10 +0100] "GET /images/classes/Shaman-Elemental.jpg HTTP/1.1" 200 965
0:0:0:0:0:0:0:1 - - [08/Mar/2018:23:07:10 +0100] "GET /images/classes/Shaman-Restoration.jpg HTTP/1.1" 200 1302
0:0:0:0:0:0:0:1 - - [08/Mar/2018:23:07:10 +0100] "GET /images/classes/Shaman-Enhancement.jpg HTTP/1.1" 200 1293
0:0:0:0:0:0:0:1 - - [08/Mar/2018:23:07:10 +0100] "GET /images/classes/Warrior-Arms.jpg HTTP/1.1" 200 1048
0:0:0:0:0:0:0:1 - - [08/Mar/2018:23:07:10 +0100] "GET /images/classes/Warlock-Affliction.jpg HTTP/1.1" 200 1239
0:0:0:0:0:0:0:1 - - [08/Mar/2018:23:07:10 +0100] "GET /images/classes/Warrior-Protection.jpg HTTP/1.1" 200 1126
0:0:0:0:0:0:0:1 - - [08/Mar/2018:23:07:10 +0100] "GET /images/classes/Warlock-Demonology.jpg HTTP/1.1" 200 1093
0:0:0:0:0:0:0:1 - - [08/Mar/2018:23:07:10 +0100] "GET /images/classes/Warrior-Fury.jpg HTTP/1.1" 200 1144
0:0:0:0:0:0:0:1 - - [08/Mar/2018:23:07:10 +0100] "GET /images/classes/Warlock-Destruction.jpg HTTP/1.1" 200 1136
0:0:0:0:0:0:0:1 - - [08/Mar/2018:23:07:10 +0100] "GET /images/wowanalyzer.png HTTP/1.1" 200 140597
0:0:0:0:0:0:0:1 - - [08/Mar/2018:23:07:10 +0100] "GET /images/banner.png HTTP/1.1" 200 814089
0:0:0:0:0:0:0:1 - - [08/Mar/2018:23:07:10 +0100] "GET /images/varimathras-guild1.png HTTP/1.1" 200 2008677
0:0:0:0:0:0:0:1 - - [08/Mar/2018:23:07:11 +0100] "GET /images/shivarra-guild1.png HTTP/1.1" 200 3109711
0:0:0:0:0:0:0:1 - - [08/Mar/2018:23:07:12 +0100] "GET /images/favicon-32x32.png HTTP/1.1" 200 2719
