90.146.109.207 - - [05/Feb/2018:00:00:10 +0100] "GET /? HTTP/1.1" 200 33669
90.146.109.207 - - [05/Feb/2018:00:00:10 +0100] "GET /js/main.js HTTP/1.1" 200 1096
90.146.109.207 - - [05/Feb/2018:00:00:10 +0100] "GET /css/discord.css HTTP/1.1" 200 219
90.146.109.207 - - [05/Feb/2018:00:00:10 +0100] "GET /css/modal.css HTTP/1.1" 200 3211
90.146.109.207 - - [05/Feb/2018:00:00:10 +0100] "GET /css/style.css HTTP/1.1" 200 2933
90.146.109.207 - - [05/Feb/2018:00:00:10 +0100] "GET /images/tabard.png HTTP/1.1" 200 65088
90.146.109.207 - - [05/Feb/2018:00:00:10 +0100] "GET /images/varimathras.png HTTP/1.1" 200 153048
90.146.109.207 - - [05/Feb/2018:00:00:10 +0100] "GET /images/kingaroth.png HTTP/1.1" 200 205312
90.146.109.207 - - [05/Feb/2018:00:00:10 +0100] "GET /images/tabard_main.png HTTP/1.1" 200 67432
90.146.109.207 - - [05/Feb/2018:00:00:10 +0100] "GET /imgages/varimathras-guild.png HTTP/1.1" 404 144
90.146.109.207 - - [05/Feb/2018:00:00:10 +0100] "GET /images/wowanalyzer.png HTTP/1.1" 200 140597
90.146.109.207 - - [05/Feb/2018:00:00:10 +0100] "GET /img/news/01-full.jpg HTTP/1.1" 404 135
90.146.109.207 - - [05/Feb/2018:00:00:10 +0100] "GET /imgages/emerald.jpg HTTP/1.1" 404 134
90.146.109.207 - - [05/Feb/2018:00:00:10 +0100] "GET /images/banner.png HTTP/1.1" 200 814089
90.146.109.207 - - [05/Feb/2018:00:00:25 +0100] "GET /? HTTP/1.1" 200 33669
90.146.109.207 - - [05/Feb/2018:00:00:25 +0100] "GET /js/main.js HTTP/1.1" 200 1096
90.146.109.207 - - [05/Feb/2018:00:00:25 +0100] "GET /css/style.css HTTP/1.1" 200 2933
90.146.109.207 - - [05/Feb/2018:00:00:25 +0100] "GET /css/modal.css HTTP/1.1" 200 3211
90.146.109.207 - - [05/Feb/2018:00:00:25 +0100] "GET /css/discord.css HTTP/1.1" 200 219
90.146.109.207 - - [05/Feb/2018:00:00:25 +0100] "GET /images/tabard.png HTTP/1.1" 200 65088
90.146.109.207 - - [05/Feb/2018:00:00:25 +0100] "GET /images/varimathras.png HTTP/1.1" 200 153048
90.146.109.207 - - [05/Feb/2018:00:00:25 +0100] "GET /images/kingaroth.png HTTP/1.1" 200 205312
90.146.109.207 - - [05/Feb/2018:00:00:25 +0100] "GET /images/tabard_main.png HTTP/1.1" 200 67432
90.146.109.207 - - [05/Feb/2018:00:00:25 +0100] "GET /imgages/varimathras-guild.png HTTP/1.1" 404 144
90.146.109.207 - - [05/Feb/2018:00:00:25 +0100] "GET /images/wowanalyzer.png HTTP/1.1" 200 140597
90.146.109.207 - - [05/Feb/2018:00:00:25 +0100] "GET /img/news/01-full.jpg HTTP/1.1" 404 135
90.146.109.207 - - [05/Feb/2018:00:00:25 +0100] "GET /imgages/emerald.jpg HTTP/1.1" 404 134
90.146.109.207 - - [05/Feb/2018:00:00:26 +0100] "GET /images/banner.png HTTP/1.1" 200 814089
90.146.109.207 - - [05/Feb/2018:00:01:38 +0100] "GET /? HTTP/1.1" 200 33667
90.146.109.207 - - [05/Feb/2018:00:01:38 +0100] "GET /css/style.css HTTP/1.1" 200 2933
90.146.109.207 - - [05/Feb/2018:00:01:38 +0100] "GET /css/discord.css HTTP/1.1" 200 219
90.146.109.207 - - [05/Feb/2018:00:01:38 +0100] "GET /js/main.js HTTP/1.1" 200 1096
90.146.109.207 - - [05/Feb/2018:00:01:38 +0100] "GET /css/modal.css HTTP/1.1" 200 3211
90.146.109.207 - - [05/Feb/2018:00:01:39 +0100] "GET /images/tabard.png HTTP/1.1" 200 65088
90.146.109.207 - - [05/Feb/2018:00:01:39 +0100] "GET /images/varimathras.png HTTP/1.1" 200 153048
90.146.109.207 - - [05/Feb/2018:00:01:39 +0100] "GET /images/kingaroth.png HTTP/1.1" 200 205312
90.146.109.207 - - [05/Feb/2018:00:01:39 +0100] "GET /images/tabard_main.png HTTP/1.1" 200 67432
90.146.109.207 - - [05/Feb/2018:00:01:39 +0100] "GET /images/varimathras-guild.png HTTP/1.1" 200 254919
90.146.109.207 - - [05/Feb/2018:00:01:39 +0100] "GET /images/wowanalyzer.png HTTP/1.1" 200 140597
90.146.109.207 - - [05/Feb/2018:00:01:39 +0100] "GET /img/news/01-full.jpg HTTP/1.1" 404 135
90.146.109.207 - - [05/Feb/2018:00:01:39 +0100] "GET /imgages/emerald.jpg HTTP/1.1" 404 134
90.146.109.207 - - [05/Feb/2018:00:01:39 +0100] "GET /images/banner.png HTTP/1.1" 200 814089
90.146.109.207 - - [05/Feb/2018:00:03:06 +0100] "GET /? HTTP/1.1" 200 33665
90.146.109.207 - - [05/Feb/2018:00:03:06 +0100] "GET /js/main.js HTTP/1.1" 200 1096
90.146.109.207 - - [05/Feb/2018:00:03:06 +0100] "GET /css/discord.css HTTP/1.1" 200 219
90.146.109.207 - - [05/Feb/2018:00:03:06 +0100] "GET /css/modal.css HTTP/1.1" 200 3211
90.146.109.207 - - [05/Feb/2018:00:03:06 +0100] "GET /css/style.css HTTP/1.1" 200 2933
90.146.109.207 - - [05/Feb/2018:00:03:06 +0100] "GET /images/tabard.png HTTP/1.1" 200 65088
90.146.109.207 - - [05/Feb/2018:00:03:06 +0100] "GET /images/varimathras.png HTTP/1.1" 200 153048
90.146.109.207 - - [05/Feb/2018:00:03:06 +0100] "GET /images/kingaroth.png HTTP/1.1" 200 205312
90.146.109.207 - - [05/Feb/2018:00:03:06 +0100] "GET /images/tabard_main.png HTTP/1.1" 200 67432
90.146.109.207 - - [05/Feb/2018:00:03:06 +0100] "GET /images/varimathras-guild.png HTTP/1.1" 200 254919
90.146.109.207 - - [05/Feb/2018:00:03:07 +0100] "GET /images/wowanalyzer.png HTTP/1.1" 200 140597
90.146.109.207 - - [05/Feb/2018:00:03:07 +0100] "GET /img/news/01-full.jpg HTTP/1.1" 404 135
90.146.109.207 - - [05/Feb/2018:00:03:07 +0100] "GET /imgages/emerald.jpg HTTP/1.1" 404 134
90.146.109.207 - - [05/Feb/2018:00:03:07 +0100] "GET /images/banner.png HTTP/1.1" 200 814089
90.146.109.207 - - [05/Feb/2018:00:05:04 +0100] "GET /? HTTP/1.1" 200 33685
90.146.109.207 - - [05/Feb/2018:00:05:04 +0100] "GET /js/main.js HTTP/1.1" 200 1096
90.146.109.207 - - [05/Feb/2018:00:05:04 +0100] "GET /css/style.css HTTP/1.1" 200 2933
90.146.109.207 - - [05/Feb/2018:00:05:04 +0100] "GET /css/modal.css HTTP/1.1" 200 3211
90.146.109.207 - - [05/Feb/2018:00:05:04 +0100] "GET /css/discord.css HTTP/1.1" 200 219
90.146.109.207 - - [05/Feb/2018:00:05:04 +0100] "GET /images/tabard.png HTTP/1.1" 200 65088
90.146.109.207 - - [05/Feb/2018:00:05:04 +0100] "GET /images/varimathras.png HTTP/1.1" 200 153048
90.146.109.207 - - [05/Feb/2018:00:05:04 +0100] "GET /images/kingaroth.png HTTP/1.1" 200 205312
90.146.109.207 - - [05/Feb/2018:00:05:04 +0100] "GET /images/tabard_main.png HTTP/1.1" 200 67432
90.146.109.207 - - [05/Feb/2018:00:05:04 +0100] "GET /images/varimathras-guild.png HTTP/1.1" 200 230340
90.146.109.207 - - [05/Feb/2018:00:05:04 +0100] "GET /images/wowanalyzer.png HTTP/1.1" 200 140597
90.146.109.207 - - [05/Feb/2018:00:05:04 +0100] "GET /img/news/01-full.jpg HTTP/1.1" 404 135
90.146.109.207 - - [05/Feb/2018:00:05:04 +0100] "GET /imgages/emerald.jpg HTTP/1.1" 404 134
90.146.109.207 - - [05/Feb/2018:00:05:04 +0100] "GET /images/banner.png HTTP/1.1" 200 814089
90.146.109.207 - - [05/Feb/2018:00:08:24 +0100] "GET /? HTTP/1.1" 200 33715
90.146.109.207 - - [05/Feb/2018:00:08:24 +0100] "GET /css/discord.css HTTP/1.1" 200 219
90.146.109.207 - - [05/Feb/2018:00:08:24 +0100] "GET /js/main.js HTTP/1.1" 200 1096
90.146.109.207 - - [05/Feb/2018:00:08:24 +0100] "GET /css/style.css HTTP/1.1" 200 2933
90.146.109.207 - - [05/Feb/2018:00:08:24 +0100] "GET /css/modal.css HTTP/1.1" 200 3211
90.146.109.207 - - [05/Feb/2018:00:08:24 +0100] "GET /images/tabard.png HTTP/1.1" 200 65088
90.146.109.207 - - [05/Feb/2018:00:08:24 +0100] "GET /images/varimathras.png HTTP/1.1" 200 153048
90.146.109.207 - - [05/Feb/2018:00:08:24 +0100] "GET /images/kingaroth.png HTTP/1.1" 200 205312
90.146.109.207 - - [05/Feb/2018:00:08:24 +0100] "GET /images/tabard_main.png HTTP/1.1" 200 67432
90.146.109.207 - - [05/Feb/2018:00:08:24 +0100] "GET /images/varimathras-guild.png HTTP/1.1" 200 230340
90.146.109.207 - - [05/Feb/2018:00:08:24 +0100] "GET /images/wowanalyzer.png HTTP/1.1" 200 140597
90.146.109.207 - - [05/Feb/2018:00:08:24 +0100] "GET /img/news/01-full.jpg HTTP/1.1" 404 135
90.146.109.207 - - [05/Feb/2018:00:08:24 +0100] "GET /imgages/emerald.jpg HTTP/1.1" 404 134
90.146.109.207 - - [05/Feb/2018:00:08:25 +0100] "GET /images/wowanalyzer.png HTTP/1.1" 200 140597
90.146.109.207 - - [05/Feb/2018:00:08:25 +0100] "GET /img/news/01-full.jpg HTTP/1.1" 404 135
90.146.109.207 - - [05/Feb/2018:00:08:25 +0100] "GET /images/banner.png HTTP/1.1" 200 814089
0:0:0:0:0:0:0:1 - - [05/Feb/2018:20:07:27 +0100] "GET / HTTP/1.1" 200 33715
0:0:0:0:0:0:0:1 - - [05/Feb/2018:20:07:27 +0100] "GET /css/modal.css HTTP/1.1" 200 3211
0:0:0:0:0:0:0:1 - - [05/Feb/2018:20:07:27 +0100] "GET /css/style.css HTTP/1.1" 200 2933
0:0:0:0:0:0:0:1 - - [05/Feb/2018:20:07:27 +0100] "GET /css/discord.css HTTP/1.1" 200 219
0:0:0:0:0:0:0:1 - - [05/Feb/2018:20:07:27 +0100] "GET /js/main.js HTTP/1.1" 200 1096
0:0:0:0:0:0:0:1 - - [05/Feb/2018:20:07:27 +0100] "GET /images/tabard.png HTTP/1.1" 200 65088
0:0:0:0:0:0:0:1 - - [05/Feb/2018:20:07:27 +0100] "GET /images/varimathras.png HTTP/1.1" 200 153048
0:0:0:0:0:0:0:1 - - [05/Feb/2018:20:07:27 +0100] "GET /images/kingaroth.png HTTP/1.1" 200 205312
0:0:0:0:0:0:0:1 - - [05/Feb/2018:20:07:27 +0100] "GET /images/tabard_main.png HTTP/1.1" 200 67432
0:0:0:0:0:0:0:1 - - [05/Feb/2018:20:07:27 +0100] "GET /images/varimathras-guild.png HTTP/1.1" 200 230340
0:0:0:0:0:0:0:1 - - [05/Feb/2018:20:07:27 +0100] "GET /images/wowanalyzer.png HTTP/1.1" 200 140597
0:0:0:0:0:0:0:1 - - [05/Feb/2018:20:07:27 +0100] "GET /img/news/01-full.jpg HTTP/1.1" 404 135
0:0:0:0:0:0:0:1 - - [05/Feb/2018:20:07:27 +0100] "GET /imgages/emerald.jpg HTTP/1.1" 404 134
0:0:0:0:0:0:0:1 - - [05/Feb/2018:20:07:27 +0100] "GET /images/banner.png HTTP/1.1" 200 814089
0:0:0:0:0:0:0:1 - - [05/Feb/2018:20:31:59 +0100] "GET / HTTP/1.1" 200 34046
0:0:0:0:0:0:0:1 - - [05/Feb/2018:20:31:59 +0100] "GET /js/main.js HTTP/1.1" 200 1236
0:0:0:0:0:0:0:1 - - [05/Feb/2018:20:31:59 +0100] "GET /css/modal.css HTTP/1.1" 200 3211
0:0:0:0:0:0:0:1 - - [05/Feb/2018:20:31:59 +0100] "GET /css/style.css HTTP/1.1" 200 2933
0:0:0:0:0:0:0:1 - - [05/Feb/2018:20:31:59 +0100] "GET /css/discord.css HTTP/1.1" 200 219
0:0:0:0:0:0:0:1 - - [05/Feb/2018:20:31:59 +0100] "GET /images/tabard.png HTTP/1.1" 200 65088
0:0:0:0:0:0:0:1 - - [05/Feb/2018:20:31:59 +0100] "GET /images/varimathras.png HTTP/1.1" 200 153048
0:0:0:0:0:0:0:1 - - [05/Feb/2018:20:31:59 +0100] "GET /images/kingaroth.png HTTP/1.1" 200 205312
0:0:0:0:0:0:0:1 - - [05/Feb/2018:20:31:59 +0100] "GET /images/tabard_main.png HTTP/1.1" 200 67432
0:0:0:0:0:0:0:1 - - [05/Feb/2018:20:31:59 +0100] "GET /images/varimathras-guild.png HTTP/1.1" 200 230340
0:0:0:0:0:0:0:1 - - [05/Feb/2018:20:31:59 +0100] "GET /images/wowanalyzer.png HTTP/1.1" 200 140597
0:0:0:0:0:0:0:1 - - [05/Feb/2018:20:31:59 +0100] "GET /images/wowanalyzer.png HTTP/1.1" 200 140597
0:0:0:0:0:0:0:1 - - [05/Feb/2018:20:31:59 +0100] "GET /img/news/01-full.jpg HTTP/1.1" 404 135
0:0:0:0:0:0:0:1 - - [05/Feb/2018:20:31:59 +0100] "GET /imgages/emerald.jpg HTTP/1.1" 404 134
0:0:0:0:0:0:0:1 - - [05/Feb/2018:20:31:59 +0100] "GET /images/banner.png HTTP/1.1" 200 814089
0:0:0:0:0:0:0:1 - - [05/Feb/2018:20:33:04 +0100] "GET / HTTP/1.1" 200 34032
0:0:0:0:0:0:0:1 - - [05/Feb/2018:20:33:04 +0100] "GET /css/modal.css HTTP/1.1" 200 3211
0:0:0:0:0:0:0:1 - - [05/Feb/2018:20:33:04 +0100] "GET /css/discord.css HTTP/1.1" 200 219
0:0:0:0:0:0:0:1 - - [05/Feb/2018:20:33:04 +0100] "GET /css/style.css HTTP/1.1" 200 2933
0:0:0:0:0:0:0:1 - - [05/Feb/2018:20:33:04 +0100] "GET /js/main.js HTTP/1.1" 200 1236
0:0:0:0:0:0:0:1 - - [05/Feb/2018:20:33:04 +0100] "GET /images/tabard.png HTTP/1.1" 200 65088
0:0:0:0:0:0:0:1 - - [05/Feb/2018:20:33:04 +0100] "GET /images/varimathras.png HTTP/1.1" 200 153048
0:0:0:0:0:0:0:1 - - [05/Feb/2018:20:33:04 +0100] "GET /images/kingaroth.png HTTP/1.1" 200 205312
0:0:0:0:0:0:0:1 - - [05/Feb/2018:20:33:04 +0100] "GET /images/tabard_main.png HTTP/1.1" 200 67432
0:0:0:0:0:0:0:1 - - [05/Feb/2018:20:33:04 +0100] "GET /images/varimathras-guild.png HTTP/1.1" 200 230340
0:0:0:0:0:0:0:1 - - [05/Feb/2018:20:33:04 +0100] "GET /images/wowanalyzer.png HTTP/1.1" 200 140597
0:0:0:0:0:0:0:1 - - [05/Feb/2018:20:33:04 +0100] "GET /img/news/01-full.jpg HTTP/1.1" 404 135
0:0:0:0:0:0:0:1 - - [05/Feb/2018:20:33:04 +0100] "GET /imgages/emerald.jpg HTTP/1.1" 404 134
0:0:0:0:0:0:0:1 - - [05/Feb/2018:20:33:04 +0100] "GET /images/banner.png HTTP/1.1" 200 814089
0:0:0:0:0:0:0:1 - - [05/Feb/2018:20:33:06 +0100] "GET /favicon.ico HTTP/1.1" 200 946
0:0:0:0:0:0:0:1 - - [05/Feb/2018:20:33:08 +0100] "GET /images/varimathras-guild.png HTTP/1.1" 200 230340
0:0:0:0:0:0:0:1 - - [05/Feb/2018:20:33:08 +0100] "GET /images/varimathras-guild.png HTTP/1.1" 200 230340
0:0:0:0:0:0:0:1 - - [05/Feb/2018:20:33:24 +0100] "GET /images/varimathras-guild.png HTTP/1.1" 200 230340
0:0:0:0:0:0:0:1 - - [05/Feb/2018:20:33:24 +0100] "GET /images/varimathras-guild.png HTTP/1.1" 200 230340
0:0:0:0:0:0:0:1 - - [05/Feb/2018:20:34:13 +0100] "GET /css/modal.css HTTP/1.1" 200 3211
0:0:0:0:0:0:0:1 - - [05/Feb/2018:20:34:13 +0100] "GET /css/discord.css HTTP/1.1" 200 219
0:0:0:0:0:0:0:1 - - [05/Feb/2018:20:34:13 +0100] "GET /css/style.css HTTP/1.1" 200 2933
0:0:0:0:0:0:0:1 - - [05/Feb/2018:20:34:21 +0100] "GET /images/varimathras-guild.png HTTP/1.1" 200 230340
0:0:0:0:0:0:0:1 - - [05/Feb/2018:20:34:21 +0100] "GET /images/varimathras-guild.png HTTP/1.1" 200 230340
0:0:0:0:0:0:0:1 - - [05/Feb/2018:20:36:05 +0100] "GET / HTTP/1.1" 200 34032
0:0:0:0:0:0:0:1 - - [05/Feb/2018:20:36:05 +0100] "GET /js/main.js HTTP/1.1" 200 1236
0:0:0:0:0:0:0:1 - - [05/Feb/2018:20:36:05 +0100] "GET /css/style.css HTTP/1.1" 200 2933
0:0:0:0:0:0:0:1 - - [05/Feb/2018:20:36:05 +0100] "GET /css/discord.css HTTP/1.1" 200 219
0:0:0:0:0:0:0:1 - - [05/Feb/2018:20:36:05 +0100] "GET /css/modal.css HTTP/1.1" 200 3252
0:0:0:0:0:0:0:1 - - [05/Feb/2018:20:36:05 +0100] "GET /images/tabard.png HTTP/1.1" 200 65088
0:0:0:0:0:0:0:1 - - [05/Feb/2018:20:36:05 +0100] "GET /images/varimathras.png HTTP/1.1" 200 153048
0:0:0:0:0:0:0:1 - - [05/Feb/2018:20:36:05 +0100] "GET /images/kingaroth.png HTTP/1.1" 200 205312
0:0:0:0:0:0:0:1 - - [05/Feb/2018:20:36:05 +0100] "GET /images/tabard_main.png HTTP/1.1" 200 67432
0:0:0:0:0:0:0:1 - - [05/Feb/2018:20:36:05 +0100] "GET /images/varimathras-guild.png HTTP/1.1" 200 230340
0:0:0:0:0:0:0:1 - - [05/Feb/2018:20:36:05 +0100] "GET /images/wowanalyzer.png HTTP/1.1" 200 140597
0:0:0:0:0:0:0:1 - - [05/Feb/2018:20:36:05 +0100] "GET /img/news/01-full.jpg HTTP/1.1" 404 135
0:0:0:0:0:0:0:1 - - [05/Feb/2018:20:36:05 +0100] "GET /imgages/emerald.jpg HTTP/1.1" 404 134
0:0:0:0:0:0:0:1 - - [05/Feb/2018:20:36:05 +0100] "GET /images/banner.png HTTP/1.1" 200 814089
0:0:0:0:0:0:0:1 - - [05/Feb/2018:20:36:16 +0100] "GET /images/varimathras-guild.png HTTP/1.1" 200 230340
0:0:0:0:0:0:0:1 - - [05/Feb/2018:20:36:16 +0100] "GET /images/varimathras-guild.png HTTP/1.1" 200 230340
0:0:0:0:0:0:0:1 - - [05/Feb/2018:20:43:55 +0100] "GET / HTTP/1.1" 200 33793
0:0:0:0:0:0:0:1 - - [05/Feb/2018:20:43:55 +0100] "GET /css/modal.css HTTP/1.1" 200 3213
0:0:0:0:0:0:0:1 - - [05/Feb/2018:20:43:55 +0100] "GET /css/style.css HTTP/1.1" 200 2933
0:0:0:0:0:0:0:1 - - [05/Feb/2018:20:43:55 +0100] "GET /css/discord.css HTTP/1.1" 200 219
0:0:0:0:0:0:0:1 - - [05/Feb/2018:20:43:55 +0100] "GET /js/main.js HTTP/1.1" 200 1236
0:0:0:0:0:0:0:1 - - [05/Feb/2018:20:43:55 +0100] "GET /images/tabard.png HTTP/1.1" 200 65088
0:0:0:0:0:0:0:1 - - [05/Feb/2018:20:43:55 +0100] "GET /images/varimathras.png HTTP/1.1" 200 153048
0:0:0:0:0:0:0:1 - - [05/Feb/2018:20:43:55 +0100] "GET /images/kingaroth.png HTTP/1.1" 200 205312
0:0:0:0:0:0:0:1 - - [05/Feb/2018:20:43:55 +0100] "GET /images/tabard_main.png HTTP/1.1" 200 67432
0:0:0:0:0:0:0:1 - - [05/Feb/2018:20:43:55 +0100] "GET /images/wowanalyzer.png HTTP/1.1" 200 140597
0:0:0:0:0:0:0:1 - - [05/Feb/2018:20:43:55 +0100] "GET /images/banner.png HTTP/1.1" 200 814089
0:0:0:0:0:0:0:1 - - [05/Feb/2018:20:43:55 +0100] "GET /img/news/01-full.jpg HTTP/1.1" 404 135
0:0:0:0:0:0:0:1 - - [05/Feb/2018:20:43:55 +0100] "GET /imgages/emerald.jpg HTTP/1.1" 404 134
0:0:0:0:0:0:0:1 - - [05/Feb/2018:20:43:56 +0100] "GET /images/varimathras-guild1.png HTTP/1.1" 200 2008677
0:0:0:0:0:0:0:1 - - [05/Feb/2018:20:50:29 +0100] "GET / HTTP/1.1" 200 33794
0:0:0:0:0:0:0:1 - - [05/Feb/2018:20:50:29 +0100] "GET /css/style.css HTTP/1.1" 200 2933
0:0:0:0:0:0:0:1 - - [05/Feb/2018:20:50:29 +0100] "GET /js/main.js HTTP/1.1" 200 1236
0:0:0:0:0:0:0:1 - - [05/Feb/2018:20:50:29 +0100] "GET /css/modal.css HTTP/1.1" 200 3213
0:0:0:0:0:0:0:1 - - [05/Feb/2018:20:50:29 +0100] "GET /css/discord.css HTTP/1.1" 200 219
0:0:0:0:0:0:0:1 - - [05/Feb/2018:20:50:29 +0100] "GET /images/tabard.png HTTP/1.1" 200 65088
0:0:0:0:0:0:0:1 - - [05/Feb/2018:20:50:29 +0100] "GET /images/varimathras.png HTTP/1.1" 200 153048
0:0:0:0:0:0:0:1 - - [05/Feb/2018:20:50:29 +0100] "GET /images/kingaroth.png HTTP/1.1" 200 205312
0:0:0:0:0:0:0:1 - - [05/Feb/2018:20:50:29 +0100] "GET /images/tabard_main.png HTTP/1.1" 200 67432
0:0:0:0:0:0:0:1 - - [05/Feb/2018:20:50:29 +0100] "GET /images/varimathras-guild1.png HTTP/1.1" 200 2008677
0:0:0:0:0:0:0:1 - - [05/Feb/2018:20:50:29 +0100] "GET /images/wowanalyzer.png HTTP/1.1" 200 140597
0:0:0:0:0:0:0:1 - - [05/Feb/2018:20:50:29 +0100] "GET /img/news/01-full.jpg HTTP/1.1" 404 135
0:0:0:0:0:0:0:1 - - [05/Feb/2018:20:50:29 +0100] "GET /imgages/emerald.jpg HTTP/1.1" 404 134
0:0:0:0:0:0:0:1 - - [05/Feb/2018:20:50:29 +0100] "GET /images/banner.png HTTP/1.1" 200 814089
0:0:0:0:0:0:0:1 - - [05/Feb/2018:20:59:47 +0100] "GET / HTTP/1.1" 200 33794
0:0:0:0:0:0:0:1 - - [05/Feb/2018:20:59:47 +0100] "GET /js/main.js HTTP/1.1" 200 1236
0:0:0:0:0:0:0:1 - - [05/Feb/2018:20:59:47 +0100] "GET /css/discord.css HTTP/1.1" 200 219
0:0:0:0:0:0:0:1 - - [05/Feb/2018:20:59:47 +0100] "GET /css/style.css HTTP/1.1" 200 2933
0:0:0:0:0:0:0:1 - - [05/Feb/2018:20:59:47 +0100] "GET /css/modal.css HTTP/1.1" 200 3213
0:0:0:0:0:0:0:1 - - [05/Feb/2018:20:59:47 +0100] "GET /images/tabard.png HTTP/1.1" 200 65088
0:0:0:0:0:0:0:1 - - [05/Feb/2018:20:59:47 +0100] "GET /images/varimathras.png HTTP/1.1" 200 153048
0:0:0:0:0:0:0:1 - - [05/Feb/2018:20:59:47 +0100] "GET /images/kingaroth.png HTTP/1.1" 200 205312
0:0:0:0:0:0:0:1 - - [05/Feb/2018:20:59:47 +0100] "GET /images/tabard_main.png HTTP/1.1" 200 67432
0:0:0:0:0:0:0:1 - - [05/Feb/2018:20:59:47 +0100] "GET /images/varimathras-guild1.png HTTP/1.1" 200 2008677
0:0:0:0:0:0:0:1 - - [05/Feb/2018:20:59:47 +0100] "GET /images/wowanalyzer.png HTTP/1.1" 200 140597
0:0:0:0:0:0:0:1 - - [05/Feb/2018:20:59:47 +0100] "GET /img/news/01-full.jpg HTTP/1.1" 404 135
0:0:0:0:0:0:0:1 - - [05/Feb/2018:20:59:47 +0100] "GET /imgages/emerald.jpg HTTP/1.1" 404 134
0:0:0:0:0:0:0:1 - - [05/Feb/2018:20:59:47 +0100] "GET /images/banner.png HTTP/1.1" 200 814089
0:0:0:0:0:0:0:1 - - [05/Feb/2018:21:03:14 +0100] "GET / HTTP/1.1" 200 32263
0:0:0:0:0:0:0:1 - - [05/Feb/2018:21:03:14 +0100] "GET /css/discord.css HTTP/1.1" 200 219
0:0:0:0:0:0:0:1 - - [05/Feb/2018:21:03:14 +0100] "GET /js/main.js HTTP/1.1" 200 1236
0:0:0:0:0:0:0:1 - - [05/Feb/2018:21:03:14 +0100] "GET /css/style.css HTTP/1.1" 200 2933
0:0:0:0:0:0:0:1 - - [05/Feb/2018:21:03:14 +0100] "GET /css/modal.css HTTP/1.1" 200 3213
0:0:0:0:0:0:0:1 - - [05/Feb/2018:21:03:14 +0100] "GET /images/tabard.png HTTP/1.1" 200 65088
0:0:0:0:0:0:0:1 - - [05/Feb/2018:21:03:14 +0100] "GET /images/varimathras.png HTTP/1.1" 200 153048
0:0:0:0:0:0:0:1 - - [05/Feb/2018:21:03:14 +0100] "GET /images/kingaroth.png HTTP/1.1" 200 205312
0:0:0:0:0:0:0:1 - - [05/Feb/2018:21:03:14 +0100] "GET /images/tabard_main.png HTTP/1.1" 200 67432
0:0:0:0:0:0:0:1 - - [05/Feb/2018:21:03:14 +0100] "GET /images/wowanalyzer.png HTTP/1.1" 200 140597
0:0:0:0:0:0:0:1 - - [05/Feb/2018:21:03:14 +0100] "GET /images/banner.png HTTP/1.1" 200 814089
0:0:0:0:0:0:0:1 - - [05/Feb/2018:21:03:14 +0100] "GET /imgages/emerald.jpg HTTP/1.1" 404 134
0:0:0:0:0:0:0:1 - - [05/Feb/2018:21:03:14 +0100] "GET /img/news/01-full.jpg HTTP/1.1" 404 135
0:0:0:0:0:0:0:1 - - [05/Feb/2018:21:03:14 +0100] "GET /images/varimathras-guild1.png HTTP/1.1" 200 2008677
0:0:0:0:0:0:0:1 - - [05/Feb/2018:21:03:34 +0100] "GET / HTTP/1.1" 200 32263
0:0:0:0:0:0:0:1 - - [05/Feb/2018:21:03:35 +0100] "GET /js/main.js HTTP/1.1" 200 1236
0:0:0:0:0:0:0:1 - - [05/Feb/2018:21:03:35 +0100] "GET /css/discord.css HTTP/1.1" 200 219
0:0:0:0:0:0:0:1 - - [05/Feb/2018:21:03:35 +0100] "GET /css/modal.css HTTP/1.1" 200 3213
0:0:0:0:0:0:0:1 - - [05/Feb/2018:21:03:35 +0100] "GET /css/style.css HTTP/1.1" 200 2933
0:0:0:0:0:0:0:1 - - [05/Feb/2018:21:03:35 +0100] "GET /images/tabard.png HTTP/1.1" 200 65088
0:0:0:0:0:0:0:1 - - [05/Feb/2018:21:03:35 +0100] "GET /images/varimathras.png HTTP/1.1" 200 153048
0:0:0:0:0:0:0:1 - - [05/Feb/2018:21:03:35 +0100] "GET /images/kingaroth.png HTTP/1.1" 200 205312
0:0:0:0:0:0:0:1 - - [05/Feb/2018:21:03:35 +0100] "GET /images/tabard_main.png HTTP/1.1" 200 67432
0:0:0:0:0:0:0:1 - - [05/Feb/2018:21:03:35 +0100] "GET /imgages/emerald.jpg HTTP/1.1" 404 134
0:0:0:0:0:0:0:1 - - [05/Feb/2018:21:03:35 +0100] "GET /images/wowanalyzer.png HTTP/1.1" 200 140597
0:0:0:0:0:0:0:1 - - [05/Feb/2018:21:03:35 +0100] "GET /img/news/01-full.jpg HTTP/1.1" 404 135
0:0:0:0:0:0:0:1 - - [05/Feb/2018:21:03:35 +0100] "GET /images/banner.png HTTP/1.1" 200 814089
0:0:0:0:0:0:0:1 - - [05/Feb/2018:21:03:35 +0100] "GET /images/varimathras-guild1.png HTTP/1.1" 200 2008677
0:0:0:0:0:0:0:1 - - [05/Feb/2018:21:04:13 +0100] "GET / HTTP/1.1" 200 32263
0:0:0:0:0:0:0:1 - - [05/Feb/2018:21:04:13 +0100] "GET /js/main.js HTTP/1.1" 200 1236
0:0:0:0:0:0:0:1 - - [05/Feb/2018:21:04:13 +0100] "GET /css/modal.css HTTP/1.1" 200 3213
0:0:0:0:0:0:0:1 - - [05/Feb/2018:21:04:13 +0100] "GET /css/discord.css HTTP/1.1" 200 219
0:0:0:0:0:0:0:1 - - [05/Feb/2018:21:04:13 +0100] "GET /css/style.css HTTP/1.1" 200 2933
0:0:0:0:0:0:0:1 - - [05/Feb/2018:21:04:14 +0100] "GET /images/tabard.png HTTP/1.1" 200 65088
0:0:0:0:0:0:0:1 - - [05/Feb/2018:21:04:14 +0100] "GET /images/varimathras.png HTTP/1.1" 200 153048
0:0:0:0:0:0:0:1 - - [05/Feb/2018:21:04:14 +0100] "GET /images/kingaroth.png HTTP/1.1" 200 205312
0:0:0:0:0:0:0:1 - - [05/Feb/2018:21:04:14 +0100] "GET /images/tabard_main.png HTTP/1.1" 200 67432
0:0:0:0:0:0:0:1 - - [05/Feb/2018:21:04:14 +0100] "GET /images/varimathras-guild1.png HTTP/1.1" 200 2008677
0:0:0:0:0:0:0:1 - - [05/Feb/2018:21:04:14 +0100] "GET /images/wowanalyzer.png HTTP/1.1" 200 140597
0:0:0:0:0:0:0:1 - - [05/Feb/2018:21:04:14 +0100] "GET /img/news/01-full.jpg HTTP/1.1" 404 135
0:0:0:0:0:0:0:1 - - [05/Feb/2018:21:04:14 +0100] "GET /imgages/emerald.jpg HTTP/1.1" 404 134
0:0:0:0:0:0:0:1 - - [05/Feb/2018:21:04:14 +0100] "GET /images/wowanalyzer.png HTTP/1.1" 200 140597
0:0:0:0:0:0:0:1 - - [05/Feb/2018:21:04:14 +0100] "GET /images/banner.png HTTP/1.1" 200 814089
0:0:0:0:0:0:0:1 - - [05/Feb/2018:21:09:04 +0100] "GET / HTTP/1.1" 500 374
0:0:0:0:0:0:0:1 - - [05/Feb/2018:21:10:03 +0100] "GET / HTTP/1.1" 200 32352
0:0:0:0:0:0:0:1 - - [05/Feb/2018:21:10:03 +0100] "GET /css/modal.css HTTP/1.1" 200 3213
0:0:0:0:0:0:0:1 - - [05/Feb/2018:21:10:03 +0100] "GET /css/discord.css HTTP/1.1" 200 219
0:0:0:0:0:0:0:1 - - [05/Feb/2018:21:10:03 +0100] "GET /css/style.css HTTP/1.1" 200 2933
0:0:0:0:0:0:0:1 - - [05/Feb/2018:21:10:03 +0100] "GET /js/main.js HTTP/1.1" 200 1236
0:0:0:0:0:0:0:1 - - [05/Feb/2018:21:10:03 +0100] "GET /images/tabard.png HTTP/1.1" 200 65088
0:0:0:0:0:0:0:1 - - [05/Feb/2018:21:10:03 +0100] "GET /images/varimathras.png HTTP/1.1" 200 153048
0:0:0:0:0:0:0:1 - - [05/Feb/2018:21:10:03 +0100] "GET /images/kingaroth.png HTTP/1.1" 200 205312
0:0:0:0:0:0:0:1 - - [05/Feb/2018:21:10:03 +0100] "GET /images/tabard_main.png HTTP/1.1" 200 67432
0:0:0:0:0:0:0:1 - - [05/Feb/2018:21:10:03 +0100] "GET /images/varimathras-guild1.png HTTP/1.1" 200 2008677
0:0:0:0:0:0:0:1 - - [05/Feb/2018:21:10:03 +0100] "GET /images/wowanalyzer.png HTTP/1.1" 200 140597
0:0:0:0:0:0:0:1 - - [05/Feb/2018:21:10:04 +0100] "GET /imgages/emerald.jpg HTTP/1.1" 404 134
0:0:0:0:0:0:0:1 - - [05/Feb/2018:21:10:04 +0100] "GET /img/news/01-full.jpg HTTP/1.1" 404 135
0:0:0:0:0:0:0:1 - - [05/Feb/2018:21:10:04 +0100] "GET /images/banner.png HTTP/1.1" 200 814089
0:0:0:0:0:0:0:1 - - [05/Feb/2018:21:10:04 +0100] "GET / HTTP/1.1" 200 32352
0:0:0:0:0:0:0:1 - - [05/Feb/2018:21:10:04 +0100] "GET /js/main.js HTTP/1.1" 200 1236
0:0:0:0:0:0:0:1 - - [05/Feb/2018:21:10:04 +0100] "GET /css/modal.css HTTP/1.1" 200 3213
0:0:0:0:0:0:0:1 - - [05/Feb/2018:21:10:04 +0100] "GET /css/discord.css HTTP/1.1" 200 219
0:0:0:0:0:0:0:1 - - [05/Feb/2018:21:10:04 +0100] "GET /css/style.css HTTP/1.1" 200 2933
0:0:0:0:0:0:0:1 - - [05/Feb/2018:21:10:04 +0100] "GET /images/tabard.png HTTP/1.1" 200 65088
0:0:0:0:0:0:0:1 - - [05/Feb/2018:21:10:04 +0100] "GET /images/varimathras.png HTTP/1.1" 200 153048
0:0:0:0:0:0:0:1 - - [05/Feb/2018:21:10:04 +0100] "GET /images/kingaroth.png HTTP/1.1" 200 205312
0:0:0:0:0:0:0:1 - - [05/Feb/2018:21:10:04 +0100] "GET /images/tabard_main.png HTTP/1.1" 200 67432
0:0:0:0:0:0:0:1 - - [05/Feb/2018:21:10:04 +0100] "GET /imgages/emerald.jpg HTTP/1.1" 404 134
0:0:0:0:0:0:0:1 - - [05/Feb/2018:21:10:04 +0100] "GET /img/news/01-full.jpg HTTP/1.1" 404 135
0:0:0:0:0:0:0:1 - - [05/Feb/2018:21:10:04 +0100] "GET /images/wowanalyzer.png HTTP/1.1" 200 140597
0:0:0:0:0:0:0:1 - - [05/Feb/2018:21:10:04 +0100] "GET /images/banner.png HTTP/1.1" 200 814089
0:0:0:0:0:0:0:1 - - [05/Feb/2018:21:10:04 +0100] "GET /images/varimathras-guild1.png HTTP/1.1" 200 2008677
0:0:0:0:0:0:0:1 - - [05/Feb/2018:21:11:52 +0100] "GET / HTTP/1.1" 200 32307
0:0:0:0:0:0:0:1 - - [05/Feb/2018:21:11:53 +0100] "GET /js/main.js HTTP/1.1" 200 1236
0:0:0:0:0:0:0:1 - - [05/Feb/2018:21:11:53 +0100] "GET /css/modal.css HTTP/1.1" 200 3213
0:0:0:0:0:0:0:1 - - [05/Feb/2018:21:11:53 +0100] "GET /css/style.css HTTP/1.1" 200 2933
0:0:0:0:0:0:0:1 - - [05/Feb/2018:21:11:53 +0100] "GET /css/discord.css HTTP/1.1" 200 219
0:0:0:0:0:0:0:1 - - [05/Feb/2018:21:11:53 +0100] "GET /images/tabard.png HTTP/1.1" 200 65088
0:0:0:0:0:0:0:1 - - [05/Feb/2018:21:11:53 +0100] "GET /images/varimathras.png HTTP/1.1" 200 153048
0:0:0:0:0:0:0:1 - - [05/Feb/2018:21:11:53 +0100] "GET /images/kingaroth.png HTTP/1.1" 200 205312
0:0:0:0:0:0:0:1 - - [05/Feb/2018:21:11:53 +0100] "GET /images/tabard_main.png HTTP/1.1" 200 67432
0:0:0:0:0:0:0:1 - - [05/Feb/2018:21:11:53 +0100] "GET /images/wowanalyzer.png HTTP/1.1" 200 140597
0:0:0:0:0:0:0:1 - - [05/Feb/2018:21:11:53 +0100] "GET /images/banner.png HTTP/1.1" 200 814089
0:0:0:0:0:0:0:1 - - [05/Feb/2018:21:11:53 +0100] "GET /imgages/emerald.jpg HTTP/1.1" 404 134
0:0:0:0:0:0:0:1 - - [05/Feb/2018:21:11:53 +0100] "GET /img/news/01-full.jpg HTTP/1.1" 404 135
0:0:0:0:0:0:0:1 - - [05/Feb/2018:21:11:53 +0100] "GET /images/varimathras-guild1.png HTTP/1.1" 200 2008677
0:0:0:0:0:0:0:1 - - [05/Feb/2018:21:12:11 +0100] "GET / HTTP/1.1" 200 32307
0:0:0:0:0:0:0:1 - - [05/Feb/2018:21:12:11 +0100] "GET /js/main.js HTTP/1.1" 200 1236
0:0:0:0:0:0:0:1 - - [05/Feb/2018:21:12:11 +0100] "GET /css/modal.css HTTP/1.1" 200 3213
0:0:0:0:0:0:0:1 - - [05/Feb/2018:21:12:11 +0100] "GET /css/discord.css HTTP/1.1" 200 219
0:0:0:0:0:0:0:1 - - [05/Feb/2018:21:12:11 +0100] "GET /css/style.css HTTP/1.1" 200 2933
0:0:0:0:0:0:0:1 - - [05/Feb/2018:21:12:11 +0100] "GET /images/tabard.png HTTP/1.1" 200 65088
0:0:0:0:0:0:0:1 - - [05/Feb/2018:21:12:11 +0100] "GET /images/varimathras.png HTTP/1.1" 200 153048
0:0:0:0:0:0:0:1 - - [05/Feb/2018:21:12:11 +0100] "GET /images/kingaroth.png HTTP/1.1" 200 205312
0:0:0:0:0:0:0:1 - - [05/Feb/2018:21:12:11 +0100] "GET /images/tabard_main.png HTTP/1.1" 200 67432
0:0:0:0:0:0:0:1 - - [05/Feb/2018:21:12:11 +0100] "GET /images/wowanalyzer.png HTTP/1.1" 200 140597
0:0:0:0:0:0:0:1 - - [05/Feb/2018:21:12:11 +0100] "GET /img/news/01-full.jpg HTTP/1.1" 404 135
0:0:0:0:0:0:0:1 - - [05/Feb/2018:21:12:11 +0100] "GET /imgages/emerald.jpg HTTP/1.1" 404 134
0:0:0:0:0:0:0:1 - - [05/Feb/2018:21:12:11 +0100] "GET /images/banner.png HTTP/1.1" 200 814089
0:0:0:0:0:0:0:1 - - [05/Feb/2018:21:12:11 +0100] "GET /images/varimathras-guild1.png HTTP/1.1" 200 2008677
0:0:0:0:0:0:0:1 - - [05/Feb/2018:21:13:27 +0100] "GET / HTTP/1.1" 200 32261
0:0:0:0:0:0:0:1 - - [05/Feb/2018:21:13:27 +0100] "GET /js/main.js HTTP/1.1" 200 1236
0:0:0:0:0:0:0:1 - - [05/Feb/2018:21:13:27 +0100] "GET /css/discord.css HTTP/1.1" 200 219
0:0:0:0:0:0:0:1 - - [05/Feb/2018:21:13:27 +0100] "GET /css/modal.css HTTP/1.1" 200 3213
0:0:0:0:0:0:0:1 - - [05/Feb/2018:21:13:27 +0100] "GET /css/style.css HTTP/1.1" 200 2933
0:0:0:0:0:0:0:1 - - [05/Feb/2018:21:13:27 +0100] "GET /images/tabard.png HTTP/1.1" 200 65088
0:0:0:0:0:0:0:1 - - [05/Feb/2018:21:13:27 +0100] "GET /images/varimathras.png HTTP/1.1" 200 153048
0:0:0:0:0:0:0:1 - - [05/Feb/2018:21:13:27 +0100] "GET /images/kingaroth.png HTTP/1.1" 200 205312
0:0:0:0:0:0:0:1 - - [05/Feb/2018:21:13:27 +0100] "GET /images/tabard_main.png HTTP/1.1" 200 67432
0:0:0:0:0:0:0:1 - - [05/Feb/2018:21:13:28 +0100] "GET /images/wowanalyzer.png HTTP/1.1" 200 140597
0:0:0:0:0:0:0:1 - - [05/Feb/2018:21:13:28 +0100] "GET /images/banner.png HTTP/1.1" 200 814089
0:0:0:0:0:0:0:1 - - [05/Feb/2018:21:13:28 +0100] "GET /imgages/emerald.jpg HTTP/1.1" 404 134
0:0:0:0:0:0:0:1 - - [05/Feb/2018:21:13:28 +0100] "GET /img/news/01-full.jpg HTTP/1.1" 404 135
0:0:0:0:0:0:0:1 - - [05/Feb/2018:21:13:28 +0100] "GET /images/varimathras-guild1.png HTTP/1.1" 200 2008677
0:0:0:0:0:0:0:1 - - [05/Feb/2018:22:18:34 +0100] "GET / HTTP/1.1" 200 32530
0:0:0:0:0:0:0:1 - - [05/Feb/2018:22:18:34 +0100] "GET /css/discord.css HTTP/1.1" 200 219
0:0:0:0:0:0:0:1 - - [05/Feb/2018:22:18:34 +0100] "GET /css/style.css HTTP/1.1" 200 2933
0:0:0:0:0:0:0:1 - - [05/Feb/2018:22:18:34 +0100] "GET /css/modal.css HTTP/1.1" 200 3213
0:0:0:0:0:0:0:1 - - [05/Feb/2018:22:18:34 +0100] "GET /js/main.js HTTP/1.1" 200 1236
0:0:0:0:0:0:0:1 - - [05/Feb/2018:22:18:34 +0100] "GET /images/tabard.png HTTP/1.1" 200 65088
0:0:0:0:0:0:0:1 - - [05/Feb/2018:22:18:34 +0100] "GET /images/varimathras.png HTTP/1.1" 200 153048
0:0:0:0:0:0:0:1 - - [05/Feb/2018:22:18:34 +0100] "GET /images/kingaroth.png HTTP/1.1" 200 205312
0:0:0:0:0:0:0:1 - - [05/Feb/2018:22:18:34 +0100] "GET /images/tabard_main.png HTTP/1.1" 200 67432
0:0:0:0:0:0:0:1 - - [05/Feb/2018:22:18:34 +0100] "GET /images/wowanalyzer.png HTTP/1.1" 200 140597
0:0:0:0:0:0:0:1 - - [05/Feb/2018:22:18:34 +0100] "GET /images/banner.png HTTP/1.1" 200 814089
0:0:0:0:0:0:0:1 - - [05/Feb/2018:22:18:34 +0100] "GET /imgages/emerald.jpg HTTP/1.1" 404 134
0:0:0:0:0:0:0:1 - - [05/Feb/2018:22:18:34 +0100] "GET /img/news/01-full.jpg HTTP/1.1" 404 135
0:0:0:0:0:0:0:1 - - [05/Feb/2018:22:18:35 +0100] "GET /images/varimathras-guild1.png HTTP/1.1" 200 2008677
0:0:0:0:0:0:0:1 - - [05/Feb/2018:22:19:57 +0100] "GET / HTTP/1.1" 200 32530
0:0:0:0:0:0:0:1 - - [05/Feb/2018:22:19:57 +0100] "GET /css/modal.css HTTP/1.1" 200 3213
0:0:0:0:0:0:0:1 - - [05/Feb/2018:22:19:57 +0100] "GET /css/discord.css HTTP/1.1" 200 219
0:0:0:0:0:0:0:1 - - [05/Feb/2018:22:19:57 +0100] "GET /js/main.js HTTP/1.1" 200 1236
0:0:0:0:0:0:0:1 - - [05/Feb/2018:22:19:57 +0100] "GET /css/style.css HTTP/1.1" 200 2933
0:0:0:0:0:0:0:1 - - [05/Feb/2018:22:19:57 +0100] "GET /images/tabard.png HTTP/1.1" 200 65088
0:0:0:0:0:0:0:1 - - [05/Feb/2018:22:19:57 +0100] "GET /images/varimathras.png HTTP/1.1" 200 153048
0:0:0:0:0:0:0:1 - - [05/Feb/2018:22:19:57 +0100] "GET /images/kingaroth.png HTTP/1.1" 200 205312
0:0:0:0:0:0:0:1 - - [05/Feb/2018:22:19:57 +0100] "GET /images/tabard_main.png HTTP/1.1" 200 67432
0:0:0:0:0:0:0:1 - - [05/Feb/2018:22:19:57 +0100] "GET /images/varimathras-guild1.png HTTP/1.1" 200 2008677
0:0:0:0:0:0:0:1 - - [05/Feb/2018:22:19:57 +0100] "GET /images/wowanalyzer.png HTTP/1.1" 200 140597
0:0:0:0:0:0:0:1 - - [05/Feb/2018:22:19:58 +0100] "GET /img/news/01-full.jpg HTTP/1.1" 404 135
0:0:0:0:0:0:0:1 - - [05/Feb/2018:22:19:58 +0100] "GET /imgages/emerald.jpg HTTP/1.1" 404 134
0:0:0:0:0:0:0:1 - - [05/Feb/2018:22:19:58 +0100] "GET /images/banner.png HTTP/1.1" 200 814089
0:0:0:0:0:0:0:1 - - [05/Feb/2018:22:20:06 +0100] "GET / HTTP/1.1" 200 32530
0:0:0:0:0:0:0:1 - - [05/Feb/2018:22:20:06 +0100] "GET /js/main.js HTTP/1.1" 200 1236
0:0:0:0:0:0:0:1 - - [05/Feb/2018:22:20:06 +0100] "GET /css/modal.css HTTP/1.1" 200 3213
0:0:0:0:0:0:0:1 - - [05/Feb/2018:22:20:06 +0100] "GET /css/discord.css HTTP/1.1" 200 219
0:0:0:0:0:0:0:1 - - [05/Feb/2018:22:20:06 +0100] "GET /css/style.css HTTP/1.1" 200 2933
0:0:0:0:0:0:0:1 - - [05/Feb/2018:22:20:06 +0100] "GET /images/tabard.png HTTP/1.1" 200 65088
0:0:0:0:0:0:0:1 - - [05/Feb/2018:22:20:06 +0100] "GET /images/varimathras.png HTTP/1.1" 200 153048
0:0:0:0:0:0:0:1 - - [05/Feb/2018:22:20:06 +0100] "GET /images/kingaroth.png HTTP/1.1" 200 205312
0:0:0:0:0:0:0:1 - - [05/Feb/2018:22:20:06 +0100] "GET /images/tabard_main.png HTTP/1.1" 200 67432
0:0:0:0:0:0:0:1 - - [05/Feb/2018:22:20:06 +0100] "GET /images/varimathras-guild1.png HTTP/1.1" 200 2008677
0:0:0:0:0:0:0:1 - - [05/Feb/2018:22:20:06 +0100] "GET /images/wowanalyzer.png HTTP/1.1" 200 140597
0:0:0:0:0:0:0:1 - - [05/Feb/2018:22:20:06 +0100] "GET /img/news/01-full.jpg HTTP/1.1" 404 135
0:0:0:0:0:0:0:1 - - [05/Feb/2018:22:20:06 +0100] "GET /imgages/emerald.jpg HTTP/1.1" 404 134
0:0:0:0:0:0:0:1 - - [05/Feb/2018:22:20:09 +0100] "GET /images/wowanalyzer.png HTTP/1.1" 200 140597
0:0:0:0:0:0:0:1 - - [05/Feb/2018:22:20:09 +0100] "GET /images/banner.png HTTP/1.1" 200 814089
0:0:0:0:0:0:0:1 - - [05/Feb/2018:22:20:33 +0100] "GET /favicon-32x32.png HTTP/1.1" 200 3170
0:0:0:0:0:0:0:1 - - [05/Feb/2018:22:23:22 +0100] "GET /js/main.js HTTP/1.1" 200 1236
0:0:0:0:0:0:0:1 - - [05/Feb/2018:22:23:22 +0100] "GET /css/discord.css HTTP/1.1" 200 219
0:0:0:0:0:0:0:1 - - [05/Feb/2018:22:23:22 +0100] "GET /css/style.css HTTP/1.1" 200 2933
0:0:0:0:0:0:0:1 - - [05/Feb/2018:22:23:22 +0100] "GET /css/modal.css HTTP/1.1" 200 3213
0:0:0:0:0:0:0:1 - - [05/Feb/2018:22:23:22 +0100] "GET /images/tabard.png HTTP/1.1" 200 65088
0:0:0:0:0:0:0:1 - - [05/Feb/2018:22:23:22 +0100] "GET /images/varimathras.png HTTP/1.1" 200 153048
0:0:0:0:0:0:0:1 - - [05/Feb/2018:22:23:22 +0100] "GET /images/kingaroth.png HTTP/1.1" 200 205312
0:0:0:0:0:0:0:1 - - [05/Feb/2018:22:23:22 +0100] "GET /images/tabard_main.png HTTP/1.1" 200 67432
0:0:0:0:0:0:0:1 - - [05/Feb/2018:22:23:22 +0100] "GET /images/wowanalyzer.png HTTP/1.1" 200 140597
0:0:0:0:0:0:0:1 - - [05/Feb/2018:22:23:22 +0100] "GET /images/banner.png HTTP/1.1" 200 814089
0:0:0:0:0:0:0:1 - - [05/Feb/2018:22:23:23 +0100] "GET /images/varimathras-guild1.png HTTP/1.1" 200 2008677
0:0:0:0:0:0:0:1 - - [05/Feb/2018:22:23:25 +0100] "GET / HTTP/1.1" 200 32296
0:0:0:0:0:0:0:1 - - [05/Feb/2018:22:23:26 +0100] "GET /js/main.js HTTP/1.1" 200 1236
0:0:0:0:0:0:0:1 - - [05/Feb/2018:22:23:26 +0100] "GET /css/modal.css HTTP/1.1" 200 3213
0:0:0:0:0:0:0:1 - - [05/Feb/2018:22:23:26 +0100] "GET /css/style.css HTTP/1.1" 200 2933
0:0:0:0:0:0:0:1 - - [05/Feb/2018:22:23:26 +0100] "GET /css/discord.css HTTP/1.1" 200 219
0:0:0:0:0:0:0:1 - - [05/Feb/2018:22:23:26 +0100] "GET /images/tabard.png HTTP/1.1" 200 65088
0:0:0:0:0:0:0:1 - - [05/Feb/2018:22:23:26 +0100] "GET /images/varimathras.png HTTP/1.1" 200 153048
0:0:0:0:0:0:0:1 - - [05/Feb/2018:22:23:26 +0100] "GET /images/kingaroth.png HTTP/1.1" 200 205312
0:0:0:0:0:0:0:1 - - [05/Feb/2018:22:23:26 +0100] "GET /images/tabard_main.png HTTP/1.1" 200 67432
0:0:0:0:0:0:0:1 - - [05/Feb/2018:22:23:26 +0100] "GET /images/wowanalyzer.png HTTP/1.1" 200 140597
0:0:0:0:0:0:0:1 - - [05/Feb/2018:22:23:26 +0100] "GET /images/banner.png HTTP/1.1" 200 814089
0:0:0:0:0:0:0:1 - - [05/Feb/2018:22:23:26 +0100] "GET /img/news/01-full.jpg HTTP/1.1" 404 135
0:0:0:0:0:0:0:1 - - [05/Feb/2018:22:23:26 +0100] "GET /imgages/emerald.jpg HTTP/1.1" 404 134
0:0:0:0:0:0:0:1 - - [05/Feb/2018:22:23:26 +0100] "GET /images/varimathras-guild1.png HTTP/1.1" 200 2008677
0:0:0:0:0:0:0:1 - - [05/Feb/2018:22:23:37 +0100] "GET / HTTP/1.1" 200 32296
0:0:0:0:0:0:0:1 - - [05/Feb/2018:22:23:37 +0100] "GET /js/main.js HTTP/1.1" 200 1236
0:0:0:0:0:0:0:1 - - [05/Feb/2018:22:23:37 +0100] "GET /css/modal.css HTTP/1.1" 200 3213
0:0:0:0:0:0:0:1 - - [05/Feb/2018:22:23:37 +0100] "GET /css/style.css HTTP/1.1" 200 2933
0:0:0:0:0:0:0:1 - - [05/Feb/2018:22:23:37 +0100] "GET /css/discord.css HTTP/1.1" 200 219
0:0:0:0:0:0:0:1 - - [05/Feb/2018:22:23:37 +0100] "GET /images/tabard.png HTTP/1.1" 200 65088
0:0:0:0:0:0:0:1 - - [05/Feb/2018:22:23:37 +0100] "GET /images/varimathras.png HTTP/1.1" 200 153048
0:0:0:0:0:0:0:1 - - [05/Feb/2018:22:23:37 +0100] "GET /images/kingaroth.png HTTP/1.1" 200 205312
0:0:0:0:0:0:0:1 - - [05/Feb/2018:22:23:37 +0100] "GET /images/tabard_main.png HTTP/1.1" 200 67432
0:0:0:0:0:0:0:1 - - [05/Feb/2018:22:23:37 +0100] "GET /images/varimathras-guild1.png HTTP/1.1" 200 2008677
0:0:0:0:0:0:0:1 - - [05/Feb/2018:22:23:37 +0100] "GET /images/wowanalyzer.png HTTP/1.1" 200 140597
0:0:0:0:0:0:0:1 - - [05/Feb/2018:22:23:37 +0100] "GET /img/news/01-full.jpg HTTP/1.1" 404 135
0:0:0:0:0:0:0:1 - - [05/Feb/2018:22:23:37 +0100] "GET /imgages/emerald.jpg HTTP/1.1" 404 134
0:0:0:0:0:0:0:1 - - [05/Feb/2018:22:23:38 +0100] "GET /images/wowanalyzer.png HTTP/1.1" 200 140597
0:0:0:0:0:0:0:1 - - [05/Feb/2018:22:23:38 +0100] "GET /images/banner.png HTTP/1.1" 200 814089
0:0:0:0:0:0:0:1 - - [05/Feb/2018:22:24:10 +0100] "GET / HTTP/1.1" 200 32296
0:0:0:0:0:0:0:1 - - [05/Feb/2018:22:24:10 +0100] "GET /css/discord.css HTTP/1.1" 200 219
0:0:0:0:0:0:0:1 - - [05/Feb/2018:22:24:10 +0100] "GET /js/main.js HTTP/1.1" 200 1236
0:0:0:0:0:0:0:1 - - [05/Feb/2018:22:24:10 +0100] "GET /css/modal.css HTTP/1.1" 200 3213
0:0:0:0:0:0:0:1 - - [05/Feb/2018:22:24:10 +0100] "GET /css/style.css HTTP/1.1" 200 2933
0:0:0:0:0:0:0:1 - - [05/Feb/2018:22:24:10 +0100] "GET /images/tabard.png HTTP/1.1" 200 65088
0:0:0:0:0:0:0:1 - - [05/Feb/2018:22:24:10 +0100] "GET /images/varimathras.png HTTP/1.1" 200 153048
0:0:0:0:0:0:0:1 - - [05/Feb/2018:22:24:10 +0100] "GET /images/kingaroth.png HTTP/1.1" 200 205312
0:0:0:0:0:0:0:1 - - [05/Feb/2018:22:24:10 +0100] "GET /images/tabard_main.png HTTP/1.1" 200 67432
0:0:0:0:0:0:0:1 - - [05/Feb/2018:22:24:10 +0100] "GET /images/wowanalyzer.png HTTP/1.1" 200 140597
0:0:0:0:0:0:0:1 - - [05/Feb/2018:22:24:10 +0100] "GET /images/banner.png HTTP/1.1" 200 814089
0:0:0:0:0:0:0:1 - - [05/Feb/2018:22:24:10 +0100] "GET /img/news/01-full.jpg HTTP/1.1" 404 135
0:0:0:0:0:0:0:1 - - [05/Feb/2018:22:24:10 +0100] "GET /imgages/emerald.jpg HTTP/1.1" 404 134
0:0:0:0:0:0:0:1 - - [05/Feb/2018:22:24:11 +0100] "GET /images/varimathras-guild1.png HTTP/1.1" 200 2008677
0:0:0:0:0:0:0:1 - - [05/Feb/2018:22:24:22 +0100] "GET / HTTP/1.1" 200 32296
0:0:0:0:0:0:0:1 - - [05/Feb/2018:22:24:22 +0100] "GET /js/main.js HTTP/1.1" 200 1236
0:0:0:0:0:0:0:1 - - [05/Feb/2018:22:24:22 +0100] "GET /css/discord.css HTTP/1.1" 200 219
0:0:0:0:0:0:0:1 - - [05/Feb/2018:22:24:22 +0100] "GET /css/modal.css HTTP/1.1" 200 3213
0:0:0:0:0:0:0:1 - - [05/Feb/2018:22:24:22 +0100] "GET /css/style.css HTTP/1.1" 200 2933
0:0:0:0:0:0:0:1 - - [05/Feb/2018:22:24:22 +0100] "GET /images/tabard.png HTTP/1.1" 200 65088
0:0:0:0:0:0:0:1 - - [05/Feb/2018:22:24:22 +0100] "GET /images/varimathras.png HTTP/1.1" 200 153048
0:0:0:0:0:0:0:1 - - [05/Feb/2018:22:24:22 +0100] "GET /images/kingaroth.png HTTP/1.1" 200 205312
0:0:0:0:0:0:0:1 - - [05/Feb/2018:22:24:22 +0100] "GET /images/tabard_main.png HTTP/1.1" 200 67432
0:0:0:0:0:0:0:1 - - [05/Feb/2018:22:24:22 +0100] "GET /images/varimathras-guild1.png HTTP/1.1" 200 2008677
0:0:0:0:0:0:0:1 - - [05/Feb/2018:22:24:22 +0100] "GET /images/wowanalyzer.png HTTP/1.1" 200 140597
0:0:0:0:0:0:0:1 - - [05/Feb/2018:22:24:22 +0100] "GET /img/news/01-full.jpg HTTP/1.1" 404 135
0:0:0:0:0:0:0:1 - - [05/Feb/2018:22:24:22 +0100] "GET /imgages/emerald.jpg HTTP/1.1" 404 134
0:0:0:0:0:0:0:1 - - [05/Feb/2018:22:24:22 +0100] "GET /images/wowanalyzer.png HTTP/1.1" 200 140597
0:0:0:0:0:0:0:1 - - [05/Feb/2018:22:24:22 +0100] "GET /images/banner.png HTTP/1.1" 200 814089
0:0:0:0:0:0:0:1 - - [05/Feb/2018:22:35:41 +0100] "GET / HTTP/1.1" 200 32296
0:0:0:0:0:0:0:1 - - [05/Feb/2018:22:35:41 +0100] "GET /css/discord.css HTTP/1.1" 200 219
0:0:0:0:0:0:0:1 - - [05/Feb/2018:22:35:41 +0100] "GET /css/modal.css HTTP/1.1" 200 3213
0:0:0:0:0:0:0:1 - - [05/Feb/2018:22:35:41 +0100] "GET /js/main.js HTTP/1.1" 200 1236
0:0:0:0:0:0:0:1 - - [05/Feb/2018:22:35:41 +0100] "GET /css/style.css HTTP/1.1" 200 2933
0:0:0:0:0:0:0:1 - - [05/Feb/2018:22:35:41 +0100] "GET /images/tabard.png HTTP/1.1" 200 65088
0:0:0:0:0:0:0:1 - - [05/Feb/2018:22:35:41 +0100] "GET /images/varimathras.png HTTP/1.1" 200 153048
0:0:0:0:0:0:0:1 - - [05/Feb/2018:22:35:42 +0100] "GET /images/kingaroth.png HTTP/1.1" 200 205312
0:0:0:0:0:0:0:1 - - [05/Feb/2018:22:35:42 +0100] "GET /images/tabard_main.png HTTP/1.1" 200 67432
0:0:0:0:0:0:0:1 - - [05/Feb/2018:22:35:42 +0100] "GET /images/varimathras-guild1.png HTTP/1.1" 200 2008677
0:0:0:0:0:0:0:1 - - [05/Feb/2018:22:35:42 +0100] "GET /images/wowanalyzer.png HTTP/1.1" 200 140597
0:0:0:0:0:0:0:1 - - [05/Feb/2018:22:35:42 +0100] "GET /img/news/01-full.jpg HTTP/1.1" 404 135
0:0:0:0:0:0:0:1 - - [05/Feb/2018:22:35:42 +0100] "GET /imgages/emerald.jpg HTTP/1.1" 404 134
0:0:0:0:0:0:0:1 - - [05/Feb/2018:22:35:42 +0100] "GET /images/banner.png HTTP/1.1" 200 814089
0:0:0:0:0:0:0:1 - - [05/Feb/2018:22:41:04 +0100] "GET / HTTP/1.1" 200 32296
0:0:0:0:0:0:0:1 - - [05/Feb/2018:22:41:04 +0100] "GET /css/discord.css HTTP/1.1" 200 219
0:0:0:0:0:0:0:1 - - [05/Feb/2018:22:41:04 +0100] "GET /css/style.css HTTP/1.1" 200 2933
0:0:0:0:0:0:0:1 - - [05/Feb/2018:22:41:04 +0100] "GET /css/modal.css HTTP/1.1" 200 3213
0:0:0:0:0:0:0:1 - - [05/Feb/2018:22:41:04 +0100] "GET /js/main.js HTTP/1.1" 200 1236
0:0:0:0:0:0:0:1 - - [05/Feb/2018:22:41:04 +0100] "GET /images/tabard.png HTTP/1.1" 200 65088
0:0:0:0:0:0:0:1 - - [05/Feb/2018:22:41:04 +0100] "GET /images/varimathras.png HTTP/1.1" 200 153048
0:0:0:0:0:0:0:1 - - [05/Feb/2018:22:41:04 +0100] "GET /images/kingaroth.png HTTP/1.1" 200 205312
0:0:0:0:0:0:0:1 - - [05/Feb/2018:22:41:04 +0100] "GET /images/tabard_main.png HTTP/1.1" 200 67432
0:0:0:0:0:0:0:1 - - [05/Feb/2018:22:41:04 +0100] "GET /images/varimathras-guild1.png HTTP/1.1" 200 2008677
0:0:0:0:0:0:0:1 - - [05/Feb/2018:22:41:04 +0100] "GET /images/wowanalyzer.png HTTP/1.1" 200 140597
0:0:0:0:0:0:0:1 - - [05/Feb/2018:22:41:04 +0100] "GET /img/news/01-full.jpg HTTP/1.1" 404 135
0:0:0:0:0:0:0:1 - - [05/Feb/2018:22:41:04 +0100] "GET /imgages/emerald.jpg HTTP/1.1" 404 134
0:0:0:0:0:0:0:1 - - [05/Feb/2018:22:41:04 +0100] "GET /images/banner.png HTTP/1.1" 200 814089
0:0:0:0:0:0:0:1 - - [05/Feb/2018:22:43:01 +0100] "GET / HTTP/1.1" 200 32296
0:0:0:0:0:0:0:1 - - [05/Feb/2018:22:43:01 +0100] "GET /css/style.css HTTP/1.1" 200 2933
0:0:0:0:0:0:0:1 - - [05/Feb/2018:22:43:01 +0100] "GET /css/discord.css HTTP/1.1" 200 219
0:0:0:0:0:0:0:1 - - [05/Feb/2018:22:43:01 +0100] "GET /css/modal.css HTTP/1.1" 200 3213
0:0:0:0:0:0:0:1 - - [05/Feb/2018:22:43:01 +0100] "GET /js/main.js HTTP/1.1" 200 1236
0:0:0:0:0:0:0:1 - - [05/Feb/2018:22:43:01 +0100] "GET /images/tabard.png HTTP/1.1" 200 65088
0:0:0:0:0:0:0:1 - - [05/Feb/2018:22:43:01 +0100] "GET /images/varimathras.png HTTP/1.1" 200 153048
0:0:0:0:0:0:0:1 - - [05/Feb/2018:22:43:01 +0100] "GET /images/kingaroth.png HTTP/1.1" 200 205312
0:0:0:0:0:0:0:1 - - [05/Feb/2018:22:43:01 +0100] "GET /images/tabard_main.png HTTP/1.1" 200 67432
0:0:0:0:0:0:0:1 - - [05/Feb/2018:22:43:01 +0100] "GET /images/varimathras-guild1.png HTTP/1.1" 200 2008677
0:0:0:0:0:0:0:1 - - [05/Feb/2018:22:43:01 +0100] "GET /images/wowanalyzer.png HTTP/1.1" 200 140597
0:0:0:0:0:0:0:1 - - [05/Feb/2018:22:43:01 +0100] "GET /img/news/01-full.jpg HTTP/1.1" 404 135
0:0:0:0:0:0:0:1 - - [05/Feb/2018:22:43:01 +0100] "GET /imgages/emerald.jpg HTTP/1.1" 404 134
0:0:0:0:0:0:0:1 - - [05/Feb/2018:22:43:01 +0100] "GET /images/banner.png HTTP/1.1" 200 814089
0:0:0:0:0:0:0:1 - - [05/Feb/2018:22:46:27 +0100] "GET / HTTP/1.1" 200 32368
0:0:0:0:0:0:0:1 - - [05/Feb/2018:22:46:27 +0100] "GET /css/discord.css HTTP/1.1" 200 219
0:0:0:0:0:0:0:1 - - [05/Feb/2018:22:46:27 +0100] "GET /js/main.js HTTP/1.1" 200 1236
0:0:0:0:0:0:0:1 - - [05/Feb/2018:22:46:27 +0100] "GET /css/modal.css HTTP/1.1" 200 3213
0:0:0:0:0:0:0:1 - - [05/Feb/2018:22:46:27 +0100] "GET /css/style.css HTTP/1.1" 200 2933
0:0:0:0:0:0:0:1 - - [05/Feb/2018:22:46:27 +0100] "GET /images/tabard.png HTTP/1.1" 200 65088
0:0:0:0:0:0:0:1 - - [05/Feb/2018:22:46:27 +0100] "GET /images/varimathras.png HTTP/1.1" 200 153048
0:0:0:0:0:0:0:1 - - [05/Feb/2018:22:46:27 +0100] "GET /images/kingaroth.png HTTP/1.1" 200 205312
0:0:0:0:0:0:0:1 - - [05/Feb/2018:22:46:27 +0100] "GET /images/tabard_main.png HTTP/1.1" 200 67432
0:0:0:0:0:0:0:1 - - [05/Feb/2018:22:46:27 +0100] "GET /images/varimathras-guild1.png HTTP/1.1" 200 2008677
0:0:0:0:0:0:0:1 - - [05/Feb/2018:22:46:27 +0100] "GET /images/wowanalyzer.png HTTP/1.1" 200 140597
0:0:0:0:0:0:0:1 - - [05/Feb/2018:22:46:27 +0100] "GET /img/news/01-full.jpg HTTP/1.1" 404 135
0:0:0:0:0:0:0:1 - - [05/Feb/2018:22:46:27 +0100] "GET /imgages/emerald.jpg HTTP/1.1" 404 134
0:0:0:0:0:0:0:1 - - [05/Feb/2018:22:46:27 +0100] "GET /images/wowanalyzer.png HTTP/1.1" 200 140597
0:0:0:0:0:0:0:1 - - [05/Feb/2018:22:46:27 +0100] "GET /images/banner.png HTTP/1.1" 200 814089
0:0:0:0:0:0:0:1 - - [05/Feb/2018:22:46:31 +0100] "GET /images/favicon-32x32.png HTTP/1.1" 200 2719
0:0:0:0:0:0:0:1 - - [05/Feb/2018:22:46:43 +0100] "GET / HTTP/1.1" 200 32368
0:0:0:0:0:0:0:1 - - [05/Feb/2018:22:46:43 +0100] "GET /js/main.js HTTP/1.1" 200 1236
0:0:0:0:0:0:0:1 - - [05/Feb/2018:22:46:43 +0100] "GET /css/modal.css HTTP/1.1" 200 3213
0:0:0:0:0:0:0:1 - - [05/Feb/2018:22:46:43 +0100] "GET /css/discord.css HTTP/1.1" 200 219
0:0:0:0:0:0:0:1 - - [05/Feb/2018:22:46:43 +0100] "GET /css/style.css HTTP/1.1" 200 2933
0:0:0:0:0:0:0:1 - - [05/Feb/2018:22:46:43 +0100] "GET /images/tabard.png HTTP/1.1" 200 65088
0:0:0:0:0:0:0:1 - - [05/Feb/2018:22:46:43 +0100] "GET /images/varimathras.png HTTP/1.1" 200 153048
0:0:0:0:0:0:0:1 - - [05/Feb/2018:22:46:43 +0100] "GET /images/kingaroth.png HTTP/1.1" 200 205312
0:0:0:0:0:0:0:1 - - [05/Feb/2018:22:46:43 +0100] "GET /images/tabard_main.png HTTP/1.1" 200 67432
0:0:0:0:0:0:0:1 - - [05/Feb/2018:22:46:43 +0100] "GET /images/wowanalyzer.png HTTP/1.1" 200 140597
0:0:0:0:0:0:0:1 - - [05/Feb/2018:22:46:43 +0100] "GET /imgages/emerald.jpg HTTP/1.1" 404 134
0:0:0:0:0:0:0:1 - - [05/Feb/2018:22:46:43 +0100] "GET /img/news/01-full.jpg HTTP/1.1" 404 135
0:0:0:0:0:0:0:1 - - [05/Feb/2018:22:46:43 +0100] "GET /images/banner.png HTTP/1.1" 200 814089
0:0:0:0:0:0:0:1 - - [05/Feb/2018:22:46:43 +0100] "GET /images/varimathras-guild1.png HTTP/1.1" 200 2008677
0:0:0:0:0:0:0:1 - - [05/Feb/2018:22:50:15 +0100] "GET / HTTP/1.1" 200 32820
0:0:0:0:0:0:0:1 - - [05/Feb/2018:22:50:16 +0100] "GET /css/discord.css HTTP/1.1" 200 219
0:0:0:0:0:0:0:1 - - [05/Feb/2018:22:50:16 +0100] "GET /css/modal.css HTTP/1.1" 200 3213
0:0:0:0:0:0:0:1 - - [05/Feb/2018:22:50:16 +0100] "GET /js/main.js HTTP/1.1" 200 1236
0:0:0:0:0:0:0:1 - - [05/Feb/2018:22:50:16 +0100] "GET /css/style.css HTTP/1.1" 200 2933
0:0:0:0:0:0:0:1 - - [05/Feb/2018:22:50:16 +0100] "GET /images/tabard.png HTTP/1.1" 200 65088
0:0:0:0:0:0:0:1 - - [05/Feb/2018:22:50:16 +0100] "GET /images/varimathras.png HTTP/1.1" 200 153048
0:0:0:0:0:0:0:1 - - [05/Feb/2018:22:50:16 +0100] "GET /images/kingaroth.png HTTP/1.1" 200 205312
0:0:0:0:0:0:0:1 - - [05/Feb/2018:22:50:16 +0100] "GET /images/tabard_main.png HTTP/1.1" 200 67432
0:0:0:0:0:0:0:1 - - [05/Feb/2018:22:50:16 +0100] "GET /images/wowanalyzer.png HTTP/1.1" 200 140597
0:0:0:0:0:0:0:1 - - [05/Feb/2018:22:50:16 +0100] "GET /img/news/01-full.jpg HTTP/1.1" 404 135
0:0:0:0:0:0:0:1 - - [05/Feb/2018:22:50:16 +0100] "GET /imgages/emerald.jpg HTTP/1.1" 404 134
0:0:0:0:0:0:0:1 - - [05/Feb/2018:22:50:16 +0100] "GET /images/banner.png HTTP/1.1" 200 814089
0:0:0:0:0:0:0:1 - - [05/Feb/2018:22:50:16 +0100] "GET /images/varimathras-guild1.png HTTP/1.1" 200 2008677
0:0:0:0:0:0:0:1 - - [05/Feb/2018:22:53:33 +0100] "GET / HTTP/1.1" 200 32836
0:0:0:0:0:0:0:1 - - [05/Feb/2018:22:53:33 +0100] "GET /css/discord.css HTTP/1.1" 200 219
0:0:0:0:0:0:0:1 - - [05/Feb/2018:22:53:33 +0100] "GET /css/modal.css HTTP/1.1" 200 3213
0:0:0:0:0:0:0:1 - - [05/Feb/2018:22:53:33 +0100] "GET /js/main.js HTTP/1.1" 200 1236
0:0:0:0:0:0:0:1 - - [05/Feb/2018:22:53:33 +0100] "GET /css/style.css HTTP/1.1" 200 2933
0:0:0:0:0:0:0:1 - - [05/Feb/2018:22:53:33 +0100] "GET /images/tabard.png HTTP/1.1" 200 65088
0:0:0:0:0:0:0:1 - - [05/Feb/2018:22:53:33 +0100] "GET /images/varimathras.png HTTP/1.1" 200 153048
0:0:0:0:0:0:0:1 - - [05/Feb/2018:22:53:33 +0100] "GET /images/kingaroth.png HTTP/1.1" 200 205312
0:0:0:0:0:0:0:1 - - [05/Feb/2018:22:53:33 +0100] "GET /images/tabard_main.png HTTP/1.1" 200 67432
0:0:0:0:0:0:0:1 - - [05/Feb/2018:22:53:33 +0100] "GET /images/varimathras-guild1.png HTTP/1.1" 200 2008677
0:0:0:0:0:0:0:1 - - [05/Feb/2018:22:53:33 +0100] "GET /images/wowanalyzer.png HTTP/1.1" 200 140597
0:0:0:0:0:0:0:1 - - [05/Feb/2018:22:53:33 +0100] "GET /img/news/01-full.jpg HTTP/1.1" 404 135
0:0:0:0:0:0:0:1 - - [05/Feb/2018:22:53:33 +0100] "GET /imgages/emerald.jpg HTTP/1.1" 404 134
0:0:0:0:0:0:0:1 - - [05/Feb/2018:22:53:33 +0100] "GET /images/wowanalyzer.png HTTP/1.1" 200 140597
0:0:0:0:0:0:0:1 - - [05/Feb/2018:22:53:33 +0100] "GET /images/banner.png HTTP/1.1" 200 814089
0:0:0:0:0:0:0:1 - - [05/Feb/2018:22:54:57 +0100] "GET / HTTP/1.1" 200 31102
0:0:0:0:0:0:0:1 - - [05/Feb/2018:22:54:57 +0100] "GET /css/style.css HTTP/1.1" 200 2933
0:0:0:0:0:0:0:1 - - [05/Feb/2018:22:54:57 +0100] "GET /css/modal.css HTTP/1.1" 200 3213
0:0:0:0:0:0:0:1 - - [05/Feb/2018:22:54:57 +0100] "GET /js/main.js HTTP/1.1" 200 1236
0:0:0:0:0:0:0:1 - - [05/Feb/2018:22:54:57 +0100] "GET /css/discord.css HTTP/1.1" 200 219
0:0:0:0:0:0:0:1 - - [05/Feb/2018:22:54:57 +0100] "GET /images/tabard.png HTTP/1.1" 200 65088
0:0:0:0:0:0:0:1 - - [05/Feb/2018:22:54:57 +0100] "GET /images/varimathras.png HTTP/1.1" 200 153048
0:0:0:0:0:0:0:1 - - [05/Feb/2018:22:54:57 +0100] "GET /images/kingaroth.png HTTP/1.1" 200 205312
0:0:0:0:0:0:0:1 - - [05/Feb/2018:22:54:57 +0100] "GET /images/tabard_main.png HTTP/1.1" 200 67432
0:0:0:0:0:0:0:1 - - [05/Feb/2018:22:54:57 +0100] "GET /images/wowanalyzer.png HTTP/1.1" 200 140597
0:0:0:0:0:0:0:1 - - [05/Feb/2018:22:54:57 +0100] "GET /images/banner.png HTTP/1.1" 200 814089
0:0:0:0:0:0:0:1 - - [05/Feb/2018:22:54:57 +0100] "GET /imgages/emerald.jpg HTTP/1.1" 404 134
0:0:0:0:0:0:0:1 - - [05/Feb/2018:22:54:57 +0100] "GET /img/news/01-full.jpg HTTP/1.1" 404 135
0:0:0:0:0:0:0:1 - - [05/Feb/2018:22:54:58 +0100] "GET /images/varimathras-guild1.png HTTP/1.1" 200 2008677
0:0:0:0:0:0:0:1 - - [05/Feb/2018:22:55:06 +0100] "GET / HTTP/1.1" 200 31102
0:0:0:0:0:0:0:1 - - [05/Feb/2018:22:55:06 +0100] "GET /js/main.js HTTP/1.1" 200 1236
0:0:0:0:0:0:0:1 - - [05/Feb/2018:22:55:06 +0100] "GET /css/modal.css HTTP/1.1" 200 3213
0:0:0:0:0:0:0:1 - - [05/Feb/2018:22:55:06 +0100] "GET /css/discord.css HTTP/1.1" 200 219
0:0:0:0:0:0:0:1 - - [05/Feb/2018:22:55:06 +0100] "GET /css/style.css HTTP/1.1" 200 2933
0:0:0:0:0:0:0:1 - - [05/Feb/2018:22:55:06 +0100] "GET /images/tabard.png HTTP/1.1" 200 65088
0:0:0:0:0:0:0:1 - - [05/Feb/2018:22:55:06 +0100] "GET /images/varimathras.png HTTP/1.1" 200 153048
0:0:0:0:0:0:0:1 - - [05/Feb/2018:22:55:06 +0100] "GET /images/kingaroth.png HTTP/1.1" 200 205312
0:0:0:0:0:0:0:1 - - [05/Feb/2018:22:55:06 +0100] "GET /images/tabard_main.png HTTP/1.1" 200 67432
0:0:0:0:0:0:0:1 - - [05/Feb/2018:22:55:06 +0100] "GET /images/wowanalyzer.png HTTP/1.1" 200 140597
0:0:0:0:0:0:0:1 - - [05/Feb/2018:22:55:06 +0100] "GET /img/news/01-full.jpg HTTP/1.1" 404 135
0:0:0:0:0:0:0:1 - - [05/Feb/2018:22:55:06 +0100] "GET /imgages/emerald.jpg HTTP/1.1" 404 134
0:0:0:0:0:0:0:1 - - [05/Feb/2018:22:55:06 +0100] "GET /images/banner.png HTTP/1.1" 200 814089
0:0:0:0:0:0:0:1 - - [05/Feb/2018:22:55:06 +0100] "GET /images/varimathras-guild1.png HTTP/1.1" 200 2008677
0:0:0:0:0:0:0:1 - - [05/Feb/2018:23:01:03 +0100] "GET / HTTP/1.1" 200 31593
0:0:0:0:0:0:0:1 - - [05/Feb/2018:23:01:03 +0100] "GET /css/style.css HTTP/1.1" 200 2933
0:0:0:0:0:0:0:1 - - [05/Feb/2018:23:01:03 +0100] "GET /css/discord.css HTTP/1.1" 200 219
0:0:0:0:0:0:0:1 - - [05/Feb/2018:23:01:03 +0100] "GET /js/main.js HTTP/1.1" 200 1236
0:0:0:0:0:0:0:1 - - [05/Feb/2018:23:01:03 +0100] "GET /css/modal.css HTTP/1.1" 200 3213
0:0:0:0:0:0:0:1 - - [05/Feb/2018:23:01:03 +0100] "GET /images/tabard.png HTTP/1.1" 200 65088
0:0:0:0:0:0:0:1 - - [05/Feb/2018:23:01:03 +0100] "GET /images/varimathras.png HTTP/1.1" 200 153048
0:0:0:0:0:0:0:1 - - [05/Feb/2018:23:01:03 +0100] "GET /images/kingaroth.png HTTP/1.1" 200 205312
0:0:0:0:0:0:0:1 - - [05/Feb/2018:23:01:03 +0100] "GET /images/tabard_main.png HTTP/1.1" 200 67432
0:0:0:0:0:0:0:1 - - [05/Feb/2018:23:01:03 +0100] "GET /images/classes/DeathKnight-Blood.jpg HTTP/1.1" 200 1071
0:0:0:0:0:0:0:1 - - [05/Feb/2018:23:01:03 +0100] "GET /images/classes/DeathKnight-Frost.jpg HTTP/1.1" 200 1145
0:0:0:0:0:0:0:1 - - [05/Feb/2018:23:01:03 +0100] "GET /images/classes/DeathKnight-Unholy.jpg HTTP/1.1" 200 1105
0:0:0:0:0:0:0:1 - - [05/Feb/2018:23:01:03 +0100] "GET /images/wowanalyzer.png HTTP/1.1" 200 140597
0:0:0:0:0:0:0:1 - - [05/Feb/2018:23:01:03 +0100] "GET /images/banner.png HTTP/1.1" 200 814089
0:0:0:0:0:0:0:1 - - [05/Feb/2018:23:01:03 +0100] "GET /imgages/emerald.jpg HTTP/1.1" 404 134
0:0:0:0:0:0:0:1 - - [05/Feb/2018:23:01:03 +0100] "GET /img/news/01-full.jpg HTTP/1.1" 404 135
0:0:0:0:0:0:0:1 - - [05/Feb/2018:23:01:03 +0100] "GET /images/varimathras-guild1.png HTTP/1.1" 200 2008677
0:0:0:0:0:0:0:1 - - [05/Feb/2018:23:04:06 +0100] "GET / HTTP/1.1" 200 31610
0:0:0:0:0:0:0:1 - - [05/Feb/2018:23:04:06 +0100] "GET /css/discord.css HTTP/1.1" 200 219
0:0:0:0:0:0:0:1 - - [05/Feb/2018:23:04:06 +0100] "GET /js/main.js HTTP/1.1" 200 1236
0:0:0:0:0:0:0:1 - - [05/Feb/2018:23:04:06 +0100] "GET /css/style.css HTTP/1.1" 200 3029
0:0:0:0:0:0:0:1 - - [05/Feb/2018:23:04:06 +0100] "GET /css/modal.css HTTP/1.1" 200 3213
0:0:0:0:0:0:0:1 - - [05/Feb/2018:23:04:06 +0100] "GET /images/tabard.png HTTP/1.1" 200 65088
0:0:0:0:0:0:0:1 - - [05/Feb/2018:23:04:06 +0100] "GET /images/varimathras.png HTTP/1.1" 200 153048
0:0:0:0:0:0:0:1 - - [05/Feb/2018:23:04:06 +0100] "GET /images/kingaroth.png HTTP/1.1" 200 205312
0:0:0:0:0:0:0:1 - - [05/Feb/2018:23:04:06 +0100] "GET /images/tabard_main.png HTTP/1.1" 200 67432
0:0:0:0:0:0:0:1 - - [05/Feb/2018:23:04:06 +0100] "GET /images/classes/DeathKnight-Blood.jpg HTTP/1.1" 200 1071
0:0:0:0:0:0:0:1 - - [05/Feb/2018:23:04:06 +0100] "GET /images/classes/DeathKnight-Frost.jpg HTTP/1.1" 200 1145
0:0:0:0:0:0:0:1 - - [05/Feb/2018:23:04:06 +0100] "GET /images/classes/DeathKnight-Unholy.jpg HTTP/1.1" 200 1105
0:0:0:0:0:0:0:1 - - [05/Feb/2018:23:04:07 +0100] "GET /images/varimathras-guild1.png HTTP/1.1" 200 2008677
0:0:0:0:0:0:0:1 - - [05/Feb/2018:23:04:07 +0100] "GET /images/wowanalyzer.png HTTP/1.1" 200 140597
0:0:0:0:0:0:0:1 - - [05/Feb/2018:23:04:07 +0100] "GET /img/news/01-full.jpg HTTP/1.1" 404 135
0:0:0:0:0:0:0:1 - - [05/Feb/2018:23:04:07 +0100] "GET /imgages/emerald.jpg HTTP/1.1" 404 134
0:0:0:0:0:0:0:1 - - [05/Feb/2018:23:04:07 +0100] "GET /images/banner.png HTTP/1.1" 200 814089
0:0:0:0:0:0:0:1 - - [05/Feb/2018:23:04:41 +0100] "GET / HTTP/1.1" 200 31610
0:0:0:0:0:0:0:1 - - [05/Feb/2018:23:04:41 +0100] "GET /css/style.css HTTP/1.1" 200 3028
0:0:0:0:0:0:0:1 - - [05/Feb/2018:23:04:41 +0100] "GET /css/modal.css HTTP/1.1" 200 3213
0:0:0:0:0:0:0:1 - - [05/Feb/2018:23:04:41 +0100] "GET /js/main.js HTTP/1.1" 200 1236
0:0:0:0:0:0:0:1 - - [05/Feb/2018:23:04:41 +0100] "GET /css/discord.css HTTP/1.1" 200 219
0:0:0:0:0:0:0:1 - - [05/Feb/2018:23:04:41 +0100] "GET /images/tabard.png HTTP/1.1" 200 65088
0:0:0:0:0:0:0:1 - - [05/Feb/2018:23:04:41 +0100] "GET /images/varimathras.png HTTP/1.1" 200 153048
0:0:0:0:0:0:0:1 - - [05/Feb/2018:23:04:41 +0100] "GET /images/kingaroth.png HTTP/1.1" 200 205312
0:0:0:0:0:0:0:1 - - [05/Feb/2018:23:04:41 +0100] "GET /images/tabard_main.png HTTP/1.1" 200 67432
0:0:0:0:0:0:0:1 - - [05/Feb/2018:23:04:41 +0100] "GET /images/classes/DeathKnight-Blood.jpg HTTP/1.1" 200 1071
0:0:0:0:0:0:0:1 - - [05/Feb/2018:23:04:41 +0100] "GET /images/classes/DeathKnight-Frost.jpg HTTP/1.1" 200 1145
0:0:0:0:0:0:0:1 - - [05/Feb/2018:23:04:41 +0100] "GET /images/classes/DeathKnight-Unholy.jpg HTTP/1.1" 200 1105
0:0:0:0:0:0:0:1 - - [05/Feb/2018:23:04:41 +0100] "GET /images/wowanalyzer.png HTTP/1.1" 200 140597
0:0:0:0:0:0:0:1 - - [05/Feb/2018:23:04:41 +0100] "GET /images/banner.png HTTP/1.1" 200 814089
0:0:0:0:0:0:0:1 - - [05/Feb/2018:23:04:41 +0100] "GET /imgages/emerald.jpg HTTP/1.1" 404 134
0:0:0:0:0:0:0:1 - - [05/Feb/2018:23:04:41 +0100] "GET /img/news/01-full.jpg HTTP/1.1" 404 135
0:0:0:0:0:0:0:1 - - [05/Feb/2018:23:04:41 +0100] "GET /images/varimathras-guild1.png HTTP/1.1" 200 2008677
0:0:0:0:0:0:0:1 - - [05/Feb/2018:23:08:17 +0100] "GET / HTTP/1.1" 200 31643
0:0:0:0:0:0:0:1 - - [05/Feb/2018:23:08:17 +0100] "GET /css/style.css HTTP/1.1" 200 3151
0:0:0:0:0:0:0:1 - - [05/Feb/2018:23:08:17 +0100] "GET /js/main.js HTTP/1.1" 200 1236
0:0:0:0:0:0:0:1 - - [05/Feb/2018:23:08:17 +0100] "GET /css/modal.css HTTP/1.1" 200 3213
0:0:0:0:0:0:0:1 - - [05/Feb/2018:23:08:17 +0100] "GET /css/discord.css HTTP/1.1" 200 219
0:0:0:0:0:0:0:1 - - [05/Feb/2018:23:08:17 +0100] "GET /images/tabard.png HTTP/1.1" 200 65088
0:0:0:0:0:0:0:1 - - [05/Feb/2018:23:08:17 +0100] "GET /images/varimathras.png HTTP/1.1" 200 153048
0:0:0:0:0:0:0:1 - - [05/Feb/2018:23:08:17 +0100] "GET /images/kingaroth.png HTTP/1.1" 200 205312
0:0:0:0:0:0:0:1 - - [05/Feb/2018:23:08:17 +0100] "GET /images/tabard_main.png HTTP/1.1" 200 67432
0:0:0:0:0:0:0:1 - - [05/Feb/2018:23:08:17 +0100] "GET /images/classes/DeathKnight-Blood.jpg HTTP/1.1" 200 1071
0:0:0:0:0:0:0:1 - - [05/Feb/2018:23:08:17 +0100] "GET /images/classes/DeathKnight-Frost.jpg HTTP/1.1" 200 1145
0:0:0:0:0:0:0:1 - - [05/Feb/2018:23:08:17 +0100] "GET /images/classes/DeathKnight-Unholy.jpg HTTP/1.1" 200 1105
0:0:0:0:0:0:0:1 - - [05/Feb/2018:23:08:17 +0100] "GET /images/wowanalyzer.png HTTP/1.1" 200 140597
0:0:0:0:0:0:0:1 - - [05/Feb/2018:23:08:17 +0100] "GET /images/banner.png HTTP/1.1" 200 814089
0:0:0:0:0:0:0:1 - - [05/Feb/2018:23:08:17 +0100] "GET /imgages/emerald.jpg HTTP/1.1" 404 134
0:0:0:0:0:0:0:1 - - [05/Feb/2018:23:08:17 +0100] "GET /img/news/01-full.jpg HTTP/1.1" 404 135
0:0:0:0:0:0:0:1 - - [05/Feb/2018:23:08:17 +0100] "GET /images/varimathras-guild1.png HTTP/1.1" 200 2008677
0:0:0:0:0:0:0:1 - - [05/Feb/2018:23:12:04 +0100] "GET / HTTP/1.1" 200 31643
0:0:0:0:0:0:0:1 - - [05/Feb/2018:23:12:04 +0100] "GET /js/main.js HTTP/1.1" 200 1236
0:0:0:0:0:0:0:1 - - [05/Feb/2018:23:12:04 +0100] "GET /css/modal.css HTTP/1.1" 200 3213
0:0:0:0:0:0:0:1 - - [05/Feb/2018:23:12:04 +0100] "GET /css/discord.css HTTP/1.1" 200 219
0:0:0:0:0:0:0:1 - - [05/Feb/2018:23:12:04 +0100] "GET /css/style.css HTTP/1.1" 200 3173
0:0:0:0:0:0:0:1 - - [05/Feb/2018:23:12:05 +0100] "GET /images/tabard.png HTTP/1.1" 200 65088
0:0:0:0:0:0:0:1 - - [05/Feb/2018:23:12:05 +0100] "GET /images/varimathras.png HTTP/1.1" 200 153048
0:0:0:0:0:0:0:1 - - [05/Feb/2018:23:12:05 +0100] "GET /images/kingaroth.png HTTP/1.1" 200 205312
0:0:0:0:0:0:0:1 - - [05/Feb/2018:23:12:05 +0100] "GET /images/tabard_main.png HTTP/1.1" 200 67432
0:0:0:0:0:0:0:1 - - [05/Feb/2018:23:12:05 +0100] "GET /images/classes/DeathKnight-Blood.jpg HTTP/1.1" 200 1071
0:0:0:0:0:0:0:1 - - [05/Feb/2018:23:12:05 +0100] "GET /images/classes/DeathKnight-Frost.jpg HTTP/1.1" 200 1145
0:0:0:0:0:0:0:1 - - [05/Feb/2018:23:12:05 +0100] "GET /images/classes/DeathKnight-Unholy.jpg HTTP/1.1" 200 1105
0:0:0:0:0:0:0:1 - - [05/Feb/2018:23:12:05 +0100] "GET /images/wowanalyzer.png HTTP/1.1" 200 140597
0:0:0:0:0:0:0:1 - - [05/Feb/2018:23:12:05 +0100] "GET /images/banner.png HTTP/1.1" 200 814089
0:0:0:0:0:0:0:1 - - [05/Feb/2018:23:12:05 +0100] "GET /imgages/emerald.jpg HTTP/1.1" 404 134
0:0:0:0:0:0:0:1 - - [05/Feb/2018:23:12:05 +0100] "GET /img/news/01-full.jpg HTTP/1.1" 404 135
0:0:0:0:0:0:0:1 - - [05/Feb/2018:23:12:05 +0100] "GET /images/varimathras-guild1.png HTTP/1.1" 200 2008677
127.0.0.1 - - [05/Feb/2018:23:13:23 +0100] "GET /favicon-32x32.png HTTP/1.1" 404 306
127.0.0.1 - - [05/Feb/2018:23:13:23 +0100] "GET /favicon-32x32.png HTTP/1.1" 404 306
127.0.0.1 - - [05/Feb/2018:23:13:55 +0100] "GET /favicon-32x32.png HTTP/1.1" 404 306
127.0.0.1 - - [05/Feb/2018:23:14:05 +0100] "GET / HTTP/1.1" 200 31643
127.0.0.1 - - [05/Feb/2018:23:14:05 +0100] "GET /js/main.js HTTP/1.1" 200 1236
0:0:0:0:0:0:0:1 - - [05/Feb/2018:23:14:05 +0100] "GET /css/discord.css HTTP/1.1" 200 219
0:0:0:0:0:0:0:1 - - [05/Feb/2018:23:14:05 +0100] "GET /css/modal.css HTTP/1.1" 200 3213
0:0:0:0:0:0:0:1 - - [05/Feb/2018:23:14:05 +0100] "GET /css/style.css HTTP/1.1" 200 3206
0:0:0:0:0:0:0:1 - - [05/Feb/2018:23:14:05 +0100] "GET /images/tabard.png HTTP/1.1" 200 65088
0:0:0:0:0:0:0:1 - - [05/Feb/2018:23:14:05 +0100] "GET /images/varimathras.png HTTP/1.1" 200 153048
0:0:0:0:0:0:0:1 - - [05/Feb/2018:23:14:05 +0100] "GET /images/kingaroth.png HTTP/1.1" 200 205312
0:0:0:0:0:0:0:1 - - [05/Feb/2018:23:14:05 +0100] "GET /images/tabard_main.png HTTP/1.1" 200 67432
0:0:0:0:0:0:0:1 - - [05/Feb/2018:23:14:05 +0100] "GET /images/classes/DeathKnight-Blood.jpg HTTP/1.1" 200 1071
0:0:0:0:0:0:0:1 - - [05/Feb/2018:23:14:05 +0100] "GET /images/classes/DeathKnight-Frost.jpg HTTP/1.1" 200 1145
0:0:0:0:0:0:0:1 - - [05/Feb/2018:23:14:05 +0100] "GET /images/classes/DeathKnight-Unholy.jpg HTTP/1.1" 200 1105
0:0:0:0:0:0:0:1 - - [05/Feb/2018:23:14:05 +0100] "GET /images/varimathras-guild1.png HTTP/1.1" 200 2008677
0:0:0:0:0:0:0:1 - - [05/Feb/2018:23:14:05 +0100] "GET /images/wowanalyzer.png HTTP/1.1" 200 140597
0:0:0:0:0:0:0:1 - - [05/Feb/2018:23:14:05 +0100] "GET /images/wowanalyzer.png HTTP/1.1" 200 140597
0:0:0:0:0:0:0:1 - - [05/Feb/2018:23:14:05 +0100] "GET /img/news/01-full.jpg HTTP/1.1" 404 135
0:0:0:0:0:0:0:1 - - [05/Feb/2018:23:14:05 +0100] "GET /imgages/emerald.jpg HTTP/1.1" 404 134
0:0:0:0:0:0:0:1 - - [05/Feb/2018:23:14:05 +0100] "GET /images/banner.png HTTP/1.1" 200 814089
0:0:0:0:0:0:0:1 - - [05/Feb/2018:23:15:02 +0100] "GET / HTTP/1.1" 200 31663
0:0:0:0:0:0:0:1 - - [05/Feb/2018:23:15:02 +0100] "GET /css/style.css HTTP/1.1" 200 3206
0:0:0:0:0:0:0:1 - - [05/Feb/2018:23:15:02 +0100] "GET /js/main.js HTTP/1.1" 200 1236
127.0.0.1 - - [05/Feb/2018:23:15:02 +0100] "GET /css/modal.css HTTP/1.1" 200 3213
0:0:0:0:0:0:0:1 - - [05/Feb/2018:23:15:02 +0100] "GET /css/discord.css HTTP/1.1" 200 219
0:0:0:0:0:0:0:1 - - [05/Feb/2018:23:15:02 +0100] "GET /images/tabard.png HTTP/1.1" 200 65088
0:0:0:0:0:0:0:1 - - [05/Feb/2018:23:15:02 +0100] "GET /images/varimathras.png HTTP/1.1" 200 153048
0:0:0:0:0:0:0:1 - - [05/Feb/2018:23:15:02 +0100] "GET /images/kingaroth.png HTTP/1.1" 200 205312
0:0:0:0:0:0:0:1 - - [05/Feb/2018:23:15:02 +0100] "GET /images/tabard_main.png HTTP/1.1" 200 67432
0:0:0:0:0:0:0:1 - - [05/Feb/2018:23:15:02 +0100] "GET /images/classes/DeathKnight-Blood.jpg HTTP/1.1" 200 1071
0:0:0:0:0:0:0:1 - - [05/Feb/2018:23:15:02 +0100] "GET /images/classes/DeathKnight-Frost.jpg HTTP/1.1" 200 1145
0:0:0:0:0:0:0:1 - - [05/Feb/2018:23:15:02 +0100] "GET /images/classes/DeathKnight-Unholy.jpg HTTP/1.1" 200 1105
0:0:0:0:0:0:0:1 - - [05/Feb/2018:23:15:03 +0100] "GET /images/wowanalyzer.png HTTP/1.1" 200 140597
0:0:0:0:0:0:0:1 - - [05/Feb/2018:23:15:03 +0100] "GET /images/banner.png HTTP/1.1" 200 814089
0:0:0:0:0:0:0:1 - - [05/Feb/2018:23:15:03 +0100] "GET /imgages/emerald.jpg HTTP/1.1" 404 134
127.0.0.1 - - [05/Feb/2018:23:15:03 +0100] "GET /img/news/01-full.jpg HTTP/1.1" 404 135
0:0:0:0:0:0:0:1 - - [05/Feb/2018:23:15:03 +0100] "GET /images/varimathras-guild1.png HTTP/1.1" 200 2008677
0:0:0:0:0:0:0:1 - - [05/Feb/2018:23:27:12 +0100] "GET / HTTP/1.1" 200 31663
0:0:0:0:0:0:0:1 - - [05/Feb/2018:23:27:12 +0100] "GET /js/main.js HTTP/1.1" 200 1236
0:0:0:0:0:0:0:1 - - [05/Feb/2018:23:27:12 +0100] "GET /css/modal.css HTTP/1.1" 200 3213
0:0:0:0:0:0:0:1 - - [05/Feb/2018:23:27:12 +0100] "GET /css/discord.css HTTP/1.1" 200 219
0:0:0:0:0:0:0:1 - - [05/Feb/2018:23:27:12 +0100] "GET /css/style.css HTTP/1.1" 200 3206
0:0:0:0:0:0:0:1 - - [05/Feb/2018:23:27:12 +0100] "GET /images/tabard.png HTTP/1.1" 200 65088
0:0:0:0:0:0:0:1 - - [05/Feb/2018:23:27:12 +0100] "GET /images/varimathras.png HTTP/1.1" 200 153048
0:0:0:0:0:0:0:1 - - [05/Feb/2018:23:27:12 +0100] "GET /images/kingaroth.png HTTP/1.1" 200 205312
0:0:0:0:0:0:0:1 - - [05/Feb/2018:23:27:12 +0100] "GET /images/tabard_main.png HTTP/1.1" 200 67432
0:0:0:0:0:0:0:1 - - [05/Feb/2018:23:27:12 +0100] "GET /images/classes/DeathKnight-Blood.jpg HTTP/1.1" 200 1071
0:0:0:0:0:0:0:1 - - [05/Feb/2018:23:27:12 +0100] "GET /images/classes/DeathKnight-Frost.jpg HTTP/1.1" 200 1145
0:0:0:0:0:0:0:1 - - [05/Feb/2018:23:27:12 +0100] "GET /images/classes/DeathKnight-Unholy.jpg HTTP/1.1" 200 1105
0:0:0:0:0:0:0:1 - - [05/Feb/2018:23:27:12 +0100] "GET /images/varimathras-guild1.png HTTP/1.1" 200 2008677
0:0:0:0:0:0:0:1 - - [05/Feb/2018:23:27:13 +0100] "GET /images/wowanalyzer.png HTTP/1.1" 200 140597
0:0:0:0:0:0:0:1 - - [05/Feb/2018:23:27:13 +0100] "GET /img/news/01-full.jpg HTTP/1.1" 404 135
0:0:0:0:0:0:0:1 - - [05/Feb/2018:23:27:13 +0100] "GET /imgages/emerald.jpg HTTP/1.1" 404 134
0:0:0:0:0:0:0:1 - - [05/Feb/2018:23:27:13 +0100] "GET /images/banner.png HTTP/1.1" 200 814089
0:0:0:0:0:0:0:1 - - [05/Feb/2018:23:28:55 +0100] "GET / HTTP/1.1" 200 31759
0:0:0:0:0:0:0:1 - - [05/Feb/2018:23:28:55 +0100] "GET /css/style.css HTTP/1.1" 200 3206
0:0:0:0:0:0:0:1 - - [05/Feb/2018:23:28:55 +0100] "GET /js/main.js HTTP/1.1" 200 1236
0:0:0:0:0:0:0:1 - - [05/Feb/2018:23:28:55 +0100] "GET /css/discord.css HTTP/1.1" 200 219
0:0:0:0:0:0:0:1 - - [05/Feb/2018:23:28:55 +0100] "GET /css/modal.css HTTP/1.1" 200 3213
0:0:0:0:0:0:0:1 - - [05/Feb/2018:23:28:55 +0100] "GET /images/tabard.png HTTP/1.1" 200 65088
0:0:0:0:0:0:0:1 - - [05/Feb/2018:23:28:55 +0100] "GET /images/varimathras.png HTTP/1.1" 200 153048
0:0:0:0:0:0:0:1 - - [05/Feb/2018:23:28:55 +0100] "GET /images/kingaroth.png HTTP/1.1" 200 205312
0:0:0:0:0:0:0:1 - - [05/Feb/2018:23:28:55 +0100] "GET /images/tabard_main.png HTTP/1.1" 200 67432
0:0:0:0:0:0:0:1 - - [05/Feb/2018:23:28:55 +0100] "GET /images/classes/DeathKnight-Blood.jpg HTTP/1.1" 200 1071
0:0:0:0:0:0:0:1 - - [05/Feb/2018:23:28:55 +0100] "GET /images/classes/DeathKnight-Frost.jpg HTTP/1.1" 200 1145
0:0:0:0:0:0:0:1 - - [05/Feb/2018:23:28:55 +0100] "GET /images/classes/DeathKnight-Unholy.jpg HTTP/1.1" 200 1105
0:0:0:0:0:0:0:1 - - [05/Feb/2018:23:28:56 +0100] "GET /images/varimathras-guild1.png HTTP/1.1" 200 2008677
0:0:0:0:0:0:0:1 - - [05/Feb/2018:23:28:56 +0100] "GET /images/wowanalyzer.png HTTP/1.1" 200 140597
0:0:0:0:0:0:0:1 - - [05/Feb/2018:23:28:56 +0100] "GET /imgages/emerald.jpg HTTP/1.1" 404 134
0:0:0:0:0:0:0:1 - - [05/Feb/2018:23:28:56 +0100] "GET /img/news/01-full.jpg HTTP/1.1" 404 135
0:0:0:0:0:0:0:1 - - [05/Feb/2018:23:28:56 +0100] "GET /images/banner.png HTTP/1.1" 200 814089
0:0:0:0:0:0:0:1 - - [05/Feb/2018:23:28:59 +0100] "GET /images/favicon-32x32.png HTTP/1.1" 200 2719
0:0:0:0:0:0:0:1 - - [05/Feb/2018:23:29:45 +0100] "GET / HTTP/1.1" 200 31768
0:0:0:0:0:0:0:1 - - [05/Feb/2018:23:29:46 +0100] "GET /css/discord.css HTTP/1.1" 200 219
127.0.0.1 - - [05/Feb/2018:23:29:46 +0100] "GET /css/modal.css HTTP/1.1" 200 3213
0:0:0:0:0:0:0:1 - - [05/Feb/2018:23:29:46 +0100] "GET /css/style.css HTTP/1.1" 200 3206
0:0:0:0:0:0:0:1 - - [05/Feb/2018:23:29:46 +0100] "GET /js/main.js HTTP/1.1" 200 1236
0:0:0:0:0:0:0:1 - - [05/Feb/2018:23:29:46 +0100] "GET /images/tabard.png HTTP/1.1" 200 65088
0:0:0:0:0:0:0:1 - - [05/Feb/2018:23:29:46 +0100] "GET /images/varimathras.png HTTP/1.1" 200 153048
0:0:0:0:0:0:0:1 - - [05/Feb/2018:23:29:46 +0100] "GET /images/kingaroth.png HTTP/1.1" 200 205312
0:0:0:0:0:0:0:1 - - [05/Feb/2018:23:29:46 +0100] "GET /images/tabard_main.png HTTP/1.1" 200 67432
0:0:0:0:0:0:0:1 - - [05/Feb/2018:23:29:46 +0100] "GET /images/classes/DeathKnight-Blood.jpg HTTP/1.1" 200 1071
0:0:0:0:0:0:0:1 - - [05/Feb/2018:23:29:46 +0100] "GET /images/classes/DeathKnight-Frost.jpg HTTP/1.1" 200 1145
0:0:0:0:0:0:0:1 - - [05/Feb/2018:23:29:46 +0100] "GET /images/classes/DeathKnight-Unholy.jpg HTTP/1.1" 200 1105
0:0:0:0:0:0:0:1 - - [05/Feb/2018:23:29:46 +0100] "GET /images/wowanalyzer.png HTTP/1.1" 200 140597
0:0:0:0:0:0:0:1 - - [05/Feb/2018:23:29:46 +0100] "GET /images/banner.png HTTP/1.1" 200 814089
0:0:0:0:0:0:0:1 - - [05/Feb/2018:23:29:46 +0100] "GET /imgages/emerald.jpg HTTP/1.1" 404 134
127.0.0.1 - - [05/Feb/2018:23:29:46 +0100] "GET /img/news/01-full.jpg HTTP/1.1" 404 135
0:0:0:0:0:0:0:1 - - [05/Feb/2018:23:29:47 +0100] "GET /images/varimathras-guild1.png HTTP/1.1" 200 2008677
0:0:0:0:0:0:0:1 - - [05/Feb/2018:23:34:34 +0100] "GET / HTTP/1.1" 200 31768
0:0:0:0:0:0:0:1 - - [05/Feb/2018:23:34:34 +0100] "GET /css/style.css HTTP/1.1" 200 3247
0:0:0:0:0:0:0:1 - - [05/Feb/2018:23:34:34 +0100] "GET /css/discord.css HTTP/1.1" 200 219
0:0:0:0:0:0:0:1 - - [05/Feb/2018:23:34:34 +0100] "GET /js/main.js HTTP/1.1" 200 1236
0:0:0:0:0:0:0:1 - - [05/Feb/2018:23:34:34 +0100] "GET /css/modal.css HTTP/1.1" 200 3213
0:0:0:0:0:0:0:1 - - [05/Feb/2018:23:34:34 +0100] "GET /images/tabard.png HTTP/1.1" 200 65088
0:0:0:0:0:0:0:1 - - [05/Feb/2018:23:34:34 +0100] "GET /images/varimathras.png HTTP/1.1" 200 153048
0:0:0:0:0:0:0:1 - - [05/Feb/2018:23:34:34 +0100] "GET /images/kingaroth.png HTTP/1.1" 200 205312
0:0:0:0:0:0:0:1 - - [05/Feb/2018:23:34:34 +0100] "GET /images/tabard_main.png HTTP/1.1" 200 67432
0:0:0:0:0:0:0:1 - - [05/Feb/2018:23:34:34 +0100] "GET /images/classes/DeathKnight-Blood.jpg HTTP/1.1" 200 1071
0:0:0:0:0:0:0:1 - - [05/Feb/2018:23:34:34 +0100] "GET /images/classes/DeathKnight-Frost.jpg HTTP/1.1" 200 1145
0:0:0:0:0:0:0:1 - - [05/Feb/2018:23:34:34 +0100] "GET /images/classes/DeathKnight-Unholy.jpg HTTP/1.1" 200 1105
0:0:0:0:0:0:0:1 - - [05/Feb/2018:23:34:34 +0100] "GET /images/wowanalyzer.png HTTP/1.1" 200 140597
0:0:0:0:0:0:0:1 - - [05/Feb/2018:23:34:34 +0100] "GET /images/banner.png HTTP/1.1" 200 814089
0:0:0:0:0:0:0:1 - - [05/Feb/2018:23:34:34 +0100] "GET /imgages/emerald.jpg HTTP/1.1" 404 134
0:0:0:0:0:0:0:1 - - [05/Feb/2018:23:34:34 +0100] "GET /img/news/01-full.jpg HTTP/1.1" 404 135
0:0:0:0:0:0:0:1 - - [05/Feb/2018:23:34:34 +0100] "GET /images/varimathras-guild1.png HTTP/1.1" 200 2008677
0:0:0:0:0:0:0:1 - - [05/Feb/2018:23:40:05 +0100] "GET / HTTP/1.1" 200 32531
0:0:0:0:0:0:0:1 - - [05/Feb/2018:23:40:06 +0100] "GET /css/style.css HTTP/1.1" 200 3247
0:0:0:0:0:0:0:1 - - [05/Feb/2018:23:40:06 +0100] "GET /css/discord.css HTTP/1.1" 200 219
0:0:0:0:0:0:0:1 - - [05/Feb/2018:23:40:06 +0100] "GET /css/modal.css HTTP/1.1" 200 3213
0:0:0:0:0:0:0:1 - - [05/Feb/2018:23:40:06 +0100] "GET /js/main.js HTTP/1.1" 200 1236
0:0:0:0:0:0:0:1 - - [05/Feb/2018:23:40:06 +0100] "GET /images/tabard.png HTTP/1.1" 200 65088
0:0:0:0:0:0:0:1 - - [05/Feb/2018:23:40:06 +0100] "GET /images/varimathras.png HTTP/1.1" 200 153048
0:0:0:0:0:0:0:1 - - [05/Feb/2018:23:40:06 +0100] "GET /images/kingaroth.png HTTP/1.1" 200 205312
0:0:0:0:0:0:0:1 - - [05/Feb/2018:23:40:06 +0100] "GET /images/tabard_main.png HTTP/1.1" 200 67432
0:0:0:0:0:0:0:1 - - [05/Feb/2018:23:40:06 +0100] "GET /images/classes/DeathKnight-Blood.jpg HTTP/1.1" 200 1071
0:0:0:0:0:0:0:1 - - [05/Feb/2018:23:40:06 +0100] "GET /images/classes/DeathKnight-Frost.jpg HTTP/1.1" 200 1145
0:0:0:0:0:0:0:1 - - [05/Feb/2018:23:40:06 +0100] "GET /images/classes/DeathKnight-Unholy.jpg HTTP/1.1" 200 1105
0:0:0:0:0:0:0:1 - - [05/Feb/2018:23:40:06 +0100] "GET /images/classes/DemonHunter-Havoc.jpg HTTP/1.1" 200 977
0:0:0:0:0:0:0:1 - - [05/Feb/2018:23:40:06 +0100] "GET /images/classes/DemonHunter-Vengeance.jpg HTTP/1.1" 200 1133
0:0:0:0:0:0:0:1 - - [05/Feb/2018:23:40:06 +0100] "GET /images/classes/Druid-Balance.jpg HTTP/1.1" 200 973
0:0:0:0:0:0:0:1 - - [05/Feb/2018:23:40:06 +0100] "GET /images/classes/Druid-Feral.jpg HTTP/1.1" 200 1080
0:0:0:0:0:0:0:1 - - [05/Feb/2018:23:40:06 +0100] "GET /images/classes/Druid-Guardian.jpg HTTP/1.1" 200 1040
0:0:0:0:0:0:0:1 - - [05/Feb/2018:23:40:06 +0100] "GET /images/wowanalyzer.png HTTP/1.1" 200 140597
0:0:0:0:0:0:0:1 - - [05/Feb/2018:23:40:06 +0100] "GET /images/banner.png HTTP/1.1" 200 814089
0:0:0:0:0:0:0:1 - - [05/Feb/2018:23:40:06 +0100] "GET /imgages/emerald.jpg HTTP/1.1" 404 134
0:0:0:0:0:0:0:1 - - [05/Feb/2018:23:40:06 +0100] "GET /img/news/01-full.jpg HTTP/1.1" 404 135
0:0:0:0:0:0:0:1 - - [05/Feb/2018:23:40:06 +0100] "GET /images/varimathras-guild1.png HTTP/1.1" 200 2008677
